

================================================================
== Vivado HLS Report for 'Block_TOP_fuct_memin'
================================================================
* Date:           Sat Jun  4 16:23:22 2022

* Version:        2018.3 (Build 2405991 on Thu Dec 06 23:56:15 MST 2018)
* Project:        Sobel_SkLines
* Solution:       solution1
* Product family: zynquplus
* Target device:  xczu9eg-ffvb1156-2-i


================================================================
== Performance Estimates
================================================================
+ Timing (ns): 
    * Summary: 
    +--------+-------+----------+------------+
    |  Clock | Target| Estimated| Uncertainty|
    +--------+-------+----------+------------+
    |ap_clk  |  10.00|     3.676|        1.25|
    +--------+-------+----------+------------+

+ Latency (clock cycles): 
    * Summary: 
    +-----+-----+-----+-----+---------+
    |  Latency  |  Interval | Pipeline|
    | min | max | min | max |   Type  |
    +-----+-----+-----+-----+---------+
    |    0|    0|    0|    0|   none  |
    +-----+-----+-----+-----+---------+

    + Detail: 
        * Instance: 
        N/A

        * Loop: 
        N/A

============================================================
+ Verbose Summary: Synthesis Manager
============================================================
InlineROM: 1
ExposeGlobal: 0
============================================================
+ Verbose Summary: CDFG Model
============================================================
IsTopModel: 0
ResetActiveHigh: 1
IsCombinational: 2
IsDatapathOnly: 0
HasWiredReturn: 1
HasMFsm: 0
HasVarLatency: 0
IsPipeline: 0
IsRtlPipelined: 0
IsInstanceOverlapped: 0
IsDontTouch: 0
HasImplIP: 0
IsGatedGlobalClock: 0


============================================================
+ Verbose Summary: Schedule
============================================================
* Number of FSM states : 1
* Pipeline : 0
* Dataflow Pipeline: 0

* FSM state transitions: 
1 --> 

* FSM state operations: 

State 1 <SV = 0> <Delay = 3.67>
ST_1 : Operation 2 [1/1] (0.00ns)   --->   "call void (...)* @_ssdm_op_SpecInterface(i10* %ImgGry_Ovlaycz_cols_V_out, [8 x i8]* @ap_fifo_str, i32 0, i32 0, [1 x i8]* @p_str, i32 0, i32 0, [1 x i8]* @p_str, [1 x i8]* @p_str, [1 x i8]* @p_str, i32 2, i32 2, i32 16, i32 16, [1 x i8]* @p_str, [1 x i8]* @p_str)"   --->   Operation 2 'specinterface' <Predicate = true> <Delay = 0.00>
ST_1 : Operation 3 [1/1] (0.00ns)   --->   "call void (...)* @_ssdm_op_SpecInterface(i9* %ImgGry_Ovlaycz_rows_V_out, [8 x i8]* @ap_fifo_str, i32 0, i32 0, [1 x i8]* @p_str, i32 0, i32 0, [1 x i8]* @p_str, [1 x i8]* @p_str, [1 x i8]* @p_str, i32 2, i32 2, i32 16, i32 16, [1 x i8]* @p_str, [1 x i8]* @p_str)"   --->   Operation 3 'specinterface' <Predicate = true> <Delay = 0.00>
ST_1 : Operation 4 [1/1] (0.00ns)   --->   "call void (...)* @_ssdm_op_SpecInterface(i10* %ImgGry_Threh_cz_cols_V_out, [8 x i8]* @ap_fifo_str, i32 0, i32 0, [1 x i8]* @p_str, i32 0, i32 0, [1 x i8]* @p_str, [1 x i8]* @p_str, [1 x i8]* @p_str, i32 2, i32 2, i32 16, i32 16, [1 x i8]* @p_str, [1 x i8]* @p_str)"   --->   Operation 4 'specinterface' <Predicate = true> <Delay = 0.00>
ST_1 : Operation 5 [1/1] (0.00ns)   --->   "call void (...)* @_ssdm_op_SpecInterface(i9* %ImgGry_Threh_cz_rows_V_out, [8 x i8]* @ap_fifo_str, i32 0, i32 0, [1 x i8]* @p_str, i32 0, i32 0, [1 x i8]* @p_str, [1 x i8]* @p_str, [1 x i8]* @p_str, i32 2, i32 2, i32 16, i32 16, [1 x i8]* @p_str, [1 x i8]* @p_str)"   --->   Operation 5 'specinterface' <Predicate = true> <Delay = 0.00>
ST_1 : Operation 6 [1/1] (0.00ns)   --->   "call void (...)* @_ssdm_op_SpecInterface(i10* %ImgGry_Threh_sp_cols_V_out, [8 x i8]* @ap_fifo_str, i32 0, i32 0, [1 x i8]* @p_str, i32 0, i32 0, [1 x i8]* @p_str, [1 x i8]* @p_str, [1 x i8]* @p_str, i32 2, i32 2, i32 16, i32 16, [1 x i8]* @p_str, [1 x i8]* @p_str)"   --->   Operation 6 'specinterface' <Predicate = true> <Delay = 0.00>
ST_1 : Operation 7 [1/1] (0.00ns)   --->   "call void (...)* @_ssdm_op_SpecInterface(i9* %ImgGry_Threh_sp_rows_V_out, [8 x i8]* @ap_fifo_str, i32 0, i32 0, [1 x i8]* @p_str, i32 0, i32 0, [1 x i8]* @p_str, [1 x i8]* @p_str, [1 x i8]* @p_str, i32 2, i32 2, i32 16, i32 16, [1 x i8]* @p_str, [1 x i8]* @p_str)"   --->   Operation 7 'specinterface' <Predicate = true> <Delay = 0.00>
ST_1 : Operation 8 [1/1] (0.00ns)   --->   "call void (...)* @_ssdm_op_SpecInterface(i10* %ImgGry_Datcop_cols_V_out, [8 x i8]* @ap_fifo_str, i32 0, i32 0, [1 x i8]* @p_str, i32 0, i32 0, [1 x i8]* @p_str, [1 x i8]* @p_str, [1 x i8]* @p_str, i32 2, i32 2, i32 16, i32 16, [1 x i8]* @p_str, [1 x i8]* @p_str)"   --->   Operation 8 'specinterface' <Predicate = true> <Delay = 0.00>
ST_1 : Operation 9 [1/1] (0.00ns)   --->   "call void (...)* @_ssdm_op_SpecInterface(i9* %ImgGry_Datcop_rows_V_out, [8 x i8]* @ap_fifo_str, i32 0, i32 0, [1 x i8]* @p_str, i32 0, i32 0, [1 x i8]* @p_str, [1 x i8]* @p_str, [1 x i8]* @p_str, i32 2, i32 2, i32 16, i32 16, [1 x i8]* @p_str, [1 x i8]* @p_str)"   --->   Operation 9 'specinterface' <Predicate = true> <Delay = 0.00>
ST_1 : Operation 10 [1/1] (0.00ns)   --->   "call void (...)* @_ssdm_op_SpecInterface(i32* %ImgGry_Datsrc_cols_V_out, [8 x i8]* @ap_fifo_str, i32 0, i32 0, [1 x i8]* @p_str, i32 0, i32 0, [1 x i8]* @p_str, [1 x i8]* @p_str, [1 x i8]* @p_str, i32 2, i32 2, i32 16, i32 16, [1 x i8]* @p_str, [1 x i8]* @p_str)"   --->   Operation 10 'specinterface' <Predicate = true> <Delay = 0.00>
ST_1 : Operation 11 [1/1] (0.00ns)   --->   "call void (...)* @_ssdm_op_SpecInterface(i32* %ImgGry_Datsrc_rows_V_out, [8 x i8]* @ap_fifo_str, i32 0, i32 0, [1 x i8]* @p_str, i32 0, i32 0, [1 x i8]* @p_str, [1 x i8]* @p_str, [1 x i8]* @p_str, i32 2, i32 2, i32 16, i32 16, [1 x i8]* @p_str, [1 x i8]* @p_str)"   --->   Operation 11 'specinterface' <Predicate = true> <Delay = 0.00>
ST_1 : Operation 12 [1/1] (0.00ns)   --->   "call void (...)* @_ssdm_op_SpecInterface(i32* %ImgRgb_Datsrc_cols_V_out, [8 x i8]* @ap_fifo_str, i32 0, i32 0, [1 x i8]* @p_str, i32 0, i32 0, [1 x i8]* @p_str, [1 x i8]* @p_str, [1 x i8]* @p_str, i32 2, i32 2, i32 16, i32 16, [1 x i8]* @p_str, [1 x i8]* @p_str)"   --->   Operation 12 'specinterface' <Predicate = true> <Delay = 0.00>
ST_1 : Operation 13 [1/1] (0.00ns)   --->   "call void (...)* @_ssdm_op_SpecInterface(i32* %ImgRgb_Datsrc_rows_V_out, [8 x i8]* @ap_fifo_str, i32 0, i32 0, [1 x i8]* @p_str, i32 0, i32 0, [1 x i8]* @p_str, [1 x i8]* @p_str, [1 x i8]* @p_str, i32 2, i32 2, i32 16, i32 16, [1 x i8]* @p_str, [1 x i8]* @p_str)"   --->   Operation 13 'specinterface' <Predicate = true> <Delay = 0.00>
ST_1 : Operation 14 [1/1] (0.00ns)   --->   "call void (...)* @_ssdm_op_SpecInterface(i32* %cols, [8 x i8]* @ap_fifo_str, i32 0, i32 0, [1 x i8]* @p_str, i32 0, i32 0, [1 x i8]* @p_str, [1 x i8]* @p_str, [1 x i8]* @p_str, i32 2, i32 2, i32 16, i32 16, [1 x i8]* @p_str, [11 x i8]* @ScalarProp_str)"   --->   Operation 14 'specinterface' <Predicate = true> <Delay = 0.00>
ST_1 : Operation 15 [1/1] (0.00ns)   --->   "call void (...)* @_ssdm_op_SpecInterface(i32* %rows, [8 x i8]* @ap_fifo_str, i32 0, i32 0, [1 x i8]* @p_str, i32 0, i32 0, [1 x i8]* @p_str, [1 x i8]* @p_str, [1 x i8]* @p_str, i32 2, i32 2, i32 16, i32 16, [1 x i8]* @p_str, [11 x i8]* @ScalarProp_str)"   --->   Operation 15 'specinterface' <Predicate = true> <Delay = 0.00>
ST_1 : Operation 16 [1/1] (1.83ns)   --->   "%ImgGry_Datsrc_b_rows = call i32 @_ssdm_op_Read.ap_fifo.i32P(i32* %rows)"   --->   Operation 16 'read' 'ImgGry_Datsrc_b_rows' <Predicate = true> <Delay = 1.83> <Core = "FIFO">   --->   Core 32 'FIFO' <Latency = 0> <II = 1> <Delay = 1.83> <Storage> <Opcode : 'read' 'write' 'nbread' 'nbwrite'> <Ports = 0> <Width = 10> <Depth = 2> <FIFO>
ST_1 : Operation 17 [1/1] (1.83ns)   --->   "%ImgGry_Datsrc_b_cols = call i32 @_ssdm_op_Read.ap_fifo.i32P(i32* %cols)"   --->   Operation 17 'read' 'ImgGry_Datsrc_b_cols' <Predicate = true> <Delay = 1.83> <Core = "FIFO">   --->   Core 32 'FIFO' <Latency = 0> <II = 1> <Delay = 1.83> <Storage> <Opcode : 'read' 'write' 'nbread' 'nbwrite'> <Ports = 0> <Width = 10> <Depth = 2> <FIFO>
ST_1 : Operation 18 [1/1] (0.00ns)   --->   "call void (...)* @_ssdm_op_SpecInterface(i32* %rows_out, [8 x i8]* @ap_fifo_str, i32 0, i32 0, [1 x i8]* @p_str, i32 0, i32 0, [1 x i8]* @p_str, [1 x i8]* @p_str, [1 x i8]* @p_str, i32 2, i32 2, i32 16, i32 16, [1 x i8]* @p_str, [11 x i8]* @ScalarProp_str)"   --->   Operation 18 'specinterface' <Predicate = true> <Delay = 0.00>
ST_1 : Operation 19 [1/1] (1.83ns)   --->   "call void @_ssdm_op_Write.ap_fifo.i32P(i32* %rows_out, i32 %ImgGry_Datsrc_b_rows)"   --->   Operation 19 'write' <Predicate = true> <Delay = 1.83> <Core = "FIFO">   --->   Core 32 'FIFO' <Latency = 0> <II = 1> <Delay = 1.83> <Storage> <Opcode : 'read' 'write' 'nbread' 'nbwrite'> <Ports = 0> <Width = 10> <Depth = 2> <FIFO>
ST_1 : Operation 20 [1/1] (0.00ns)   --->   "call void (...)* @_ssdm_op_SpecInterface(i32* %cols_out, [8 x i8]* @ap_fifo_str, i32 0, i32 0, [1 x i8]* @p_str, i32 0, i32 0, [1 x i8]* @p_str, [1 x i8]* @p_str, [1 x i8]* @p_str, i32 2, i32 2, i32 16, i32 16, [1 x i8]* @p_str, [11 x i8]* @ScalarProp_str)"   --->   Operation 20 'specinterface' <Predicate = true> <Delay = 0.00>
ST_1 : Operation 21 [1/1] (1.83ns)   --->   "call void @_ssdm_op_Write.ap_fifo.i32P(i32* %cols_out, i32 %ImgGry_Datsrc_b_cols)"   --->   Operation 21 'write' <Predicate = true> <Delay = 1.83> <Core = "FIFO">   --->   Core 32 'FIFO' <Latency = 0> <II = 1> <Delay = 1.83> <Storage> <Opcode : 'read' 'write' 'nbread' 'nbwrite'> <Ports = 0> <Width = 10> <Depth = 2> <FIFO>
ST_1 : Operation 22 [1/1] (1.83ns)   --->   "call void @_ssdm_op_Write.ap_fifo.i32P(i32* %ImgRgb_Datsrc_rows_V_out, i32 %ImgGry_Datsrc_b_rows)" [D:/xilinx/Vivado/2018.3/common/technology/autopilot/hls/hls_video_core.h:656->D:/xilinx/Vivado/2018.3/common/technology/autopilot/hls/hls_video_core.h:642->D:/xilinx/Vivado/2018.3/common/technology/autopilot/hls/hls_video_core.h:643->Sobel_SkLines/src/TOP_fuct.cpp:43]   --->   Operation 22 'write' <Predicate = true> <Delay = 1.83> <Core = "FIFO">   --->   Core 32 'FIFO' <Latency = 0> <II = 1> <Delay = 1.83> <Storage> <Opcode : 'read' 'write' 'nbread' 'nbwrite'> <Ports = 0> <Width = 10> <Depth = 2> <FIFO>
ST_1 : Operation 23 [1/1] (1.83ns)   --->   "call void @_ssdm_op_Write.ap_fifo.i32P(i32* %ImgRgb_Datsrc_cols_V_out, i32 %ImgGry_Datsrc_b_cols)" [D:/xilinx/Vivado/2018.3/common/technology/autopilot/hls/hls_video_core.h:657->D:/xilinx/Vivado/2018.3/common/technology/autopilot/hls/hls_video_core.h:642->D:/xilinx/Vivado/2018.3/common/technology/autopilot/hls/hls_video_core.h:643->Sobel_SkLines/src/TOP_fuct.cpp:43]   --->   Operation 23 'write' <Predicate = true> <Delay = 1.83> <Core = "FIFO">   --->   Core 32 'FIFO' <Latency = 0> <II = 1> <Delay = 1.83> <Storage> <Opcode : 'read' 'write' 'nbread' 'nbwrite'> <Ports = 0> <Width = 10> <Depth = 2> <FIFO>
ST_1 : Operation 24 [1/1] (1.83ns)   --->   "call void @_ssdm_op_Write.ap_fifo.i32P(i32* %ImgGry_Datsrc_rows_V_out, i32 %ImgGry_Datsrc_b_rows)" [D:/xilinx/Vivado/2018.3/common/technology/autopilot/hls/hls_video_core.h:656->D:/xilinx/Vivado/2018.3/common/technology/autopilot/hls/hls_video_core.h:642->D:/xilinx/Vivado/2018.3/common/technology/autopilot/hls/hls_video_core.h:643->Sobel_SkLines/src/TOP_fuct.cpp:45]   --->   Operation 24 'write' <Predicate = true> <Delay = 1.83> <Core = "FIFO">   --->   Core 32 'FIFO' <Latency = 0> <II = 1> <Delay = 1.83> <Storage> <Opcode : 'read' 'write' 'nbread' 'nbwrite'> <Ports = 0> <Width = 10> <Depth = 2> <FIFO>
ST_1 : Operation 25 [1/1] (1.83ns)   --->   "call void @_ssdm_op_Write.ap_fifo.i32P(i32* %ImgGry_Datsrc_cols_V_out, i32 %ImgGry_Datsrc_b_cols)" [D:/xilinx/Vivado/2018.3/common/technology/autopilot/hls/hls_video_core.h:657->D:/xilinx/Vivado/2018.3/common/technology/autopilot/hls/hls_video_core.h:642->D:/xilinx/Vivado/2018.3/common/technology/autopilot/hls/hls_video_core.h:643->Sobel_SkLines/src/TOP_fuct.cpp:45]   --->   Operation 25 'write' <Predicate = true> <Delay = 1.83> <Core = "FIFO">   --->   Core 32 'FIFO' <Latency = 0> <II = 1> <Delay = 1.83> <Storage> <Opcode : 'read' 'write' 'nbread' 'nbwrite'> <Ports = 0> <Width = 10> <Depth = 2> <FIFO>
ST_1 : Operation 26 [1/1] (1.83ns)   --->   "call void @_ssdm_op_Write.ap_fifo.i9P(i9* %ImgGry_Datcop_rows_V_out, i9 180)" [D:/xilinx/Vivado/2018.3/common/technology/autopilot/hls/hls_video_core.h:656->D:/xilinx/Vivado/2018.3/common/technology/autopilot/hls/hls_video_core.h:642->D:/xilinx/Vivado/2018.3/common/technology/autopilot/hls/hls_video_core.h:643->Sobel_SkLines/src/TOP_fuct.cpp:48]   --->   Operation 26 'write' <Predicate = true> <Delay = 1.83> <Core = "FIFO">   --->   Core 32 'FIFO' <Latency = 0> <II = 1> <Delay = 1.83> <Storage> <Opcode : 'read' 'write' 'nbread' 'nbwrite'> <Ports = 0> <Width = 10> <Depth = 2> <FIFO>
ST_1 : Operation 27 [1/1] (1.83ns)   --->   "call void @_ssdm_op_Write.ap_fifo.i10P(i10* %ImgGry_Datcop_cols_V_out, i10 290)" [D:/xilinx/Vivado/2018.3/common/technology/autopilot/hls/hls_video_core.h:657->D:/xilinx/Vivado/2018.3/common/technology/autopilot/hls/hls_video_core.h:642->D:/xilinx/Vivado/2018.3/common/technology/autopilot/hls/hls_video_core.h:643->Sobel_SkLines/src/TOP_fuct.cpp:48]   --->   Operation 27 'write' <Predicate = true> <Delay = 1.83> <Core = "FIFO">   --->   Core 32 'FIFO' <Latency = 0> <II = 1> <Delay = 1.83> <Storage> <Opcode : 'read' 'write' 'nbread' 'nbwrite'> <Ports = 0> <Width = 10> <Depth = 2> <FIFO>
ST_1 : Operation 28 [1/1] (1.83ns)   --->   "call void @_ssdm_op_Write.ap_fifo.i9P(i9* %ImgGry_Threh_sp_rows_V_out, i9 180)" [D:/xilinx/Vivado/2018.3/common/technology/autopilot/hls/hls_video_core.h:656->D:/xilinx/Vivado/2018.3/common/technology/autopilot/hls/hls_video_core.h:642->D:/xilinx/Vivado/2018.3/common/technology/autopilot/hls/hls_video_core.h:643->Sobel_SkLines/src/TOP_fuct.cpp:53]   --->   Operation 28 'write' <Predicate = true> <Delay = 1.83> <Core = "FIFO">   --->   Core 32 'FIFO' <Latency = 0> <II = 1> <Delay = 1.83> <Storage> <Opcode : 'read' 'write' 'nbread' 'nbwrite'> <Ports = 0> <Width = 10> <Depth = 2> <FIFO>
ST_1 : Operation 29 [1/1] (1.83ns)   --->   "call void @_ssdm_op_Write.ap_fifo.i10P(i10* %ImgGry_Threh_sp_cols_V_out, i10 290)" [D:/xilinx/Vivado/2018.3/common/technology/autopilot/hls/hls_video_core.h:657->D:/xilinx/Vivado/2018.3/common/technology/autopilot/hls/hls_video_core.h:642->D:/xilinx/Vivado/2018.3/common/technology/autopilot/hls/hls_video_core.h:643->Sobel_SkLines/src/TOP_fuct.cpp:53]   --->   Operation 29 'write' <Predicate = true> <Delay = 1.83> <Core = "FIFO">   --->   Core 32 'FIFO' <Latency = 0> <II = 1> <Delay = 1.83> <Storage> <Opcode : 'read' 'write' 'nbread' 'nbwrite'> <Ports = 0> <Width = 10> <Depth = 2> <FIFO>
ST_1 : Operation 30 [1/1] (1.83ns)   --->   "call void @_ssdm_op_Write.ap_fifo.i9P(i9* %ImgGry_Threh_cz_rows_V_out, i9 180)" [D:/xilinx/Vivado/2018.3/common/technology/autopilot/hls/hls_video_core.h:656->D:/xilinx/Vivado/2018.3/common/technology/autopilot/hls/hls_video_core.h:642->D:/xilinx/Vivado/2018.3/common/technology/autopilot/hls/hls_video_core.h:643->Sobel_SkLines/src/TOP_fuct.cpp:54]   --->   Operation 30 'write' <Predicate = true> <Delay = 1.83> <Core = "FIFO">   --->   Core 32 'FIFO' <Latency = 0> <II = 1> <Delay = 1.83> <Storage> <Opcode : 'read' 'write' 'nbread' 'nbwrite'> <Ports = 0> <Width = 10> <Depth = 2> <FIFO>
ST_1 : Operation 31 [1/1] (1.83ns)   --->   "call void @_ssdm_op_Write.ap_fifo.i10P(i10* %ImgGry_Threh_cz_cols_V_out, i10 290)" [D:/xilinx/Vivado/2018.3/common/technology/autopilot/hls/hls_video_core.h:657->D:/xilinx/Vivado/2018.3/common/technology/autopilot/hls/hls_video_core.h:642->D:/xilinx/Vivado/2018.3/common/technology/autopilot/hls/hls_video_core.h:643->Sobel_SkLines/src/TOP_fuct.cpp:54]   --->   Operation 31 'write' <Predicate = true> <Delay = 1.83> <Core = "FIFO">   --->   Core 32 'FIFO' <Latency = 0> <II = 1> <Delay = 1.83> <Storage> <Opcode : 'read' 'write' 'nbread' 'nbwrite'> <Ports = 0> <Width = 10> <Depth = 2> <FIFO>
ST_1 : Operation 32 [1/1] (1.83ns)   --->   "call void @_ssdm_op_Write.ap_fifo.i9P(i9* %ImgGry_Ovlaycz_rows_V_out, i9 180)" [D:/xilinx/Vivado/2018.3/common/technology/autopilot/hls/hls_video_core.h:656->D:/xilinx/Vivado/2018.3/common/technology/autopilot/hls/hls_video_core.h:642->D:/xilinx/Vivado/2018.3/common/technology/autopilot/hls/hls_video_core.h:643->Sobel_SkLines/src/TOP_fuct.cpp:56]   --->   Operation 32 'write' <Predicate = true> <Delay = 1.83> <Core = "FIFO">   --->   Core 32 'FIFO' <Latency = 0> <II = 1> <Delay = 1.83> <Storage> <Opcode : 'read' 'write' 'nbread' 'nbwrite'> <Ports = 0> <Width = 10> <Depth = 2> <FIFO>
ST_1 : Operation 33 [1/1] (1.83ns)   --->   "call void @_ssdm_op_Write.ap_fifo.i10P(i10* %ImgGry_Ovlaycz_cols_V_out, i10 290)" [D:/xilinx/Vivado/2018.3/common/technology/autopilot/hls/hls_video_core.h:657->D:/xilinx/Vivado/2018.3/common/technology/autopilot/hls/hls_video_core.h:642->D:/xilinx/Vivado/2018.3/common/technology/autopilot/hls/hls_video_core.h:643->Sobel_SkLines/src/TOP_fuct.cpp:56]   --->   Operation 33 'write' <Predicate = true> <Delay = 1.83> <Core = "FIFO">   --->   Core 32 'FIFO' <Latency = 0> <II = 1> <Delay = 1.83> <Storage> <Opcode : 'read' 'write' 'nbread' 'nbwrite'> <Ports = 0> <Width = 10> <Depth = 2> <FIFO>
ST_1 : Operation 34 [1/1] (0.00ns)   --->   "ret void"   --->   Operation 34 'ret' <Predicate = true> <Delay = 0.00>


============================================================
+ Verbose Summary: Binding
============================================================
STG Binding: 
---------------- STG Properties BEGIN ----------------
- Is combinational: 0
- Is one-state seq: 1
- Is datapath-only: 0
- Is pipelined: 0
- Is top level: 0
Port [ Return ] is wired: 1; IO mode=ap_ctrl_hs:ce=0
Port [ rows]:  wired=1; compound=1; hidden=0; nouse=0; global=0; static=0; extern=0; dir=0; type=3; pingpong=0; private_global=0; IO mode=ap_fifo:ce=0
Port [ cols]:  wired=1; compound=1; hidden=0; nouse=0; global=0; static=0; extern=0; dir=0; type=3; pingpong=0; private_global=0; IO mode=ap_fifo:ce=0
Port [ rows_out]:  wired=1; compound=1; hidden=0; nouse=0; global=0; static=0; extern=0; dir=1; type=3; pingpong=0; private_global=0; IO mode=ap_fifo:ce=0
Port [ ImgRgb_Datsrc_rows_V_out]:  wired=1; compound=1; hidden=0; nouse=0; global=0; static=0; extern=0; dir=1; type=3; pingpong=0; private_global=0; IO mode=ap_fifo:ce=0
Port [ cols_out]:  wired=1; compound=1; hidden=0; nouse=0; global=0; static=0; extern=0; dir=1; type=3; pingpong=0; private_global=0; IO mode=ap_fifo:ce=0
Port [ ImgRgb_Datsrc_cols_V_out]:  wired=1; compound=1; hidden=0; nouse=0; global=0; static=0; extern=0; dir=1; type=3; pingpong=0; private_global=0; IO mode=ap_fifo:ce=0
Port [ ImgGry_Datsrc_rows_V_out]:  wired=1; compound=1; hidden=0; nouse=0; global=0; static=0; extern=0; dir=1; type=3; pingpong=0; private_global=0; IO mode=ap_fifo:ce=0
Port [ ImgGry_Datsrc_cols_V_out]:  wired=1; compound=1; hidden=0; nouse=0; global=0; static=0; extern=0; dir=1; type=3; pingpong=0; private_global=0; IO mode=ap_fifo:ce=0
Port [ ImgGry_Datcop_rows_V_out]:  wired=1; compound=1; hidden=0; nouse=0; global=0; static=0; extern=0; dir=1; type=3; pingpong=0; private_global=0; IO mode=ap_fifo:ce=0
Port [ ImgGry_Datcop_cols_V_out]:  wired=1; compound=1; hidden=0; nouse=0; global=0; static=0; extern=0; dir=1; type=3; pingpong=0; private_global=0; IO mode=ap_fifo:ce=0
Port [ ImgGry_Threh_sp_rows_V_out]:  wired=1; compound=1; hidden=0; nouse=0; global=0; static=0; extern=0; dir=1; type=3; pingpong=0; private_global=0; IO mode=ap_fifo:ce=0
Port [ ImgGry_Threh_sp_cols_V_out]:  wired=1; compound=1; hidden=0; nouse=0; global=0; static=0; extern=0; dir=1; type=3; pingpong=0; private_global=0; IO mode=ap_fifo:ce=0
Port [ ImgGry_Threh_cz_rows_V_out]:  wired=1; compound=1; hidden=0; nouse=0; global=0; static=0; extern=0; dir=1; type=3; pingpong=0; private_global=0; IO mode=ap_fifo:ce=0
Port [ ImgGry_Threh_cz_cols_V_out]:  wired=1; compound=1; hidden=0; nouse=0; global=0; static=0; extern=0; dir=1; type=3; pingpong=0; private_global=0; IO mode=ap_fifo:ce=0
Port [ ImgGry_Ovlaycz_rows_V_out]:  wired=1; compound=1; hidden=0; nouse=0; global=0; static=0; extern=0; dir=1; type=3; pingpong=0; private_global=0; IO mode=ap_fifo:ce=0
Port [ ImgGry_Ovlaycz_cols_V_out]:  wired=1; compound=1; hidden=0; nouse=0; global=0; static=0; extern=0; dir=1; type=3; pingpong=0; private_global=0; IO mode=ap_fifo:ce=0
---------------- STG Properties END ------------------

---------------- Datapath Model BEGIN ----------------

<LifeTime>
<method=bitvector/>
StgValue_2           (specinterface) [ 00]
StgValue_3           (specinterface) [ 00]
StgValue_4           (specinterface) [ 00]
StgValue_5           (specinterface) [ 00]
StgValue_6           (specinterface) [ 00]
StgValue_7           (specinterface) [ 00]
StgValue_8           (specinterface) [ 00]
StgValue_9           (specinterface) [ 00]
StgValue_10          (specinterface) [ 00]
StgValue_11          (specinterface) [ 00]
StgValue_12          (specinterface) [ 00]
StgValue_13          (specinterface) [ 00]
StgValue_14          (specinterface) [ 00]
StgValue_15          (specinterface) [ 00]
ImgGry_Datsrc_b_rows (read         ) [ 00]
ImgGry_Datsrc_b_cols (read         ) [ 00]
StgValue_18          (specinterface) [ 00]
StgValue_19          (write        ) [ 00]
StgValue_20          (specinterface) [ 00]
StgValue_21          (write        ) [ 00]
StgValue_22          (write        ) [ 00]
StgValue_23          (write        ) [ 00]
StgValue_24          (write        ) [ 00]
StgValue_25          (write        ) [ 00]
StgValue_26          (write        ) [ 00]
StgValue_27          (write        ) [ 00]
StgValue_28          (write        ) [ 00]
StgValue_29          (write        ) [ 00]
StgValue_30          (write        ) [ 00]
StgValue_31          (write        ) [ 00]
StgValue_32          (write        ) [ 00]
StgValue_33          (write        ) [ 00]
StgValue_34          (ret          ) [ 00]
</LifeTime>

<model>

<comp_list>
<comp id="0" class="1000" name="rows">
<pin_list>
<pin id="1" dir="1" index="0" bw="1" slack="0"/>
</pin_list>
<bind>
<StgValue><ssdm name="rows"/></StgValue>
</bind>
</comp>

<comp id="2" class="1000" name="cols">
<pin_list>
<pin id="3" dir="1" index="0" bw="1" slack="0"/>
</pin_list>
<bind>
<StgValue><ssdm name="cols"/></StgValue>
</bind>
</comp>

<comp id="4" class="1000" name="rows_out">
<pin_list>
<pin id="5" dir="1" index="0" bw="1" slack="0"/>
</pin_list>
<bind>
<StgValue><ssdm name="rows_out"/></StgValue>
</bind>
</comp>

<comp id="6" class="1000" name="ImgRgb_Datsrc_rows_V_out">
<pin_list>
<pin id="7" dir="1" index="0" bw="1" slack="0"/>
</pin_list>
<bind>
<StgValue><ssdm name="ImgRgb_Datsrc_rows_V_out"/></StgValue>
</bind>
</comp>

<comp id="8" class="1000" name="cols_out">
<pin_list>
<pin id="9" dir="1" index="0" bw="1" slack="0"/>
</pin_list>
<bind>
<StgValue><ssdm name="cols_out"/></StgValue>
</bind>
</comp>

<comp id="10" class="1000" name="ImgRgb_Datsrc_cols_V_out">
<pin_list>
<pin id="11" dir="1" index="0" bw="1" slack="0"/>
</pin_list>
<bind>
<StgValue><ssdm name="ImgRgb_Datsrc_cols_V_out"/></StgValue>
</bind>
</comp>

<comp id="12" class="1000" name="ImgGry_Datsrc_rows_V_out">
<pin_list>
<pin id="13" dir="1" index="0" bw="1" slack="0"/>
</pin_list>
<bind>
<StgValue><ssdm name="ImgGry_Datsrc_rows_V_out"/></StgValue>
</bind>
</comp>

<comp id="14" class="1000" name="ImgGry_Datsrc_cols_V_out">
<pin_list>
<pin id="15" dir="1" index="0" bw="1" slack="0"/>
</pin_list>
<bind>
<StgValue><ssdm name="ImgGry_Datsrc_cols_V_out"/></StgValue>
</bind>
</comp>

<comp id="16" class="1000" name="ImgGry_Datcop_rows_V_out">
<pin_list>
<pin id="17" dir="1" index="0" bw="1" slack="0"/>
</pin_list>
<bind>
<StgValue><ssdm name="ImgGry_Datcop_rows_V_out"/></StgValue>
</bind>
</comp>

<comp id="18" class="1000" name="ImgGry_Datcop_cols_V_out">
<pin_list>
<pin id="19" dir="1" index="0" bw="1" slack="0"/>
</pin_list>
<bind>
<StgValue><ssdm name="ImgGry_Datcop_cols_V_out"/></StgValue>
</bind>
</comp>

<comp id="20" class="1000" name="ImgGry_Threh_sp_rows_V_out">
<pin_list>
<pin id="21" dir="1" index="0" bw="1" slack="0"/>
</pin_list>
<bind>
<StgValue><ssdm name="ImgGry_Threh_sp_rows_V_out"/></StgValue>
</bind>
</comp>

<comp id="22" class="1000" name="ImgGry_Threh_sp_cols_V_out">
<pin_list>
<pin id="23" dir="1" index="0" bw="1" slack="0"/>
</pin_list>
<bind>
<StgValue><ssdm name="ImgGry_Threh_sp_cols_V_out"/></StgValue>
</bind>
</comp>

<comp id="24" class="1000" name="ImgGry_Threh_cz_rows_V_out">
<pin_list>
<pin id="25" dir="1" index="0" bw="1" slack="0"/>
</pin_list>
<bind>
<StgValue><ssdm name="ImgGry_Threh_cz_rows_V_out"/></StgValue>
</bind>
</comp>

<comp id="26" class="1000" name="ImgGry_Threh_cz_cols_V_out">
<pin_list>
<pin id="27" dir="1" index="0" bw="1" slack="0"/>
</pin_list>
<bind>
<StgValue><ssdm name="ImgGry_Threh_cz_cols_V_out"/></StgValue>
</bind>
</comp>

<comp id="28" class="1000" name="ImgGry_Ovlaycz_rows_V_out">
<pin_list>
<pin id="29" dir="1" index="0" bw="1" slack="0"/>
</pin_list>
<bind>
<StgValue><ssdm name="ImgGry_Ovlaycz_rows_V_out"/></StgValue>
</bind>
</comp>

<comp id="30" class="1000" name="ImgGry_Ovlaycz_cols_V_out">
<pin_list>
<pin id="31" dir="1" index="0" bw="1" slack="0"/>
</pin_list>
<bind>
<StgValue><ssdm name="ImgGry_Ovlaycz_cols_V_out"/></StgValue>
</bind>
</comp>

<comp id="32" class="1001" name="const_32">
<pin_list>
<pin id="33" dir="1" index="0" bw="1" slack="2147483647"/>
</pin_list>
<bind>
<StgValue><ssdm name="_ssdm_op_SpecInterface"/></StgValue>
</bind>
</comp>

<comp id="34" class="1001" name="const_34">
<pin_list>
<pin id="35" dir="1" index="0" bw="1" slack="2147483647"/>
</pin_list>
<bind>
<StgValue><ssdm name="ap_fifo_str"/></StgValue>
</bind>
</comp>

<comp id="36" class="1001" name="const_36">
<pin_list>
<pin id="37" dir="1" index="0" bw="1" slack="2147483647"/>
</pin_list>
<bind>
<StgValue><ssdm name=""/></StgValue>
</bind>
</comp>

<comp id="38" class="1001" name="const_38">
<pin_list>
<pin id="39" dir="1" index="0" bw="1" slack="2147483647"/>
</pin_list>
<bind>
<StgValue><ssdm name="p_str"/></StgValue>
</bind>
</comp>

<comp id="40" class="1001" name="const_40">
<pin_list>
<pin id="41" dir="1" index="0" bw="1" slack="2147483647"/>
</pin_list>
<bind>
<StgValue><ssdm name=""/></StgValue>
</bind>
</comp>

<comp id="42" class="1001" name="const_42">
<pin_list>
<pin id="43" dir="1" index="0" bw="1" slack="2147483647"/>
</pin_list>
<bind>
<StgValue><ssdm name=""/></StgValue>
</bind>
</comp>

<comp id="44" class="1001" name="const_44">
<pin_list>
<pin id="45" dir="1" index="0" bw="1" slack="2147483647"/>
</pin_list>
<bind>
<StgValue><ssdm name="ScalarProp_str"/></StgValue>
</bind>
</comp>

<comp id="46" class="1001" name="const_46">
<pin_list>
<pin id="47" dir="1" index="0" bw="1" slack="0"/>
</pin_list>
<bind>
<StgValue><ssdm name="_ssdm_op_Read.ap_fifo.i32P"/></StgValue>
</bind>
</comp>

<comp id="48" class="1001" name="const_48">
<pin_list>
<pin id="49" dir="1" index="0" bw="1" slack="0"/>
</pin_list>
<bind>
<StgValue><ssdm name="_ssdm_op_Write.ap_fifo.i32P"/></StgValue>
</bind>
</comp>

<comp id="50" class="1001" name="const_50">
<pin_list>
<pin id="51" dir="1" index="0" bw="1" slack="0"/>
</pin_list>
<bind>
<StgValue><ssdm name="_ssdm_op_Write.ap_fifo.i9P"/></StgValue>
</bind>
</comp>

<comp id="52" class="1001" name="const_52">
<pin_list>
<pin id="53" dir="1" index="0" bw="1" slack="0"/>
</pin_list>
<bind>
<StgValue><ssdm name=""/></StgValue>
</bind>
</comp>

<comp id="54" class="1001" name="const_54">
<pin_list>
<pin id="55" dir="1" index="0" bw="1" slack="0"/>
</pin_list>
<bind>
<StgValue><ssdm name="_ssdm_op_Write.ap_fifo.i10P"/></StgValue>
</bind>
</comp>

<comp id="56" class="1001" name="const_56">
<pin_list>
<pin id="57" dir="1" index="0" bw="1" slack="0"/>
</pin_list>
<bind>
<StgValue><ssdm name=""/></StgValue>
</bind>
</comp>

<comp id="58" class="1004" name="ImgGry_Datsrc_b_rows_read_fu_58">
<pin_list>
<pin id="59" dir="0" index="0" bw="32" slack="0"/>
<pin id="60" dir="0" index="1" bw="32" slack="0"/>
<pin id="61" dir="1" index="2" bw="32" slack="0"/>
</pin_list>
<bind>
<opcode="read(1150) " fcode="read"/>
<opset="ImgGry_Datsrc_b_rows/1 "/>
</bind>
</comp>

<comp id="64" class="1004" name="ImgGry_Datsrc_b_cols_read_fu_64">
<pin_list>
<pin id="65" dir="0" index="0" bw="32" slack="0"/>
<pin id="66" dir="0" index="1" bw="32" slack="0"/>
<pin id="67" dir="1" index="2" bw="32" slack="0"/>
</pin_list>
<bind>
<opcode="read(1150) " fcode="read"/>
<opset="ImgGry_Datsrc_b_cols/1 "/>
</bind>
</comp>

<comp id="70" class="1004" name="StgValue_19_write_fu_70">
<pin_list>
<pin id="71" dir="0" index="0" bw="0" slack="0"/>
<pin id="72" dir="0" index="1" bw="32" slack="0"/>
<pin id="73" dir="0" index="2" bw="32" slack="0"/>
<pin id="74" dir="1" index="3" bw="0" slack="2147483647"/>
</pin_list>
<bind>
<opcode="write(1151) " fcode="write"/>
<opset="StgValue_19/1 "/>
</bind>
</comp>

<comp id="78" class="1004" name="StgValue_21_write_fu_78">
<pin_list>
<pin id="79" dir="0" index="0" bw="0" slack="0"/>
<pin id="80" dir="0" index="1" bw="32" slack="0"/>
<pin id="81" dir="0" index="2" bw="32" slack="0"/>
<pin id="82" dir="1" index="3" bw="0" slack="2147483647"/>
</pin_list>
<bind>
<opcode="write(1151) " fcode="write"/>
<opset="StgValue_21/1 "/>
</bind>
</comp>

<comp id="86" class="1004" name="StgValue_22_write_fu_86">
<pin_list>
<pin id="87" dir="0" index="0" bw="0" slack="0"/>
<pin id="88" dir="0" index="1" bw="32" slack="0"/>
<pin id="89" dir="0" index="2" bw="32" slack="0"/>
<pin id="90" dir="1" index="3" bw="0" slack="2147483647"/>
</pin_list>
<bind>
<opcode="write(1151) " fcode="write"/>
<opset="StgValue_22/1 "/>
</bind>
</comp>

<comp id="94" class="1004" name="StgValue_23_write_fu_94">
<pin_list>
<pin id="95" dir="0" index="0" bw="0" slack="0"/>
<pin id="96" dir="0" index="1" bw="32" slack="0"/>
<pin id="97" dir="0" index="2" bw="32" slack="0"/>
<pin id="98" dir="1" index="3" bw="0" slack="2147483647"/>
</pin_list>
<bind>
<opcode="write(1151) " fcode="write"/>
<opset="StgValue_23/1 "/>
</bind>
</comp>

<comp id="102" class="1004" name="StgValue_24_write_fu_102">
<pin_list>
<pin id="103" dir="0" index="0" bw="0" slack="0"/>
<pin id="104" dir="0" index="1" bw="32" slack="0"/>
<pin id="105" dir="0" index="2" bw="32" slack="0"/>
<pin id="106" dir="1" index="3" bw="0" slack="2147483647"/>
</pin_list>
<bind>
<opcode="write(1151) " fcode="write"/>
<opset="StgValue_24/1 "/>
</bind>
</comp>

<comp id="110" class="1004" name="StgValue_25_write_fu_110">
<pin_list>
<pin id="111" dir="0" index="0" bw="0" slack="0"/>
<pin id="112" dir="0" index="1" bw="32" slack="0"/>
<pin id="113" dir="0" index="2" bw="32" slack="0"/>
<pin id="114" dir="1" index="3" bw="0" slack="2147483647"/>
</pin_list>
<bind>
<opcode="write(1151) " fcode="write"/>
<opset="StgValue_25/1 "/>
</bind>
</comp>

<comp id="118" class="1004" name="StgValue_26_write_fu_118">
<pin_list>
<pin id="119" dir="0" index="0" bw="0" slack="0"/>
<pin id="120" dir="0" index="1" bw="9" slack="0"/>
<pin id="121" dir="0" index="2" bw="9" slack="0"/>
<pin id="122" dir="1" index="3" bw="0" slack="2147483647"/>
</pin_list>
<bind>
<opcode="write(1151) " fcode="write"/>
<opset="StgValue_26/1 "/>
</bind>
</comp>

<comp id="126" class="1004" name="StgValue_27_write_fu_126">
<pin_list>
<pin id="127" dir="0" index="0" bw="0" slack="0"/>
<pin id="128" dir="0" index="1" bw="10" slack="0"/>
<pin id="129" dir="0" index="2" bw="10" slack="0"/>
<pin id="130" dir="1" index="3" bw="0" slack="2147483647"/>
</pin_list>
<bind>
<opcode="write(1151) " fcode="write"/>
<opset="StgValue_27/1 "/>
</bind>
</comp>

<comp id="134" class="1004" name="StgValue_28_write_fu_134">
<pin_list>
<pin id="135" dir="0" index="0" bw="0" slack="0"/>
<pin id="136" dir="0" index="1" bw="9" slack="0"/>
<pin id="137" dir="0" index="2" bw="9" slack="0"/>
<pin id="138" dir="1" index="3" bw="0" slack="2147483647"/>
</pin_list>
<bind>
<opcode="write(1151) " fcode="write"/>
<opset="StgValue_28/1 "/>
</bind>
</comp>

<comp id="142" class="1004" name="StgValue_29_write_fu_142">
<pin_list>
<pin id="143" dir="0" index="0" bw="0" slack="0"/>
<pin id="144" dir="0" index="1" bw="10" slack="0"/>
<pin id="145" dir="0" index="2" bw="10" slack="0"/>
<pin id="146" dir="1" index="3" bw="0" slack="2147483647"/>
</pin_list>
<bind>
<opcode="write(1151) " fcode="write"/>
<opset="StgValue_29/1 "/>
</bind>
</comp>

<comp id="150" class="1004" name="StgValue_30_write_fu_150">
<pin_list>
<pin id="151" dir="0" index="0" bw="0" slack="0"/>
<pin id="152" dir="0" index="1" bw="9" slack="0"/>
<pin id="153" dir="0" index="2" bw="9" slack="0"/>
<pin id="154" dir="1" index="3" bw="0" slack="2147483647"/>
</pin_list>
<bind>
<opcode="write(1151) " fcode="write"/>
<opset="StgValue_30/1 "/>
</bind>
</comp>

<comp id="158" class="1004" name="StgValue_31_write_fu_158">
<pin_list>
<pin id="159" dir="0" index="0" bw="0" slack="0"/>
<pin id="160" dir="0" index="1" bw="10" slack="0"/>
<pin id="161" dir="0" index="2" bw="10" slack="0"/>
<pin id="162" dir="1" index="3" bw="0" slack="2147483647"/>
</pin_list>
<bind>
<opcode="write(1151) " fcode="write"/>
<opset="StgValue_31/1 "/>
</bind>
</comp>

<comp id="166" class="1004" name="StgValue_32_write_fu_166">
<pin_list>
<pin id="167" dir="0" index="0" bw="0" slack="0"/>
<pin id="168" dir="0" index="1" bw="9" slack="0"/>
<pin id="169" dir="0" index="2" bw="9" slack="0"/>
<pin id="170" dir="1" index="3" bw="0" slack="2147483647"/>
</pin_list>
<bind>
<opcode="write(1151) " fcode="write"/>
<opset="StgValue_32/1 "/>
</bind>
</comp>

<comp id="174" class="1004" name="StgValue_33_write_fu_174">
<pin_list>
<pin id="175" dir="0" index="0" bw="0" slack="0"/>
<pin id="176" dir="0" index="1" bw="10" slack="0"/>
<pin id="177" dir="0" index="2" bw="10" slack="0"/>
<pin id="178" dir="1" index="3" bw="0" slack="2147483647"/>
</pin_list>
<bind>
<opcode="write(1151) " fcode="write"/>
<opset="StgValue_33/1 "/>
</bind>
</comp>

</comp_list>

<net_list>
<net id="62"><net_src comp="46" pin="0"/><net_sink comp="58" pin=0"/></net>

<net id="63"><net_src comp="0" pin="0"/><net_sink comp="58" pin=1"/></net>

<net id="68"><net_src comp="46" pin="0"/><net_sink comp="64" pin=0"/></net>

<net id="69"><net_src comp="2" pin="0"/><net_sink comp="64" pin=1"/></net>

<net id="75"><net_src comp="48" pin="0"/><net_sink comp="70" pin=0"/></net>

<net id="76"><net_src comp="4" pin="0"/><net_sink comp="70" pin=1"/></net>

<net id="77"><net_src comp="58" pin="2"/><net_sink comp="70" pin=2"/></net>

<net id="83"><net_src comp="48" pin="0"/><net_sink comp="78" pin=0"/></net>

<net id="84"><net_src comp="8" pin="0"/><net_sink comp="78" pin=1"/></net>

<net id="85"><net_src comp="64" pin="2"/><net_sink comp="78" pin=2"/></net>

<net id="91"><net_src comp="48" pin="0"/><net_sink comp="86" pin=0"/></net>

<net id="92"><net_src comp="6" pin="0"/><net_sink comp="86" pin=1"/></net>

<net id="93"><net_src comp="58" pin="2"/><net_sink comp="86" pin=2"/></net>

<net id="99"><net_src comp="48" pin="0"/><net_sink comp="94" pin=0"/></net>

<net id="100"><net_src comp="10" pin="0"/><net_sink comp="94" pin=1"/></net>

<net id="101"><net_src comp="64" pin="2"/><net_sink comp="94" pin=2"/></net>

<net id="107"><net_src comp="48" pin="0"/><net_sink comp="102" pin=0"/></net>

<net id="108"><net_src comp="12" pin="0"/><net_sink comp="102" pin=1"/></net>

<net id="109"><net_src comp="58" pin="2"/><net_sink comp="102" pin=2"/></net>

<net id="115"><net_src comp="48" pin="0"/><net_sink comp="110" pin=0"/></net>

<net id="116"><net_src comp="14" pin="0"/><net_sink comp="110" pin=1"/></net>

<net id="117"><net_src comp="64" pin="2"/><net_sink comp="110" pin=2"/></net>

<net id="123"><net_src comp="50" pin="0"/><net_sink comp="118" pin=0"/></net>

<net id="124"><net_src comp="16" pin="0"/><net_sink comp="118" pin=1"/></net>

<net id="125"><net_src comp="52" pin="0"/><net_sink comp="118" pin=2"/></net>

<net id="131"><net_src comp="54" pin="0"/><net_sink comp="126" pin=0"/></net>

<net id="132"><net_src comp="18" pin="0"/><net_sink comp="126" pin=1"/></net>

<net id="133"><net_src comp="56" pin="0"/><net_sink comp="126" pin=2"/></net>

<net id="139"><net_src comp="50" pin="0"/><net_sink comp="134" pin=0"/></net>

<net id="140"><net_src comp="20" pin="0"/><net_sink comp="134" pin=1"/></net>

<net id="141"><net_src comp="52" pin="0"/><net_sink comp="134" pin=2"/></net>

<net id="147"><net_src comp="54" pin="0"/><net_sink comp="142" pin=0"/></net>

<net id="148"><net_src comp="22" pin="0"/><net_sink comp="142" pin=1"/></net>

<net id="149"><net_src comp="56" pin="0"/><net_sink comp="142" pin=2"/></net>

<net id="155"><net_src comp="50" pin="0"/><net_sink comp="150" pin=0"/></net>

<net id="156"><net_src comp="24" pin="0"/><net_sink comp="150" pin=1"/></net>

<net id="157"><net_src comp="52" pin="0"/><net_sink comp="150" pin=2"/></net>

<net id="163"><net_src comp="54" pin="0"/><net_sink comp="158" pin=0"/></net>

<net id="164"><net_src comp="26" pin="0"/><net_sink comp="158" pin=1"/></net>

<net id="165"><net_src comp="56" pin="0"/><net_sink comp="158" pin=2"/></net>

<net id="171"><net_src comp="50" pin="0"/><net_sink comp="166" pin=0"/></net>

<net id="172"><net_src comp="28" pin="0"/><net_sink comp="166" pin=1"/></net>

<net id="173"><net_src comp="52" pin="0"/><net_sink comp="166" pin=2"/></net>

<net id="179"><net_src comp="54" pin="0"/><net_sink comp="174" pin=0"/></net>

<net id="180"><net_src comp="30" pin="0"/><net_sink comp="174" pin=1"/></net>

<net id="181"><net_src comp="56" pin="0"/><net_sink comp="174" pin=2"/></net>

</net_list>

</model> 
---------------- Datapath Model END ------------------

* FSMD analyzer results:
  - Output states:
	Port: rows_out | {1 }
	Port: ImgRgb_Datsrc_rows_V_out | {1 }
	Port: cols_out | {1 }
	Port: ImgRgb_Datsrc_cols_V_out | {1 }
	Port: ImgGry_Datsrc_rows_V_out | {1 }
	Port: ImgGry_Datsrc_cols_V_out | {1 }
	Port: ImgGry_Datcop_rows_V_out | {1 }
	Port: ImgGry_Datcop_cols_V_out | {1 }
	Port: ImgGry_Threh_sp_rows_V_out | {1 }
	Port: ImgGry_Threh_sp_cols_V_out | {1 }
	Port: ImgGry_Threh_cz_rows_V_out | {1 }
	Port: ImgGry_Threh_cz_cols_V_out | {1 }
	Port: ImgGry_Ovlaycz_rows_V_out | {1 }
	Port: ImgGry_Ovlaycz_cols_V_out | {1 }
 - Input state : 
	Port: Block_TOP_fuct_memin : rows | {1 }
	Port: Block_TOP_fuct_memin : cols | {1 }
  - Chain level:
	State 1


============================================================
+ Verbose Summary: Datapath Resource usage 
============================================================

* Functional unit list:
|----------|---------------------------------|
| Operation|         Functional Unit         |
|----------|---------------------------------|
|   read   | ImgGry_Datsrc_b_rows_read_fu_58 |
|          | ImgGry_Datsrc_b_cols_read_fu_64 |
|----------|---------------------------------|
|          |     StgValue_19_write_fu_70     |
|          |     StgValue_21_write_fu_78     |
|          |     StgValue_22_write_fu_86     |
|          |     StgValue_23_write_fu_94     |
|          |     StgValue_24_write_fu_102    |
|          |     StgValue_25_write_fu_110    |
|   write  |     StgValue_26_write_fu_118    |
|          |     StgValue_27_write_fu_126    |
|          |     StgValue_28_write_fu_134    |
|          |     StgValue_29_write_fu_142    |
|          |     StgValue_30_write_fu_150    |
|          |     StgValue_31_write_fu_158    |
|          |     StgValue_32_write_fu_166    |
|          |     StgValue_33_write_fu_174    |
|----------|---------------------------------|
|   Total  |                                 |
|----------|---------------------------------|

Memories:
N/A

* Register list:
N/A

* Multiplexer (MUX) list: 
|--------|------|------|------|--------|
|  Comp  |  Pin | Size |  BW  | S x BW |
|--------|------|------|------|--------|
|  Total |      |      |      |    0   |
|--------|------|------|------|--------|



* Summary:
+-----------+
|           |
+-----------+
|  Function |
|   Memory  |
|Multiplexer|
|  Register |
+-----------+
|   Total   |
+-----------+
