

================================================================
== Vivado HLS Report for 'CopImage224'
================================================================
* Date:           Sat Jun  4 16:23:47 2022

* Version:        2018.3 (Build 2405991 on Thu Dec 06 23:56:15 MST 2018)
* Project:        Sobel_SkLines
* Solution:       solution1
* Product family: zynquplus
* Target device:  xczu9eg-ffvb1156-2-i


================================================================
== Performance Estimates
================================================================
+ Timing (ns): 
    * Summary: 
    +--------+-------+----------+------------+
    |  Clock | Target| Estimated| Uncertainty|
    +--------+-------+----------+------------+
    |ap_clk  |  10.00|     3.676|        1.25|
    +--------+-------+----------+------------+

+ Latency (clock cycles): 
    * Summary: 
    +-------+-------+-------+-------+---------+
    |    Latency    |    Interval   | Pipeline|
    |  min  |  max  |  min  |  max  |   Type  |
    +-------+-------+-------+-------+---------+
    |  52561|  52561|  52561|  52561|   none  |
    +-------+-------+-------+-------+---------+

    + Detail: 
        * Instance: 
        N/A

        * Loop: 
        +-------------+-------+-------+----------+-----------+-----------+------+----------+
        |             |    Latency    | Iteration|  Initiation Interval  | Trip |          |
        |  Loop Name  |  min  |  max  |  Latency |  achieved |   target  | Count| Pipelined|
        +-------------+-------+-------+----------+-----------+-----------+------+----------+
        |- Loop 1     |  52560|  52560|       292|          -|          -|   180|    no    |
        | + Loop 1.1  |    290|    290|         1|          -|          -|   290|    no    |
        +-------------+-------+-------+----------+-----------+-----------+------+----------+



================================================================
== Utilization Estimates
================================================================
* Summary: 
+-----------------+---------+-------+--------+--------+-----+
|       Name      | BRAM_18K| DSP48E|   FF   |   LUT  | URAM|
+-----------------+---------+-------+--------+--------+-----+
|DSP              |        -|      -|       -|       -|    -|
|Expression       |        -|      -|       0|      74|    -|
|FIFO             |        -|      -|       -|       -|    -|
|Instance         |        -|      -|       -|       -|    -|
|Memory           |        -|      -|       -|       -|    -|
|Multiplexer      |        -|      -|       -|      75|    -|
|Register         |        -|      -|      30|       -|    -|
+-----------------+---------+-------+--------+--------+-----+
|Total            |        0|      0|      30|     149|    0|
+-----------------+---------+-------+--------+--------+-----+
|Available        |     1824|   2520|  548160|  274080|    0|
+-----------------+---------+-------+--------+--------+-----+
|Utilization (%)  |        0|      0|   ~0   |   ~0   |    0|
+-----------------+---------+-------+--------+--------+-----+

+ Detail: 
    * Instance: 
    N/A

    * DSP48: 
    N/A

    * Memory: 
    N/A

    * FIFO: 
    N/A

    * Expression: 
    +--------------------------------+----------+-------+---+----+------------+------------+
    |          Variable Name         | Operation| DSP48E| FF| LUT| Bitwidth P0| Bitwidth P1|
    +--------------------------------+----------+-------+---+----+------------+------------+
    |i_9_fu_92_p2                    |     +    |      0|  0|  15|           8|           1|
    |j_8_fu_104_p2                   |     +    |      0|  0|  16|           9|           1|
    |ap_predicate_op27_write_state3  |    and   |      0|  0|   2|           1|           1|
    |exitcond1_fu_86_p2              |   icmp   |      0|  0|  11|           8|           8|
    |exitcond_fu_98_p2               |   icmp   |      0|  0|  13|           9|           9|
    |tmp_s_fu_110_p2                 |   icmp   |      0|  0|  13|           9|           9|
    |ap_block_state1                 |    or    |      0|  0|   2|           1|           1|
    |ap_block_state3                 |    or    |      0|  0|   2|           1|           1|
    +--------------------------------+----------+-------+---+----+------------+------------+
    |Total                           |          |      0|  0|  74|          46|          31|
    +--------------------------------+----------+-------+---+----+------------+------------+

    * Multiplexer: 
    +-------------------------+----+-----------+-----+-----------+
    |           Name          | LUT| Input Size| Bits| Total Bits|
    +-------------------------+----+-----------+-----+-----------+
    |ap_NS_fsm                |  21|          4|    1|          4|
    |ap_done                  |   9|          2|    1|          2|
    |dst_data_stream_V_blk_n  |   9|          2|    1|          2|
    |i_reg_64                 |   9|          2|    8|         16|
    |j_reg_75                 |   9|          2|    9|         18|
    |real_start               |   9|          2|    1|          2|
    |src_data_stream_V_blk_n  |   9|          2|    1|          2|
    +-------------------------+----+-----------+-----+-----------+
    |Total                    |  75|         16|   22|         46|
    +-------------------------+----+-----------+-----+-----------+

    * Register: 
    +----------------+---+----+-----+-----------+
    |      Name      | FF| LUT| Bits| Const Bits|
    +----------------+---+----+-----+-----------+
    |ap_CS_fsm       |  3|   0|    3|          0|
    |ap_done_reg     |  1|   0|    1|          0|
    |i_9_reg_119     |  8|   0|    8|          0|
    |i_reg_64        |  8|   0|    8|          0|
    |j_reg_75        |  9|   0|    9|          0|
    |start_once_reg  |  1|   0|    1|          0|
    +----------------+---+----+-----+-----------+
    |Total           | 30|   0|   30|          0|
    +----------------+---+----+-----+-----------+



================================================================
== Interface
================================================================
* Summary: 
+---------------------------+-----+-----+------------+-------------------+--------------+
|         RTL Ports         | Dir | Bits|  Protocol  |   Source Object   |    C Type    |
+---------------------------+-----+-----+------------+-------------------+--------------+
|ap_clk                     |  in |    1| ap_ctrl_hs |    CopImage224    | return value |
|ap_rst                     |  in |    1| ap_ctrl_hs |    CopImage224    | return value |
|ap_start                   |  in |    1| ap_ctrl_hs |    CopImage224    | return value |
|start_full_n               |  in |    1| ap_ctrl_hs |    CopImage224    | return value |
|ap_done                    | out |    1| ap_ctrl_hs |    CopImage224    | return value |
|ap_continue                |  in |    1| ap_ctrl_hs |    CopImage224    | return value |
|ap_idle                    | out |    1| ap_ctrl_hs |    CopImage224    | return value |
|ap_ready                   | out |    1| ap_ctrl_hs |    CopImage224    | return value |
|start_out                  | out |    1| ap_ctrl_hs |    CopImage224    | return value |
|start_write                | out |    1| ap_ctrl_hs |    CopImage224    | return value |
|src_data_stream_V_dout     |  in |    8|   ap_fifo  | src_data_stream_V |    pointer   |
|src_data_stream_V_empty_n  |  in |    1|   ap_fifo  | src_data_stream_V |    pointer   |
|src_data_stream_V_read     | out |    1|   ap_fifo  | src_data_stream_V |    pointer   |
|dst_data_stream_V_din      | out |    8|   ap_fifo  | dst_data_stream_V |    pointer   |
|dst_data_stream_V_full_n   |  in |    1|   ap_fifo  | dst_data_stream_V |    pointer   |
|dst_data_stream_V_write    | out |    1|   ap_fifo  | dst_data_stream_V |    pointer   |
+---------------------------+-----+-----+------------+-------------------+--------------+

============================================================
+ Verbose Summary: Synthesis Manager
============================================================
InlineROM: 1
ExposeGlobal: 0
============================================================
+ Verbose Summary: CDFG Model
============================================================
IsTopModel: 0
ResetActiveHigh: 1
IsCombinational: 2
IsDatapathOnly: 0
HasWiredReturn: 1
HasMFsm: 0
HasVarLatency: 1
IsPipeline: 0
IsRtlPipelined: 0
IsInstanceOverlapped: 0
IsDontTouch: 0
HasImplIP: 0
IsGatedGlobalClock: 0


============================================================
+ Verbose Summary: Schedule
============================================================
* Number of FSM states : 3
* Pipeline : 0
* Dataflow Pipeline: 0

* FSM state transitions: 
1 --> 
	2  / true
2 --> 
	3  / (!exitcond1)
3 --> 
	3  / (!exitcond)
	2  / (exitcond)

* FSM state operations: 

State 1 <SV = 0> <Delay = 0.65>
ST_1 : Operation 4 [1/1] (0.00ns)   --->   "call void (...)* @_ssdm_op_SpecInterface(i8* %dst_data_stream_V, [8 x i8]* @ap_fifo_str, i32 0, i32 0, [1 x i8]* @p_str, i32 0, i32 0, [1 x i8]* @p_str, [1 x i8]* @p_str, [1 x i8]* @p_str, i32 2, i32 2, i32 16, i32 16, [1 x i8]* @p_str, [1 x i8]* @p_str)"   --->   Operation 4 'specinterface' <Predicate = true> <Delay = 0.00>
ST_1 : Operation 5 [1/1] (0.00ns)   --->   "call void (...)* @_ssdm_op_SpecInterface(i8* %src_data_stream_V, [8 x i8]* @ap_fifo_str, i32 0, i32 0, [1 x i8]* @p_str, i32 0, i32 0, [1 x i8]* @p_str, [1 x i8]* @p_str, [1 x i8]* @p_str, i32 2, i32 2, i32 16, i32 16, [1 x i8]* @p_str, [1 x i8]* @p_str)"   --->   Operation 5 'specinterface' <Predicate = true> <Delay = 0.00>
ST_1 : Operation 6 [1/1] (0.65ns)   --->   "br label %.loopexit" [Sobel_SkLines/src/CopImage.cpp:18]   --->   Operation 6 'br' <Predicate = true> <Delay = 0.65>

State 2 <SV = 1> <Delay = 0.84>
ST_2 : Operation 7 [1/1] (0.00ns)   --->   "%i = phi i8 [ 0, %0 ], [ %i_9, %.loopexit.loopexit ]"   --->   Operation 7 'phi' 'i' <Predicate = true> <Delay = 0.00>
ST_2 : Operation 8 [1/1] (0.84ns)   --->   "%exitcond1 = icmp eq i8 %i, -76" [Sobel_SkLines/src/CopImage.cpp:18]   --->   Operation 8 'icmp' 'exitcond1' <Predicate = true> <Delay = 0.84> <Core = "Cmp">   --->   Core 25 'Cmp' <Latency = 0> <II = 1> <Delay = 0.88> <FuncUnit> <Opcode : 'icmp'> <InPorts = 2> <OutPorts = 1>
ST_2 : Operation 9 [1/1] (0.00ns)   --->   "call void (...)* @_ssdm_op_SpecLoopTripCount(i64 180, i64 180, i64 180)"   --->   Operation 9 'speclooptripcount' <Predicate = true> <Delay = 0.00>
ST_2 : Operation 10 [1/1] (0.76ns)   --->   "%i_9 = add i8 %i, 1" [Sobel_SkLines/src/CopImage.cpp:18]   --->   Operation 10 'add' 'i_9' <Predicate = true> <Delay = 0.76> <Core = "AddSub">   --->   Core 14 'AddSub' <Latency = 0> <II = 1> <Delay = 0.77> <FuncUnit> <Opcode : 'add' 'sub'> <InPorts = 2> <OutPorts = 1>
ST_2 : Operation 11 [1/1] (0.00ns)   --->   "br i1 %exitcond1, label %3, label %.preheader.preheader" [Sobel_SkLines/src/CopImage.cpp:18]   --->   Operation 11 'br' <Predicate = true> <Delay = 0.00>
ST_2 : Operation 12 [1/1] (0.65ns)   --->   "br label %.preheader" [Sobel_SkLines/src/CopImage.cpp:19]   --->   Operation 12 'br' <Predicate = (!exitcond1)> <Delay = 0.65>
ST_2 : Operation 13 [1/1] (0.00ns)   --->   "ret void" [Sobel_SkLines/src/CopImage.cpp:30]   --->   Operation 13 'ret' <Predicate = (exitcond1)> <Delay = 0.00>

State 3 <SV = 2> <Delay = 3.67>
ST_3 : Operation 14 [1/1] (0.00ns)   --->   "%j = phi i9 [ %j_8, %._crit_edge ], [ 0, %.preheader.preheader ]"   --->   Operation 14 'phi' 'j' <Predicate = true> <Delay = 0.00>
ST_3 : Operation 15 [1/1] (0.88ns)   --->   "%exitcond = icmp eq i9 %j, -222" [Sobel_SkLines/src/CopImage.cpp:19]   --->   Operation 15 'icmp' 'exitcond' <Predicate = true> <Delay = 0.88> <Core = "Cmp">   --->   Core 25 'Cmp' <Latency = 0> <II = 1> <Delay = 0.88> <FuncUnit> <Opcode : 'icmp'> <InPorts = 2> <OutPorts = 1>
ST_3 : Operation 16 [1/1] (0.00ns)   --->   "call void (...)* @_ssdm_op_SpecLoopTripCount(i64 290, i64 290, i64 290)"   --->   Operation 16 'speclooptripcount' <Predicate = true> <Delay = 0.00>
ST_3 : Operation 17 [1/1] (0.77ns)   --->   "%j_8 = add i9 %j, 1" [Sobel_SkLines/src/CopImage.cpp:19]   --->   Operation 17 'add' 'j_8' <Predicate = true> <Delay = 0.77> <Core = "AddSub">   --->   Core 14 'AddSub' <Latency = 0> <II = 1> <Delay = 0.77> <FuncUnit> <Opcode : 'add' 'sub'> <InPorts = 2> <OutPorts = 1>
ST_3 : Operation 18 [1/1] (0.00ns)   --->   "br i1 %exitcond, label %.loopexit.loopexit, label %1" [Sobel_SkLines/src/CopImage.cpp:19]   --->   Operation 18 'br' <Predicate = true> <Delay = 0.00>
ST_3 : Operation 19 [1/1] (0.00ns)   --->   "%tmp_51 = call i32 (...)* @_ssdm_op_SpecRegionBegin([12 x i8]* @p_str3)" [D:/xilinx/Vivado/2018.3/common/technology/autopilot/hls/hls_video_core.h:672->D:/xilinx/Vivado/2018.3/common/technology/autopilot/hls/hls_video_core.h:711->Sobel_SkLines/src/CopImage.cpp:21]   --->   Operation 19 'specregionbegin' 'tmp_51' <Predicate = (!exitcond)> <Delay = 0.00>
ST_3 : Operation 20 [1/1] (0.00ns)   --->   "call void (...)* @_ssdm_op_SpecProtocol(i32 0, [1 x i8]* @p_str) nounwind" [D:/xilinx/Vivado/2018.3/common/technology/autopilot/hls/hls_video_core.h:676->D:/xilinx/Vivado/2018.3/common/technology/autopilot/hls/hls_video_core.h:711->Sobel_SkLines/src/CopImage.cpp:21]   --->   Operation 20 'specprotocol' <Predicate = (!exitcond)> <Delay = 0.00>
ST_3 : Operation 21 [1/1] (1.83ns)   --->   "%tmp = call i8 @_ssdm_op_Read.ap_fifo.volatile.i8P(i8* %src_data_stream_V)" [D:/xilinx/Vivado/2018.3/common/technology/autopilot/hls/hls_video_core.h:679->D:/xilinx/Vivado/2018.3/common/technology/autopilot/hls/hls_video_core.h:711->Sobel_SkLines/src/CopImage.cpp:21]   --->   Operation 21 'read' 'tmp' <Predicate = (!exitcond)> <Delay = 1.83> <Core = "FIFO">   --->   Core 32 'FIFO' <Latency = 0> <II = 1> <Delay = 1.83> <Storage> <Opcode : 'read' 'write' 'nbread' 'nbwrite'> <Ports = 0> <Width = 8> <Depth = 2> <FIFO>
ST_3 : Operation 22 [1/1] (0.00ns)   --->   "%empty = call i32 (...)* @_ssdm_op_SpecRegionEnd([12 x i8]* @p_str3, i32 %tmp_51)" [D:/xilinx/Vivado/2018.3/common/technology/autopilot/hls/hls_video_core.h:681->D:/xilinx/Vivado/2018.3/common/technology/autopilot/hls/hls_video_core.h:711->Sobel_SkLines/src/CopImage.cpp:21]   --->   Operation 22 'specregionend' 'empty' <Predicate = (!exitcond)> <Delay = 0.00>
ST_3 : Operation 23 [1/1] (0.88ns)   --->   "%tmp_s = icmp ult i9 %j, -242" [Sobel_SkLines/src/CopImage.cpp:22]   --->   Operation 23 'icmp' 'tmp_s' <Predicate = (!exitcond)> <Delay = 0.88> <Core = "Cmp">   --->   Core 25 'Cmp' <Latency = 0> <II = 1> <Delay = 0.88> <FuncUnit> <Opcode : 'icmp'> <InPorts = 2> <OutPorts = 1>
ST_3 : Operation 24 [1/1] (0.00ns)   --->   "br i1 %tmp_s, label %2, label %._crit_edge" [Sobel_SkLines/src/CopImage.cpp:22]   --->   Operation 24 'br' <Predicate = (!exitcond)> <Delay = 0.00>
ST_3 : Operation 25 [1/1] (0.00ns)   --->   "%tmp_52 = call i32 (...)* @_ssdm_op_SpecRegionBegin([12 x i8]* @p_str1)" [D:/xilinx/Vivado/2018.3/common/technology/autopilot/hls/hls_video_core.h:696->D:/xilinx/Vivado/2018.3/common/technology/autopilot/hls/hls_video_core.h:717->Sobel_SkLines/src/CopImage.cpp:23]   --->   Operation 25 'specregionbegin' 'tmp_52' <Predicate = (!exitcond & tmp_s)> <Delay = 0.00>
ST_3 : Operation 26 [1/1] (0.00ns)   --->   "call void (...)* @_ssdm_op_SpecProtocol(i32 0, [1 x i8]* @p_str) nounwind" [D:/xilinx/Vivado/2018.3/common/technology/autopilot/hls/hls_video_core.h:700->D:/xilinx/Vivado/2018.3/common/technology/autopilot/hls/hls_video_core.h:717->Sobel_SkLines/src/CopImage.cpp:23]   --->   Operation 26 'specprotocol' <Predicate = (!exitcond & tmp_s)> <Delay = 0.00>
ST_3 : Operation 27 [1/1] (1.83ns)   --->   "call void @_ssdm_op_Write.ap_fifo.volatile.i8P(i8* %dst_data_stream_V, i8 %tmp)" [D:/xilinx/Vivado/2018.3/common/technology/autopilot/hls/hls_video_core.h:703->D:/xilinx/Vivado/2018.3/common/technology/autopilot/hls/hls_video_core.h:717->Sobel_SkLines/src/CopImage.cpp:23]   --->   Operation 27 'write' <Predicate = (!exitcond & tmp_s)> <Delay = 1.83> <Core = "FIFO">   --->   Core 32 'FIFO' <Latency = 0> <II = 1> <Delay = 1.83> <Storage> <Opcode : 'read' 'write' 'nbread' 'nbwrite'> <Ports = 0> <Width = 8> <Depth = 2> <FIFO>
ST_3 : Operation 28 [1/1] (0.00ns)   --->   "%empty_159 = call i32 (...)* @_ssdm_op_SpecRegionEnd([12 x i8]* @p_str1, i32 %tmp_52)" [D:/xilinx/Vivado/2018.3/common/technology/autopilot/hls/hls_video_core.h:705->D:/xilinx/Vivado/2018.3/common/technology/autopilot/hls/hls_video_core.h:717->Sobel_SkLines/src/CopImage.cpp:23]   --->   Operation 28 'specregionend' 'empty_159' <Predicate = (!exitcond & tmp_s)> <Delay = 0.00>
ST_3 : Operation 29 [1/1] (0.00ns)   --->   "br label %._crit_edge" [Sobel_SkLines/src/CopImage.cpp:27]   --->   Operation 29 'br' <Predicate = (!exitcond & tmp_s)> <Delay = 0.00>
ST_3 : Operation 30 [1/1] (0.00ns)   --->   "br label %.preheader" [Sobel_SkLines/src/CopImage.cpp:19]   --->   Operation 30 'br' <Predicate = (!exitcond)> <Delay = 0.00>
ST_3 : Operation 31 [1/1] (0.00ns)   --->   "br label %.loopexit"   --->   Operation 31 'br' <Predicate = (exitcond)> <Delay = 0.00>


============================================================
+ Verbose Summary: Binding
============================================================
STG Binding: 
---------------- STG Properties BEGIN ----------------
- Is combinational: 0
- Is one-state seq: 0
- Is datapath-only: 0
- Is pipelined: 0
- Is top level: 0
Port [ Return ] is wired: 1; IO mode=ap_ctrl_hs:ce=0
Port [ src_data_stream_V]:  wired=1; compound=1; hidden=0; nouse=0; global=0; static=0; extern=0; dir=0; type=3; pingpong=0; private_global=0; IO mode=ap_fifo:ce=0
Port [ dst_data_stream_V]:  wired=1; compound=1; hidden=0; nouse=0; global=0; static=0; extern=0; dir=1; type=3; pingpong=0; private_global=0; IO mode=ap_fifo:ce=0
---------------- STG Properties END ------------------

---------------- Datapath Model BEGIN ----------------

<LifeTime>
<method=bitvector/>
StgValue_4  (specinterface    ) [ 0000]
StgValue_5  (specinterface    ) [ 0000]
StgValue_6  (br               ) [ 0111]
i           (phi              ) [ 0010]
exitcond1   (icmp             ) [ 0011]
StgValue_9  (speclooptripcount) [ 0000]
i_9         (add              ) [ 0111]
StgValue_11 (br               ) [ 0000]
StgValue_12 (br               ) [ 0011]
StgValue_13 (ret              ) [ 0000]
j           (phi              ) [ 0001]
exitcond    (icmp             ) [ 0011]
StgValue_16 (speclooptripcount) [ 0000]
j_8         (add              ) [ 0011]
StgValue_18 (br               ) [ 0000]
tmp_51      (specregionbegin  ) [ 0000]
StgValue_20 (specprotocol     ) [ 0000]
tmp         (read             ) [ 0000]
empty       (specregionend    ) [ 0000]
tmp_s       (icmp             ) [ 0011]
StgValue_24 (br               ) [ 0000]
tmp_52      (specregionbegin  ) [ 0000]
StgValue_26 (specprotocol     ) [ 0000]
StgValue_27 (write            ) [ 0000]
empty_159   (specregionend    ) [ 0000]
StgValue_29 (br               ) [ 0000]
StgValue_30 (br               ) [ 0011]
StgValue_31 (br               ) [ 0111]
</LifeTime>

<model>

<comp_list>
<comp id="0" class="1000" name="src_data_stream_V">
<pin_list>
<pin id="1" dir="1" index="0" bw="1" slack="0"/>
</pin_list>
<bind>
<StgValue><ssdm name="src_data_stream_V"/></StgValue>
</bind>
</comp>

<comp id="2" class="1000" name="dst_data_stream_V">
<pin_list>
<pin id="3" dir="1" index="0" bw="1" slack="0"/>
</pin_list>
<bind>
<StgValue><ssdm name="dst_data_stream_V"/></StgValue>
</bind>
</comp>

<comp id="4" class="1001" name="const_4">
<pin_list>
<pin id="5" dir="1" index="0" bw="1" slack="2147483647"/>
</pin_list>
<bind>
<StgValue><ssdm name="_ssdm_op_SpecInterface"/></StgValue>
</bind>
</comp>

<comp id="6" class="1001" name="const_6">
<pin_list>
<pin id="7" dir="1" index="0" bw="1" slack="2147483647"/>
</pin_list>
<bind>
<StgValue><ssdm name="ap_fifo_str"/></StgValue>
</bind>
</comp>

<comp id="8" class="1001" name="const_8">
<pin_list>
<pin id="9" dir="1" index="0" bw="1" slack="2147483647"/>
</pin_list>
<bind>
<StgValue><ssdm name=""/></StgValue>
</bind>
</comp>

<comp id="10" class="1001" name="const_10">
<pin_list>
<pin id="11" dir="1" index="0" bw="1" slack="2147483647"/>
</pin_list>
<bind>
<StgValue><ssdm name="p_str"/></StgValue>
</bind>
</comp>

<comp id="12" class="1001" name="const_12">
<pin_list>
<pin id="13" dir="1" index="0" bw="1" slack="2147483647"/>
</pin_list>
<bind>
<StgValue><ssdm name=""/></StgValue>
</bind>
</comp>

<comp id="14" class="1001" name="const_14">
<pin_list>
<pin id="15" dir="1" index="0" bw="1" slack="2147483647"/>
</pin_list>
<bind>
<StgValue><ssdm name=""/></StgValue>
</bind>
</comp>

<comp id="16" class="1001" name="const_16">
<pin_list>
<pin id="17" dir="1" index="0" bw="1" slack="1"/>
</pin_list>
<bind>
<StgValue><ssdm name=""/></StgValue>
</bind>
</comp>

<comp id="18" class="1001" name="const_18">
<pin_list>
<pin id="19" dir="1" index="0" bw="1" slack="0"/>
</pin_list>
<bind>
<StgValue><ssdm name=""/></StgValue>
</bind>
</comp>

<comp id="20" class="1001" name="const_20">
<pin_list>
<pin id="21" dir="1" index="0" bw="1" slack="2147483647"/>
</pin_list>
<bind>
<StgValue><ssdm name="_ssdm_op_SpecLoopTripCount"/></StgValue>
</bind>
</comp>

<comp id="22" class="1001" name="const_22">
<pin_list>
<pin id="23" dir="1" index="0" bw="1" slack="2147483647"/>
</pin_list>
<bind>
<StgValue><ssdm name=""/></StgValue>
</bind>
</comp>

<comp id="24" class="1001" name="const_24">
<pin_list>
<pin id="25" dir="1" index="0" bw="1" slack="0"/>
</pin_list>
<bind>
<StgValue><ssdm name=""/></StgValue>
</bind>
</comp>

<comp id="26" class="1001" name="const_26">
<pin_list>
<pin id="27" dir="1" index="0" bw="1" slack="1"/>
</pin_list>
<bind>
<StgValue><ssdm name=""/></StgValue>
</bind>
</comp>

<comp id="28" class="1001" name="const_28">
<pin_list>
<pin id="29" dir="1" index="0" bw="1" slack="0"/>
</pin_list>
<bind>
<StgValue><ssdm name=""/></StgValue>
</bind>
</comp>

<comp id="30" class="1001" name="const_30">
<pin_list>
<pin id="31" dir="1" index="0" bw="1" slack="2147483647"/>
</pin_list>
<bind>
<StgValue><ssdm name=""/></StgValue>
</bind>
</comp>

<comp id="32" class="1001" name="const_32">
<pin_list>
<pin id="33" dir="1" index="0" bw="1" slack="0"/>
</pin_list>
<bind>
<StgValue><ssdm name=""/></StgValue>
</bind>
</comp>

<comp id="34" class="1001" name="const_34">
<pin_list>
<pin id="35" dir="1" index="0" bw="1" slack="2147483647"/>
</pin_list>
<bind>
<StgValue><ssdm name="_ssdm_op_SpecRegionBegin"/></StgValue>
</bind>
</comp>

<comp id="36" class="1001" name="const_36">
<pin_list>
<pin id="37" dir="1" index="0" bw="1" slack="2147483647"/>
</pin_list>
<bind>
<StgValue><ssdm name="p_str3"/></StgValue>
</bind>
</comp>

<comp id="38" class="1001" name="const_38">
<pin_list>
<pin id="39" dir="1" index="0" bw="1" slack="2147483647"/>
</pin_list>
<bind>
<StgValue><ssdm name="_ssdm_op_SpecProtocol"/></StgValue>
</bind>
</comp>

<comp id="40" class="1001" name="const_40">
<pin_list>
<pin id="41" dir="1" index="0" bw="1" slack="0"/>
</pin_list>
<bind>
<StgValue><ssdm name="_ssdm_op_Read.ap_fifo.volatile.i8P"/></StgValue>
</bind>
</comp>

<comp id="42" class="1001" name="const_42">
<pin_list>
<pin id="43" dir="1" index="0" bw="1" slack="2147483647"/>
</pin_list>
<bind>
<StgValue><ssdm name="_ssdm_op_SpecRegionEnd"/></StgValue>
</bind>
</comp>

<comp id="44" class="1001" name="const_44">
<pin_list>
<pin id="45" dir="1" index="0" bw="1" slack="0"/>
</pin_list>
<bind>
<StgValue><ssdm name=""/></StgValue>
</bind>
</comp>

<comp id="46" class="1001" name="const_46">
<pin_list>
<pin id="47" dir="1" index="0" bw="1" slack="2147483647"/>
</pin_list>
<bind>
<StgValue><ssdm name="p_str1"/></StgValue>
</bind>
</comp>

<comp id="48" class="1001" name="const_48">
<pin_list>
<pin id="49" dir="1" index="0" bw="1" slack="0"/>
</pin_list>
<bind>
<StgValue><ssdm name="_ssdm_op_Write.ap_fifo.volatile.i8P"/></StgValue>
</bind>
</comp>

<comp id="50" class="1004" name="tmp_read_fu_50">
<pin_list>
<pin id="51" dir="0" index="0" bw="8" slack="0"/>
<pin id="52" dir="0" index="1" bw="8" slack="0"/>
<pin id="53" dir="1" index="2" bw="8" slack="0"/>
</pin_list>
<bind>
<opcode="read(1150) " fcode="read"/>
<opset="tmp/3 "/>
</bind>
</comp>

<comp id="56" class="1004" name="StgValue_27_write_fu_56">
<pin_list>
<pin id="57" dir="0" index="0" bw="0" slack="0"/>
<pin id="58" dir="0" index="1" bw="8" slack="0"/>
<pin id="59" dir="0" index="2" bw="8" slack="0"/>
<pin id="60" dir="1" index="3" bw="0" slack="2147483647"/>
</pin_list>
<bind>
<opcode="write(1151) " fcode="write"/>
<opset="StgValue_27/3 "/>
</bind>
</comp>

<comp id="64" class="1005" name="i_reg_64">
<pin_list>
<pin id="65" dir="0" index="0" bw="8" slack="1"/>
<pin id="66" dir="1" index="1" bw="8" slack="1"/>
</pin_list>
<bind>
<opset="i (phireg) "/>
</bind>
</comp>

<comp id="68" class="1004" name="i_phi_fu_68">
<pin_list>
<pin id="69" dir="0" index="0" bw="1" slack="1"/>
<pin id="70" dir="0" index="1" bw="0" slack="2147483647"/>
<pin id="71" dir="0" index="2" bw="8" slack="0"/>
<pin id="72" dir="0" index="3" bw="0" slack="2147483647"/>
<pin id="73" dir="1" index="4" bw="8" slack="0"/>
</pin_list>
<bind>
<opcode="phi(47) " fcode="phi"/>
<opset="i/2 "/>
</bind>
</comp>

<comp id="75" class="1005" name="j_reg_75">
<pin_list>
<pin id="76" dir="0" index="0" bw="9" slack="1"/>
<pin id="77" dir="1" index="1" bw="9" slack="1"/>
</pin_list>
<bind>
<opset="j (phireg) "/>
</bind>
</comp>

<comp id="79" class="1004" name="j_phi_fu_79">
<pin_list>
<pin id="80" dir="0" index="0" bw="9" slack="0"/>
<pin id="81" dir="0" index="1" bw="0" slack="2147483647"/>
<pin id="82" dir="0" index="2" bw="1" slack="1"/>
<pin id="83" dir="0" index="3" bw="0" slack="2147483647"/>
<pin id="84" dir="1" index="4" bw="9" slack="0"/>
</pin_list>
<bind>
<opcode="phi(47) " fcode="phi"/>
<opset="j/3 "/>
</bind>
</comp>

<comp id="86" class="1004" name="exitcond1_fu_86">
<pin_list>
<pin id="87" dir="0" index="0" bw="8" slack="0"/>
<pin id="88" dir="0" index="1" bw="8" slack="0"/>
<pin id="89" dir="1" index="2" bw="1" slack="2147483647"/>
</pin_list>
<bind>
<opcode="icmp(45) " fcode="icmp"/>
<opset="exitcond1/2 "/>
</bind>
</comp>

<comp id="92" class="1004" name="i_9_fu_92">
<pin_list>
<pin id="93" dir="0" index="0" bw="8" slack="0"/>
<pin id="94" dir="0" index="1" bw="1" slack="0"/>
<pin id="95" dir="1" index="2" bw="8" slack="0"/>
</pin_list>
<bind>
<opcode="add(8) " fcode="add"/>
<opset="i_9/2 "/>
</bind>
</comp>

<comp id="98" class="1004" name="exitcond_fu_98">
<pin_list>
<pin id="99" dir="0" index="0" bw="9" slack="0"/>
<pin id="100" dir="0" index="1" bw="9" slack="0"/>
<pin id="101" dir="1" index="2" bw="1" slack="2147483647"/>
</pin_list>
<bind>
<opcode="icmp(45) " fcode="icmp"/>
<opset="exitcond/3 "/>
</bind>
</comp>

<comp id="104" class="1004" name="j_8_fu_104">
<pin_list>
<pin id="105" dir="0" index="0" bw="9" slack="0"/>
<pin id="106" dir="0" index="1" bw="1" slack="0"/>
<pin id="107" dir="1" index="2" bw="9" slack="0"/>
</pin_list>
<bind>
<opcode="add(8) " fcode="add"/>
<opset="j_8/3 "/>
</bind>
</comp>

<comp id="110" class="1004" name="tmp_s_fu_110">
<pin_list>
<pin id="111" dir="0" index="0" bw="9" slack="0"/>
<pin id="112" dir="0" index="1" bw="9" slack="0"/>
<pin id="113" dir="1" index="2" bw="1" slack="2147483647"/>
</pin_list>
<bind>
<opcode="icmp(45) " fcode="icmp"/>
<opset="tmp_s/3 "/>
</bind>
</comp>

<comp id="119" class="1005" name="i_9_reg_119">
<pin_list>
<pin id="120" dir="0" index="0" bw="8" slack="0"/>
<pin id="121" dir="1" index="1" bw="8" slack="0"/>
</pin_list>
<bind>
<opset="i_9 "/>
</bind>
</comp>

<comp id="127" class="1005" name="j_8_reg_127">
<pin_list>
<pin id="128" dir="0" index="0" bw="9" slack="0"/>
<pin id="129" dir="1" index="1" bw="9" slack="0"/>
</pin_list>
<bind>
<opset="j_8 "/>
</bind>
</comp>

</comp_list>

<net_list>
<net id="54"><net_src comp="40" pin="0"/><net_sink comp="50" pin=0"/></net>

<net id="55"><net_src comp="0" pin="0"/><net_sink comp="50" pin=1"/></net>

<net id="61"><net_src comp="48" pin="0"/><net_sink comp="56" pin=0"/></net>

<net id="62"><net_src comp="2" pin="0"/><net_sink comp="56" pin=1"/></net>

<net id="63"><net_src comp="50" pin="2"/><net_sink comp="56" pin=2"/></net>

<net id="67"><net_src comp="16" pin="0"/><net_sink comp="64" pin=0"/></net>

<net id="74"><net_src comp="64" pin="1"/><net_sink comp="68" pin=0"/></net>

<net id="78"><net_src comp="26" pin="0"/><net_sink comp="75" pin=0"/></net>

<net id="85"><net_src comp="75" pin="1"/><net_sink comp="79" pin=2"/></net>

<net id="90"><net_src comp="68" pin="4"/><net_sink comp="86" pin=0"/></net>

<net id="91"><net_src comp="18" pin="0"/><net_sink comp="86" pin=1"/></net>

<net id="96"><net_src comp="68" pin="4"/><net_sink comp="92" pin=0"/></net>

<net id="97"><net_src comp="24" pin="0"/><net_sink comp="92" pin=1"/></net>

<net id="102"><net_src comp="79" pin="4"/><net_sink comp="98" pin=0"/></net>

<net id="103"><net_src comp="28" pin="0"/><net_sink comp="98" pin=1"/></net>

<net id="108"><net_src comp="79" pin="4"/><net_sink comp="104" pin=0"/></net>

<net id="109"><net_src comp="32" pin="0"/><net_sink comp="104" pin=1"/></net>

<net id="114"><net_src comp="79" pin="4"/><net_sink comp="110" pin=0"/></net>

<net id="115"><net_src comp="44" pin="0"/><net_sink comp="110" pin=1"/></net>

<net id="122"><net_src comp="92" pin="2"/><net_sink comp="119" pin=0"/></net>

<net id="123"><net_src comp="119" pin="1"/><net_sink comp="68" pin=2"/></net>

<net id="130"><net_src comp="104" pin="2"/><net_sink comp="127" pin=0"/></net>

<net id="131"><net_src comp="127" pin="1"/><net_sink comp="79" pin=0"/></net>

</net_list>

</model> 
---------------- Datapath Model END ------------------

* FSMD analyzer results:
  - Output states:
	Port: dst_data_stream_V | {3 }
 - Input state : 
	Port: CopImage224 : src_data_stream_V | {3 }
  - Chain level:
	State 1
	State 2
		exitcond1 : 1
		i_9 : 1
		StgValue_11 : 2
	State 3
		exitcond : 1
		j_8 : 1
		StgValue_18 : 2
		empty : 1
		tmp_s : 1
		StgValue_24 : 2
		empty_159 : 1


============================================================
+ Verbose Summary: Datapath Resource usage 
============================================================

* Functional unit list:
|----------|-------------------------|---------|---------|
| Operation|     Functional Unit     |    FF   |   LUT   |
|----------|-------------------------|---------|---------|
|          |     exitcond1_fu_86     |    0    |    11   |
|   icmp   |      exitcond_fu_98     |    0    |    13   |
|          |       tmp_s_fu_110      |    0    |    13   |
|----------|-------------------------|---------|---------|
|    add   |        i_9_fu_92        |    0    |    15   |
|          |        j_8_fu_104       |    0    |    16   |
|----------|-------------------------|---------|---------|
|   read   |      tmp_read_fu_50     |    0    |    0    |
|----------|-------------------------|---------|---------|
|   write  | StgValue_27_write_fu_56 |    0    |    0    |
|----------|-------------------------|---------|---------|
|   Total  |                         |    0    |    68   |
|----------|-------------------------|---------|---------|

Memories:
N/A

* Register list:
+-----------+--------+
|           |   FF   |
+-----------+--------+
|i_9_reg_119|    8   |
|  i_reg_64 |    8   |
|j_8_reg_127|    9   |
|  j_reg_75 |    9   |
+-----------+--------+
|   Total   |   34   |
+-----------+--------+

* Multiplexer (MUX) list: 
|--------|------|------|------|--------|
|  Comp  |  Pin | Size |  BW  | S x BW |
|--------|------|------|------|--------|
|  Total |      |      |      |    0   |
|--------|------|------|------|--------|



* Summary:
+-----------+--------+--------+
|           |   FF   |   LUT  |
+-----------+--------+--------+
|  Function |    0   |   68   |
|   Memory  |    -   |    -   |
|Multiplexer|    -   |    -   |
|  Register |   34   |    -   |
+-----------+--------+--------+
|   Total   |   34   |   68   |
+-----------+--------+--------+
