

================================================================
== Vivado HLS Report for 'Threshold'
================================================================
* Date:           Sat Jun  4 16:23:29 2022

* Version:        2018.3 (Build 2405991 on Thu Dec 06 23:56:15 MST 2018)
* Project:        Sobel_SkLines
* Solution:       solution1
* Product family: zynquplus
* Target device:  xczu9eg-ffvb1156-2-i


================================================================
== Performance Estimates
================================================================
+ Timing (ns): 
    * Summary: 
    +--------+-------+----------+------------+
    |  Clock | Target| Estimated| Uncertainty|
    +--------+-------+----------+------------+
    |ap_clk  |  10.00|     4.704|        1.25|
    +--------+-------+----------+------------+

+ Latency (clock cycles): 
    * Summary: 
    +-----+---------+-----+---------+---------+
    |    Latency    |    Interval   | Pipeline|
    | min |   max   | min |   max   |   Type  |
    +-----+---------+-----+---------+---------+
    |    1|  1026401|    1|  1026401|   none  |
    +-----+---------+-----+---------+---------+

    + Detail: 
        * Instance: 
        N/A

        * Loop: 
        +---------------+-----+---------+----------+-----------+-----------+----------+----------+
        |               |    Latency    | Iteration|  Initiation Interval  |   Trip   |          |
        |   Loop Name   | min |   max   |  Latency |  achieved |   target  |   Count  | Pipelined|
        +---------------+-----+---------+----------+-----------+-----------+----------+----------+
        |- loop_height  |    0|  1026400| 3 ~ 1283 |          -|          -|  0 ~ 800 |    no    |
        | + loop_width  |    0|     1280|         2|          1|          1| 0 ~ 1280 |    yes   |
        +---------------+-----+---------+----------+-----------+-----------+----------+----------+

============================================================
+ Verbose Summary: Synthesis Manager
============================================================
InlineROM: 1
ExposeGlobal: 0
============================================================
+ Verbose Summary: CDFG Model
============================================================
IsTopModel: 0
ResetActiveHigh: 1
IsCombinational: 2
IsDatapathOnly: 0
HasWiredReturn: 1
HasMFsm: 0
HasVarLatency: 1
IsPipeline: 0
IsRtlPipelined: 0
IsInstanceOverlapped: 0
IsDontTouch: 0
HasImplIP: 0
IsGatedGlobalClock: 0

+ Individual pipeline summary: 
  * Pipeline-0: initiation interval (II) = 1, depth = 2


============================================================
+ Verbose Summary: Schedule
============================================================
* Number of FSM states : 5
* Pipeline : 1
  Pipeline-0 : II = 1, D = 2, States = { 3 4 }
* Dataflow Pipeline: 0

* FSM state transitions: 
1 --> 
	2  / true
2 --> 
	3  / (!exitcond1_i)
3 --> 
	5  / (exitcond_i)
	4  / (!exitcond_i)
4 --> 
	3  / true
5 --> 
	2  / true

* FSM state operations: 

State 1 <SV = 0> <Delay = 1.83>
ST_1 : Operation 6 [1/1] (0.00ns)   --->   "call void (...)* @_ssdm_op_SpecInterface(i8* %dst_data_stream_V, [8 x i8]* @ap_fifo_str, i32 0, i32 0, [1 x i8]* @p_str, i32 0, i32 0, [1 x i8]* @p_str, [1 x i8]* @p_str, [1 x i8]* @p_str, i32 2, i32 2, i32 16, i32 16, [1 x i8]* @p_str, [1 x i8]* @p_str)"   --->   Operation 6 'specinterface' <Predicate = true> <Delay = 0.00>
ST_1 : Operation 7 [1/1] (0.00ns)   --->   "call void (...)* @_ssdm_op_SpecInterface(i8* %src_data_stream_V, [8 x i8]* @ap_fifo_str, i32 0, i32 0, [1 x i8]* @p_str, i32 0, i32 0, [1 x i8]* @p_str, [1 x i8]* @p_str, [1 x i8]* @p_str, i32 2, i32 2, i32 16, i32 16, [1 x i8]* @p_str, [1 x i8]* @p_str)"   --->   Operation 7 'specinterface' <Predicate = true> <Delay = 0.00>
ST_1 : Operation 8 [1/1] (0.00ns)   --->   "call void (...)* @_ssdm_op_SpecInterface(i9* %dst_rows_V, [8 x i8]* @ap_fifo_str, i32 0, i32 0, [1 x i8]* @p_str, i32 0, i32 0, [1 x i8]* @p_str, [1 x i8]* @p_str, [1 x i8]* @p_str, i32 2, i32 2, i32 16, i32 16, [1 x i8]* @p_str, [11 x i8]* @ScalarProp_str)"   --->   Operation 8 'specinterface' <Predicate = true> <Delay = 0.00>
ST_1 : Operation 9 [1/1] (0.00ns)   --->   "call void (...)* @_ssdm_op_SpecInterface(i10* %dst_cols_V, [8 x i8]* @ap_fifo_str, i32 0, i32 0, [1 x i8]* @p_str, i32 0, i32 0, [1 x i8]* @p_str, [1 x i8]* @p_str, [1 x i8]* @p_str, i32 2, i32 2, i32 16, i32 16, [1 x i8]* @p_str, [11 x i8]* @ScalarProp_str)"   --->   Operation 9 'specinterface' <Predicate = true> <Delay = 0.00>
ST_1 : Operation 10 [1/1] (1.83ns)   --->   "%dst_rows_V_read = call i9 @_ssdm_op_Read.ap_fifo.i9P(i9* %dst_rows_V)"   --->   Operation 10 'read' 'dst_rows_V_read' <Predicate = true> <Delay = 1.83> <Core = "FIFO">   --->   Core 32 'FIFO' <Latency = 0> <II = 1> <Delay = 1.83> <Storage> <Opcode : 'read' 'write' 'nbread' 'nbwrite'> <Ports = 0> <Width = 10> <Depth = 2> <FIFO>
ST_1 : Operation 11 [1/1] (0.00ns)   --->   "%rows_V = sext i9 %dst_rows_V_read to i32"   --->   Operation 11 'sext' 'rows_V' <Predicate = true> <Delay = 0.00>
ST_1 : Operation 12 [1/1] (1.83ns)   --->   "%dst_cols_V_read = call i10 @_ssdm_op_Read.ap_fifo.i10P(i10* %dst_cols_V)"   --->   Operation 12 'read' 'dst_cols_V_read' <Predicate = true> <Delay = 1.83> <Core = "FIFO">   --->   Core 32 'FIFO' <Latency = 0> <II = 1> <Delay = 1.83> <Storage> <Opcode : 'read' 'write' 'nbread' 'nbwrite'> <Ports = 0> <Width = 10> <Depth = 2> <FIFO>
ST_1 : Operation 13 [1/1] (0.00ns)   --->   "%cols_V = sext i10 %dst_cols_V_read to i32"   --->   Operation 13 'sext' 'cols_V' <Predicate = true> <Delay = 0.00>
ST_1 : Operation 14 [1/1] (0.65ns)   --->   "br label %0" [D:/xilinx/Vivado/2018.3/common/technology/autopilot/hls/hls_video_arithm.h:1489]   --->   Operation 14 'br' <Predicate = true> <Delay = 0.65>

State 2 <SV = 1> <Delay = 1.27>
ST_2 : Operation 15 [1/1] (0.00ns)   --->   "%t_V = phi i32 [ 0, %entry ], [ %i_V, %3 ]"   --->   Operation 15 'phi' 't_V' <Predicate = true> <Delay = 0.00>
ST_2 : Operation 16 [1/1] (0.99ns)   --->   "%exitcond1_i = icmp eq i32 %t_V, %rows_V" [D:/xilinx/Vivado/2018.3/common/technology/autopilot/hls/hls_video_arithm.h:1489]   --->   Operation 16 'icmp' 'exitcond1_i' <Predicate = true> <Delay = 0.99> <Core = "Cmp">   --->   Core 25 'Cmp' <Latency = 0> <II = 1> <Delay = 0.84> <FuncUnit> <Opcode : 'icmp'> <InPorts = 2> <OutPorts = 1>
ST_2 : Operation 17 [1/1] (0.00ns)   --->   "call void (...)* @_ssdm_op_SpecLoopTripCount(i64 0, i64 800, i64 0)"   --->   Operation 17 'speclooptripcount' <Predicate = true> <Delay = 0.00>
ST_2 : Operation 18 [1/1] (1.01ns)   --->   "%i_V = add i32 %t_V, 1" [D:/xilinx/Vivado/2018.3/common/technology/autopilot/hls/hls_video_arithm.h:1489]   --->   Operation 18 'add' 'i_V' <Predicate = true> <Delay = 1.01> <Core = "AddSub">   --->   Core 14 'AddSub' <Latency = 0> <II = 1> <Delay = 1.01> <FuncUnit> <Opcode : 'add' 'sub'> <InPorts = 2> <OutPorts = 1>
ST_2 : Operation 19 [1/1] (0.00ns)   --->   "br i1 %exitcond1_i, label %.exit, label %1" [D:/xilinx/Vivado/2018.3/common/technology/autopilot/hls/hls_video_arithm.h:1489]   --->   Operation 19 'br' <Predicate = true> <Delay = 0.00>
ST_2 : Operation 20 [1/1] (0.00ns)   --->   "call void (...)* @_ssdm_op_SpecLoopName([12 x i8]* @p_str9) nounwind" [D:/xilinx/Vivado/2018.3/common/technology/autopilot/hls/hls_video_arithm.h:1489]   --->   Operation 20 'specloopname' <Predicate = (!exitcond1_i)> <Delay = 0.00>
ST_2 : Operation 21 [1/1] (0.00ns)   --->   "%tmp_i = call i32 (...)* @_ssdm_op_SpecRegionBegin([12 x i8]* @p_str9)" [D:/xilinx/Vivado/2018.3/common/technology/autopilot/hls/hls_video_arithm.h:1489]   --->   Operation 21 'specregionbegin' 'tmp_i' <Predicate = (!exitcond1_i)> <Delay = 0.00>
ST_2 : Operation 22 [1/1] (0.65ns)   --->   "br label %2" [D:/xilinx/Vivado/2018.3/common/technology/autopilot/hls/hls_video_arithm.h:1490]   --->   Operation 22 'br' <Predicate = (!exitcond1_i)> <Delay = 0.65>
ST_2 : Operation 23 [1/1] (0.00ns)   --->   "ret void"   --->   Operation 23 'ret' <Predicate = (exitcond1_i)> <Delay = 0.00>

State 3 <SV = 2> <Delay = 1.01>
ST_3 : Operation 24 [1/1] (0.00ns)   --->   "%t_V_2 = phi i32 [ 0, %1 ], [ %j_V, %.critedge.i ]"   --->   Operation 24 'phi' 't_V_2' <Predicate = true> <Delay = 0.00>
ST_3 : Operation 25 [1/1] (0.99ns)   --->   "%exitcond_i = icmp eq i32 %t_V_2, %cols_V" [D:/xilinx/Vivado/2018.3/common/technology/autopilot/hls/hls_video_arithm.h:1490]   --->   Operation 25 'icmp' 'exitcond_i' <Predicate = true> <Delay = 0.99> <Core = "Cmp">   --->   Core 25 'Cmp' <Latency = 0> <II = 1> <Delay = 0.84> <FuncUnit> <Opcode : 'icmp'> <InPorts = 2> <OutPorts = 1>
ST_3 : Operation 26 [1/1] (0.00ns)   --->   "call void (...)* @_ssdm_op_SpecLoopTripCount(i64 0, i64 1280, i64 0)"   --->   Operation 26 'speclooptripcount' <Predicate = true> <Delay = 0.00>
ST_3 : Operation 27 [1/1] (1.01ns)   --->   "%j_V = add i32 %t_V_2, 1" [D:/xilinx/Vivado/2018.3/common/technology/autopilot/hls/hls_video_arithm.h:1490]   --->   Operation 27 'add' 'j_V' <Predicate = true> <Delay = 1.01> <Core = "AddSub">   --->   Core 14 'AddSub' <Latency = 0> <II = 1> <Delay = 1.01> <FuncUnit> <Opcode : 'add' 'sub'> <InPorts = 2> <OutPorts = 1>
ST_3 : Operation 28 [1/1] (0.00ns)   --->   "br i1 %exitcond_i, label %3, label %.critedge.i" [D:/xilinx/Vivado/2018.3/common/technology/autopilot/hls/hls_video_arithm.h:1490]   --->   Operation 28 'br' <Predicate = true> <Delay = 0.00>

State 4 <SV = 3> <Delay = 4.70>
ST_4 : Operation 29 [1/1] (0.00ns)   --->   "call void (...)* @_ssdm_op_SpecLoopName([11 x i8]* @p_str10) nounwind" [D:/xilinx/Vivado/2018.3/common/technology/autopilot/hls/hls_video_arithm.h:1490]   --->   Operation 29 'specloopname' <Predicate = (!exitcond_i)> <Delay = 0.00>
ST_4 : Operation 30 [1/1] (0.00ns)   --->   "%tmp_5_i = call i32 (...)* @_ssdm_op_SpecRegionBegin([11 x i8]* @p_str10)" [D:/xilinx/Vivado/2018.3/common/technology/autopilot/hls/hls_video_arithm.h:1490]   --->   Operation 30 'specregionbegin' 'tmp_5_i' <Predicate = (!exitcond_i)> <Delay = 0.00>
ST_4 : Operation 31 [1/1] (0.00ns)   --->   "call void (...)* @_ssdm_op_SpecPipeline(i32 1, i32 1, i32 1, i32 0, [1 x i8]* @p_str248) nounwind" [D:/xilinx/Vivado/2018.3/common/technology/autopilot/hls/hls_video_arithm.h:1492]   --->   Operation 31 'specpipeline' <Predicate = (!exitcond_i)> <Delay = 0.00>
ST_4 : Operation 32 [1/1] (0.00ns)   --->   "%tmp_6_i = call i32 (...)* @_ssdm_op_SpecRegionBegin([12 x i8]* @p_str3)" [D:/xilinx/Vivado/2018.3/common/technology/autopilot/hls/hls_video_core.h:672->D:/xilinx/Vivado/2018.3/common/technology/autopilot/hls/hls_video_core.h:711->D:/xilinx/Vivado/2018.3/common/technology/autopilot/hls/hls_video_arithm.h:1493]   --->   Operation 32 'specregionbegin' 'tmp_6_i' <Predicate = (!exitcond_i)> <Delay = 0.00>
ST_4 : Operation 33 [1/1] (0.00ns)   --->   "call void (...)* @_ssdm_op_SpecProtocol(i32 0, [1 x i8]* @p_str) nounwind" [D:/xilinx/Vivado/2018.3/common/technology/autopilot/hls/hls_video_core.h:676->D:/xilinx/Vivado/2018.3/common/technology/autopilot/hls/hls_video_core.h:711->D:/xilinx/Vivado/2018.3/common/technology/autopilot/hls/hls_video_arithm.h:1493]   --->   Operation 33 'specprotocol' <Predicate = (!exitcond_i)> <Delay = 0.00>
ST_4 : Operation 34 [1/1] (1.83ns)   --->   "%tmp = call i8 @_ssdm_op_Read.ap_fifo.volatile.i8P(i8* %src_data_stream_V)" [D:/xilinx/Vivado/2018.3/common/technology/autopilot/hls/hls_video_core.h:679->D:/xilinx/Vivado/2018.3/common/technology/autopilot/hls/hls_video_core.h:711->D:/xilinx/Vivado/2018.3/common/technology/autopilot/hls/hls_video_arithm.h:1493]   --->   Operation 34 'read' 'tmp' <Predicate = (!exitcond_i)> <Delay = 1.83> <Core = "FIFO">   --->   Core 32 'FIFO' <Latency = 0> <II = 1> <Delay = 1.83> <Storage> <Opcode : 'read' 'write' 'nbread' 'nbwrite'> <Ports = 0> <Width = 10> <Depth = 2> <FIFO>
ST_4 : Operation 35 [1/1] (0.00ns)   --->   "%empty = call i32 (...)* @_ssdm_op_SpecRegionEnd([12 x i8]* @p_str3, i32 %tmp_6_i)" [D:/xilinx/Vivado/2018.3/common/technology/autopilot/hls/hls_video_core.h:681->D:/xilinx/Vivado/2018.3/common/technology/autopilot/hls/hls_video_core.h:711->D:/xilinx/Vivado/2018.3/common/technology/autopilot/hls/hls_video_arithm.h:1493]   --->   Operation 35 'specregionend' 'empty' <Predicate = (!exitcond_i)> <Delay = 0.00>
ST_4 : Operation 36 [1/1] (0.84ns)   --->   "%tmp_3_i = icmp ugt i8 %tmp, -79" [D:/xilinx/Vivado/2018.3/common/technology/autopilot/hls/hls_video_arithm.h:1497]   --->   Operation 36 'icmp' 'tmp_3_i' <Predicate = (!exitcond_i)> <Delay = 0.84> <Core = "Cmp">   --->   Core 25 'Cmp' <Latency = 0> <II = 1> <Delay = 0.84> <FuncUnit> <Opcode : 'icmp'> <InPorts = 2> <OutPorts = 1>
ST_4 : Operation 37 [1/1] (0.17ns)   --->   "%tmp_3 = select i1 %tmp_3_i, i8 -1, i8 0" [D:/xilinx/Vivado/2018.3/common/technology/autopilot/hls/hls_video_arithm.h:1497]   --->   Operation 37 'select' 'tmp_3' <Predicate = (!exitcond_i)> <Delay = 0.17> <Core = "Sel">   --->   Core 26 'Sel' <Latency = 0> <II = 1> <Delay = 0.17> <FuncUnit> <Opcode : 'select'> <InPorts = 3> <OutPorts = 1>
ST_4 : Operation 38 [1/1] (0.00ns)   --->   "%tmp_7_i = call i32 (...)* @_ssdm_op_SpecRegionBegin([12 x i8]* @p_str1)" [D:/xilinx/Vivado/2018.3/common/technology/autopilot/hls/hls_video_core.h:696->D:/xilinx/Vivado/2018.3/common/technology/autopilot/hls/hls_video_core.h:717->D:/xilinx/Vivado/2018.3/common/technology/autopilot/hls/hls_video_arithm.h:1516]   --->   Operation 38 'specregionbegin' 'tmp_7_i' <Predicate = (!exitcond_i)> <Delay = 0.00>
ST_4 : Operation 39 [1/1] (0.00ns)   --->   "call void (...)* @_ssdm_op_SpecProtocol(i32 0, [1 x i8]* @p_str) nounwind" [D:/xilinx/Vivado/2018.3/common/technology/autopilot/hls/hls_video_core.h:700->D:/xilinx/Vivado/2018.3/common/technology/autopilot/hls/hls_video_core.h:717->D:/xilinx/Vivado/2018.3/common/technology/autopilot/hls/hls_video_arithm.h:1516]   --->   Operation 39 'specprotocol' <Predicate = (!exitcond_i)> <Delay = 0.00>
ST_4 : Operation 40 [1/1] (1.83ns)   --->   "call void @_ssdm_op_Write.ap_fifo.volatile.i8P(i8* %dst_data_stream_V, i8 %tmp_3)" [D:/xilinx/Vivado/2018.3/common/technology/autopilot/hls/hls_video_core.h:703->D:/xilinx/Vivado/2018.3/common/technology/autopilot/hls/hls_video_core.h:717->D:/xilinx/Vivado/2018.3/common/technology/autopilot/hls/hls_video_arithm.h:1516]   --->   Operation 40 'write' <Predicate = (!exitcond_i)> <Delay = 1.83> <Core = "FIFO">   --->   Core 32 'FIFO' <Latency = 0> <II = 1> <Delay = 1.83> <Storage> <Opcode : 'read' 'write' 'nbread' 'nbwrite'> <Ports = 0> <Width = 10> <Depth = 2> <FIFO>
ST_4 : Operation 41 [1/1] (0.00ns)   --->   "%empty_91 = call i32 (...)* @_ssdm_op_SpecRegionEnd([12 x i8]* @p_str1, i32 %tmp_7_i)" [D:/xilinx/Vivado/2018.3/common/technology/autopilot/hls/hls_video_core.h:705->D:/xilinx/Vivado/2018.3/common/technology/autopilot/hls/hls_video_core.h:717->D:/xilinx/Vivado/2018.3/common/technology/autopilot/hls/hls_video_arithm.h:1516]   --->   Operation 41 'specregionend' 'empty_91' <Predicate = (!exitcond_i)> <Delay = 0.00>
ST_4 : Operation 42 [1/1] (0.00ns)   --->   "%empty_92 = call i32 (...)* @_ssdm_op_SpecRegionEnd([11 x i8]* @p_str10, i32 %tmp_5_i)" [D:/xilinx/Vivado/2018.3/common/technology/autopilot/hls/hls_video_arithm.h:1517]   --->   Operation 42 'specregionend' 'empty_92' <Predicate = (!exitcond_i)> <Delay = 0.00>
ST_4 : Operation 43 [1/1] (0.00ns)   --->   "br label %2" [D:/xilinx/Vivado/2018.3/common/technology/autopilot/hls/hls_video_arithm.h:1490]   --->   Operation 43 'br' <Predicate = (!exitcond_i)> <Delay = 0.00>

State 5 <SV = 3> <Delay = 0.00>
ST_5 : Operation 44 [1/1] (0.00ns)   --->   "%empty_93 = call i32 (...)* @_ssdm_op_SpecRegionEnd([12 x i8]* @p_str9, i32 %tmp_i)" [D:/xilinx/Vivado/2018.3/common/technology/autopilot/hls/hls_video_arithm.h:1518]   --->   Operation 44 'specregionend' 'empty_93' <Predicate = true> <Delay = 0.00>
ST_5 : Operation 45 [1/1] (0.00ns)   --->   "br label %0" [D:/xilinx/Vivado/2018.3/common/technology/autopilot/hls/hls_video_arithm.h:1489]   --->   Operation 45 'br' <Predicate = true> <Delay = 0.00>


============================================================
+ Verbose Summary: Binding
============================================================
STG Binding: 
---------------- STG Properties BEGIN ----------------
- Is combinational: 0
- Is one-state seq: 0
- Is datapath-only: 0
- Is pipelined: 0
- Is top level: 0
Port [ Return ] is wired: 1; IO mode=ap_ctrl_hs:ce=0
Port [ src_data_stream_V]:  wired=1; compound=1; hidden=0; nouse=0; global=0; static=0; extern=0; dir=0; type=3; pingpong=0; private_global=0; IO mode=ap_fifo:ce=0
Port [ dst_rows_V]:  wired=1; compound=1; hidden=0; nouse=0; global=0; static=0; extern=0; dir=0; type=3; pingpong=0; private_global=0; IO mode=ap_fifo:ce=0
Port [ dst_cols_V]:  wired=1; compound=1; hidden=0; nouse=0; global=0; static=0; extern=0; dir=0; type=3; pingpong=0; private_global=0; IO mode=ap_fifo:ce=0
Port [ dst_data_stream_V]:  wired=1; compound=1; hidden=0; nouse=0; global=0; static=0; extern=0; dir=1; type=3; pingpong=0; private_global=0; IO mode=ap_fifo:ce=0
---------------- STG Properties END ------------------

---------------- Datapath Model BEGIN ----------------

<LifeTime>
<method=bitvector/>
StgValue_6      (specinterface    ) [ 000000]
StgValue_7      (specinterface    ) [ 000000]
StgValue_8      (specinterface    ) [ 000000]
StgValue_9      (specinterface    ) [ 000000]
dst_rows_V_read (read             ) [ 000000]
rows_V          (sext             ) [ 001111]
dst_cols_V_read (read             ) [ 000000]
cols_V          (sext             ) [ 001111]
StgValue_14     (br               ) [ 011111]
t_V             (phi              ) [ 001000]
exitcond1_i     (icmp             ) [ 001111]
StgValue_17     (speclooptripcount) [ 000000]
i_V             (add              ) [ 011111]
StgValue_19     (br               ) [ 000000]
StgValue_20     (specloopname     ) [ 000000]
tmp_i           (specregionbegin  ) [ 000111]
StgValue_22     (br               ) [ 001111]
StgValue_23     (ret              ) [ 000000]
t_V_2           (phi              ) [ 000100]
exitcond_i      (icmp             ) [ 001111]
StgValue_26     (speclooptripcount) [ 000000]
j_V             (add              ) [ 001111]
StgValue_28     (br               ) [ 000000]
StgValue_29     (specloopname     ) [ 000000]
tmp_5_i         (specregionbegin  ) [ 000000]
StgValue_31     (specpipeline     ) [ 000000]
tmp_6_i         (specregionbegin  ) [ 000000]
StgValue_33     (specprotocol     ) [ 000000]
tmp             (read             ) [ 000000]
empty           (specregionend    ) [ 000000]
tmp_3_i         (icmp             ) [ 000000]
tmp_3           (select           ) [ 000000]
tmp_7_i         (specregionbegin  ) [ 000000]
StgValue_39     (specprotocol     ) [ 000000]
StgValue_40     (write            ) [ 000000]
empty_91        (specregionend    ) [ 000000]
empty_92        (specregionend    ) [ 000000]
StgValue_43     (br               ) [ 001111]
empty_93        (specregionend    ) [ 000000]
StgValue_45     (br               ) [ 011111]
</LifeTime>

<model>

<comp_list>
<comp id="0" class="1000" name="src_data_stream_V">
<pin_list>
<pin id="1" dir="1" index="0" bw="1" slack="0"/>
</pin_list>
<bind>
<StgValue><ssdm name="src_data_stream_V"/></StgValue>
</bind>
</comp>

<comp id="2" class="1000" name="dst_rows_V">
<pin_list>
<pin id="3" dir="1" index="0" bw="1" slack="0"/>
</pin_list>
<bind>
<StgValue><ssdm name="dst_rows_V"/></StgValue>
</bind>
</comp>

<comp id="4" class="1000" name="dst_cols_V">
<pin_list>
<pin id="5" dir="1" index="0" bw="1" slack="0"/>
</pin_list>
<bind>
<StgValue><ssdm name="dst_cols_V"/></StgValue>
</bind>
</comp>

<comp id="6" class="1000" name="dst_data_stream_V">
<pin_list>
<pin id="7" dir="1" index="0" bw="1" slack="0"/>
</pin_list>
<bind>
<StgValue><ssdm name="dst_data_stream_V"/></StgValue>
</bind>
</comp>

<comp id="8" class="1001" name="const_8">
<pin_list>
<pin id="9" dir="1" index="0" bw="1" slack="2147483647"/>
</pin_list>
<bind>
<StgValue><ssdm name="_ssdm_op_SpecInterface"/></StgValue>
</bind>
</comp>

<comp id="10" class="1001" name="const_10">
<pin_list>
<pin id="11" dir="1" index="0" bw="1" slack="2147483647"/>
</pin_list>
<bind>
<StgValue><ssdm name="ap_fifo_str"/></StgValue>
</bind>
</comp>

<comp id="12" class="1001" name="const_12">
<pin_list>
<pin id="13" dir="1" index="0" bw="1" slack="1"/>
</pin_list>
<bind>
<StgValue><ssdm name=""/></StgValue>
</bind>
</comp>

<comp id="14" class="1001" name="const_14">
<pin_list>
<pin id="15" dir="1" index="0" bw="1" slack="2147483647"/>
</pin_list>
<bind>
<StgValue><ssdm name="p_str"/></StgValue>
</bind>
</comp>

<comp id="16" class="1001" name="const_16">
<pin_list>
<pin id="17" dir="1" index="0" bw="1" slack="2147483647"/>
</pin_list>
<bind>
<StgValue><ssdm name=""/></StgValue>
</bind>
</comp>

<comp id="18" class="1001" name="const_18">
<pin_list>
<pin id="19" dir="1" index="0" bw="1" slack="2147483647"/>
</pin_list>
<bind>
<StgValue><ssdm name=""/></StgValue>
</bind>
</comp>

<comp id="20" class="1001" name="const_20">
<pin_list>
<pin id="21" dir="1" index="0" bw="1" slack="2147483647"/>
</pin_list>
<bind>
<StgValue><ssdm name="ScalarProp_str"/></StgValue>
</bind>
</comp>

<comp id="22" class="1001" name="const_22">
<pin_list>
<pin id="23" dir="1" index="0" bw="1" slack="0"/>
</pin_list>
<bind>
<StgValue><ssdm name="_ssdm_op_Read.ap_fifo.i9P"/></StgValue>
</bind>
</comp>

<comp id="24" class="1001" name="const_24">
<pin_list>
<pin id="25" dir="1" index="0" bw="1" slack="0"/>
</pin_list>
<bind>
<StgValue><ssdm name="_ssdm_op_Read.ap_fifo.i10P"/></StgValue>
</bind>
</comp>

<comp id="26" class="1001" name="const_26">
<pin_list>
<pin id="27" dir="1" index="0" bw="1" slack="2147483647"/>
</pin_list>
<bind>
<StgValue><ssdm name="_ssdm_op_SpecLoopTripCount"/></StgValue>
</bind>
</comp>

<comp id="28" class="1001" name="const_28">
<pin_list>
<pin id="29" dir="1" index="0" bw="1" slack="2147483647"/>
</pin_list>
<bind>
<StgValue><ssdm name=""/></StgValue>
</bind>
</comp>

<comp id="30" class="1001" name="const_30">
<pin_list>
<pin id="31" dir="1" index="0" bw="1" slack="2147483647"/>
</pin_list>
<bind>
<StgValue><ssdm name=""/></StgValue>
</bind>
</comp>

<comp id="32" class="1001" name="const_32">
<pin_list>
<pin id="33" dir="1" index="0" bw="1" slack="0"/>
</pin_list>
<bind>
<StgValue><ssdm name=""/></StgValue>
</bind>
</comp>

<comp id="34" class="1001" name="const_34">
<pin_list>
<pin id="35" dir="1" index="0" bw="1" slack="2147483647"/>
</pin_list>
<bind>
<StgValue><ssdm name="_ssdm_op_SpecLoopName"/></StgValue>
</bind>
</comp>

<comp id="36" class="1001" name="const_36">
<pin_list>
<pin id="37" dir="1" index="0" bw="1" slack="2147483647"/>
</pin_list>
<bind>
<StgValue><ssdm name="p_str9"/></StgValue>
</bind>
</comp>

<comp id="38" class="1001" name="const_38">
<pin_list>
<pin id="39" dir="1" index="0" bw="1" slack="2147483647"/>
</pin_list>
<bind>
<StgValue><ssdm name="_ssdm_op_SpecRegionBegin"/></StgValue>
</bind>
</comp>

<comp id="40" class="1001" name="const_40">
<pin_list>
<pin id="41" dir="1" index="0" bw="1" slack="2147483647"/>
</pin_list>
<bind>
<StgValue><ssdm name=""/></StgValue>
</bind>
</comp>

<comp id="42" class="1001" name="const_42">
<pin_list>
<pin id="43" dir="1" index="0" bw="1" slack="2147483647"/>
</pin_list>
<bind>
<StgValue><ssdm name="p_str10"/></StgValue>
</bind>
</comp>

<comp id="44" class="1001" name="const_44">
<pin_list>
<pin id="45" dir="1" index="0" bw="1" slack="2147483647"/>
</pin_list>
<bind>
<StgValue><ssdm name="_ssdm_op_SpecPipeline"/></StgValue>
</bind>
</comp>

<comp id="46" class="1001" name="const_46">
<pin_list>
<pin id="47" dir="1" index="0" bw="1" slack="2147483647"/>
</pin_list>
<bind>
<StgValue><ssdm name="p_str248"/></StgValue>
</bind>
</comp>

<comp id="48" class="1001" name="const_48">
<pin_list>
<pin id="49" dir="1" index="0" bw="1" slack="2147483647"/>
</pin_list>
<bind>
<StgValue><ssdm name="p_str3"/></StgValue>
</bind>
</comp>

<comp id="50" class="1001" name="const_50">
<pin_list>
<pin id="51" dir="1" index="0" bw="1" slack="2147483647"/>
</pin_list>
<bind>
<StgValue><ssdm name="_ssdm_op_SpecProtocol"/></StgValue>
</bind>
</comp>

<comp id="52" class="1001" name="const_52">
<pin_list>
<pin id="53" dir="1" index="0" bw="1" slack="0"/>
</pin_list>
<bind>
<StgValue><ssdm name="_ssdm_op_Read.ap_fifo.volatile.i8P"/></StgValue>
</bind>
</comp>

<comp id="54" class="1001" name="const_54">
<pin_list>
<pin id="55" dir="1" index="0" bw="1" slack="2147483647"/>
</pin_list>
<bind>
<StgValue><ssdm name="_ssdm_op_SpecRegionEnd"/></StgValue>
</bind>
</comp>

<comp id="56" class="1001" name="const_56">
<pin_list>
<pin id="57" dir="1" index="0" bw="1" slack="0"/>
</pin_list>
<bind>
<StgValue><ssdm name=""/></StgValue>
</bind>
</comp>

<comp id="58" class="1001" name="const_58">
<pin_list>
<pin id="59" dir="1" index="0" bw="1" slack="0"/>
</pin_list>
<bind>
<StgValue><ssdm name=""/></StgValue>
</bind>
</comp>

<comp id="60" class="1001" name="const_60">
<pin_list>
<pin id="61" dir="1" index="0" bw="1" slack="0"/>
</pin_list>
<bind>
<StgValue><ssdm name=""/></StgValue>
</bind>
</comp>

<comp id="62" class="1001" name="const_62">
<pin_list>
<pin id="63" dir="1" index="0" bw="1" slack="2147483647"/>
</pin_list>
<bind>
<StgValue><ssdm name="p_str1"/></StgValue>
</bind>
</comp>

<comp id="64" class="1001" name="const_64">
<pin_list>
<pin id="65" dir="1" index="0" bw="1" slack="0"/>
</pin_list>
<bind>
<StgValue><ssdm name="_ssdm_op_Write.ap_fifo.volatile.i8P"/></StgValue>
</bind>
</comp>

<comp id="66" class="1004" name="dst_rows_V_read_read_fu_66">
<pin_list>
<pin id="67" dir="0" index="0" bw="9" slack="0"/>
<pin id="68" dir="0" index="1" bw="9" slack="0"/>
<pin id="69" dir="1" index="2" bw="9" slack="0"/>
</pin_list>
<bind>
<opcode="read(1150) " fcode="read"/>
<opset="dst_rows_V_read/1 "/>
</bind>
</comp>

<comp id="72" class="1004" name="dst_cols_V_read_read_fu_72">
<pin_list>
<pin id="73" dir="0" index="0" bw="10" slack="0"/>
<pin id="74" dir="0" index="1" bw="10" slack="0"/>
<pin id="75" dir="1" index="2" bw="10" slack="0"/>
</pin_list>
<bind>
<opcode="read(1150) " fcode="read"/>
<opset="dst_cols_V_read/1 "/>
</bind>
</comp>

<comp id="78" class="1004" name="tmp_read_fu_78">
<pin_list>
<pin id="79" dir="0" index="0" bw="8" slack="0"/>
<pin id="80" dir="0" index="1" bw="8" slack="0"/>
<pin id="81" dir="1" index="2" bw="8" slack="0"/>
</pin_list>
<bind>
<opcode="read(1150) " fcode="read"/>
<opset="tmp/4 "/>
</bind>
</comp>

<comp id="84" class="1004" name="StgValue_40_write_fu_84">
<pin_list>
<pin id="85" dir="0" index="0" bw="0" slack="0"/>
<pin id="86" dir="0" index="1" bw="8" slack="0"/>
<pin id="87" dir="0" index="2" bw="8" slack="0"/>
<pin id="88" dir="1" index="3" bw="0" slack="2147483647"/>
</pin_list>
<bind>
<opcode="write(1151) " fcode="write"/>
<opset="StgValue_40/4 "/>
</bind>
</comp>

<comp id="91" class="1005" name="t_V_reg_91">
<pin_list>
<pin id="92" dir="0" index="0" bw="32" slack="1"/>
<pin id="93" dir="1" index="1" bw="32" slack="1"/>
</pin_list>
<bind>
<opset="t_V (phireg) "/>
</bind>
</comp>

<comp id="95" class="1004" name="t_V_phi_fu_95">
<pin_list>
<pin id="96" dir="0" index="0" bw="1" slack="1"/>
<pin id="97" dir="0" index="1" bw="0" slack="2147483647"/>
<pin id="98" dir="0" index="2" bw="32" slack="0"/>
<pin id="99" dir="0" index="3" bw="0" slack="2147483647"/>
<pin id="100" dir="1" index="4" bw="32" slack="0"/>
</pin_list>
<bind>
<opcode="phi(47) " fcode="phi"/>
<opset="t_V/2 "/>
</bind>
</comp>

<comp id="102" class="1005" name="t_V_2_reg_102">
<pin_list>
<pin id="103" dir="0" index="0" bw="32" slack="1"/>
<pin id="104" dir="1" index="1" bw="32" slack="1"/>
</pin_list>
<bind>
<opset="t_V_2 (phireg) "/>
</bind>
</comp>

<comp id="106" class="1004" name="t_V_2_phi_fu_106">
<pin_list>
<pin id="107" dir="0" index="0" bw="1" slack="1"/>
<pin id="108" dir="0" index="1" bw="0" slack="2147483647"/>
<pin id="109" dir="0" index="2" bw="32" slack="0"/>
<pin id="110" dir="0" index="3" bw="0" slack="2147483647"/>
<pin id="111" dir="1" index="4" bw="32" slack="0"/>
</pin_list>
<bind>
<opcode="phi(47) " fcode="phi"/>
<opset="t_V_2/3 "/>
</bind>
</comp>

<comp id="113" class="1004" name="rows_V_fu_113">
<pin_list>
<pin id="114" dir="0" index="0" bw="9" slack="0"/>
<pin id="115" dir="1" index="1" bw="32" slack="1"/>
</pin_list>
<bind>
<opcode="sext(35) " fcode="sext"/>
<opset="rows_V/1 "/>
</bind>
</comp>

<comp id="117" class="1004" name="cols_V_fu_117">
<pin_list>
<pin id="118" dir="0" index="0" bw="10" slack="0"/>
<pin id="119" dir="1" index="1" bw="32" slack="2"/>
</pin_list>
<bind>
<opcode="sext(35) " fcode="sext"/>
<opset="cols_V/1 "/>
</bind>
</comp>

<comp id="121" class="1004" name="exitcond1_i_fu_121">
<pin_list>
<pin id="122" dir="0" index="0" bw="32" slack="0"/>
<pin id="123" dir="0" index="1" bw="9" slack="1"/>
<pin id="124" dir="1" index="2" bw="1" slack="1"/>
</pin_list>
<bind>
<opcode="icmp(45) " fcode="icmp"/>
<opset="exitcond1_i/2 "/>
</bind>
</comp>

<comp id="126" class="1004" name="i_V_fu_126">
<pin_list>
<pin id="127" dir="0" index="0" bw="32" slack="0"/>
<pin id="128" dir="0" index="1" bw="1" slack="0"/>
<pin id="129" dir="1" index="2" bw="32" slack="0"/>
</pin_list>
<bind>
<opcode="add(8) " fcode="add"/>
<opset="i_V/2 "/>
</bind>
</comp>

<comp id="132" class="1004" name="exitcond_i_fu_132">
<pin_list>
<pin id="133" dir="0" index="0" bw="32" slack="0"/>
<pin id="134" dir="0" index="1" bw="10" slack="2"/>
<pin id="135" dir="1" index="2" bw="1" slack="1"/>
</pin_list>
<bind>
<opcode="icmp(45) " fcode="icmp"/>
<opset="exitcond_i/3 "/>
</bind>
</comp>

<comp id="137" class="1004" name="j_V_fu_137">
<pin_list>
<pin id="138" dir="0" index="0" bw="32" slack="0"/>
<pin id="139" dir="0" index="1" bw="1" slack="0"/>
<pin id="140" dir="1" index="2" bw="32" slack="0"/>
</pin_list>
<bind>
<opcode="add(8) " fcode="add"/>
<opset="j_V/3 "/>
</bind>
</comp>

<comp id="143" class="1004" name="tmp_3_i_fu_143">
<pin_list>
<pin id="144" dir="0" index="0" bw="8" slack="0"/>
<pin id="145" dir="0" index="1" bw="8" slack="0"/>
<pin id="146" dir="1" index="2" bw="1" slack="0"/>
</pin_list>
<bind>
<opcode="icmp(45) " fcode="icmp"/>
<opset="tmp_3_i/4 "/>
</bind>
</comp>

<comp id="149" class="1004" name="tmp_3_fu_149">
<pin_list>
<pin id="150" dir="0" index="0" bw="1" slack="0"/>
<pin id="151" dir="0" index="1" bw="1" slack="0"/>
<pin id="152" dir="0" index="2" bw="1" slack="0"/>
<pin id="153" dir="1" index="3" bw="8" slack="0"/>
</pin_list>
<bind>
<opcode="select(49) " fcode="select"/>
<opset="tmp_3/4 "/>
</bind>
</comp>

<comp id="158" class="1005" name="rows_V_reg_158">
<pin_list>
<pin id="159" dir="0" index="0" bw="32" slack="1"/>
<pin id="160" dir="1" index="1" bw="32" slack="1"/>
</pin_list>
<bind>
<opset="rows_V "/>
</bind>
</comp>

<comp id="163" class="1005" name="cols_V_reg_163">
<pin_list>
<pin id="164" dir="0" index="0" bw="32" slack="2"/>
<pin id="165" dir="1" index="1" bw="32" slack="2"/>
</pin_list>
<bind>
<opset="cols_V "/>
</bind>
</comp>

<comp id="168" class="1005" name="exitcond1_i_reg_168">
<pin_list>
<pin id="169" dir="0" index="0" bw="1" slack="1"/>
<pin id="170" dir="1" index="1" bw="1" slack="2147483647"/>
</pin_list>
<bind>
<opset="exitcond1_i "/>
</bind>
</comp>

<comp id="172" class="1005" name="i_V_reg_172">
<pin_list>
<pin id="173" dir="0" index="0" bw="32" slack="0"/>
<pin id="174" dir="1" index="1" bw="32" slack="0"/>
</pin_list>
<bind>
<opset="i_V "/>
</bind>
</comp>

<comp id="177" class="1005" name="exitcond_i_reg_177">
<pin_list>
<pin id="178" dir="0" index="0" bw="1" slack="1"/>
<pin id="179" dir="1" index="1" bw="1" slack="2147483647"/>
</pin_list>
<bind>
<opset="exitcond_i "/>
</bind>
</comp>

<comp id="181" class="1005" name="j_V_reg_181">
<pin_list>
<pin id="182" dir="0" index="0" bw="32" slack="0"/>
<pin id="183" dir="1" index="1" bw="32" slack="0"/>
</pin_list>
<bind>
<opset="j_V "/>
</bind>
</comp>

</comp_list>

<net_list>
<net id="70"><net_src comp="22" pin="0"/><net_sink comp="66" pin=0"/></net>

<net id="71"><net_src comp="2" pin="0"/><net_sink comp="66" pin=1"/></net>

<net id="76"><net_src comp="24" pin="0"/><net_sink comp="72" pin=0"/></net>

<net id="77"><net_src comp="4" pin="0"/><net_sink comp="72" pin=1"/></net>

<net id="82"><net_src comp="52" pin="0"/><net_sink comp="78" pin=0"/></net>

<net id="83"><net_src comp="0" pin="0"/><net_sink comp="78" pin=1"/></net>

<net id="89"><net_src comp="64" pin="0"/><net_sink comp="84" pin=0"/></net>

<net id="90"><net_src comp="6" pin="0"/><net_sink comp="84" pin=1"/></net>

<net id="94"><net_src comp="12" pin="0"/><net_sink comp="91" pin=0"/></net>

<net id="101"><net_src comp="91" pin="1"/><net_sink comp="95" pin=0"/></net>

<net id="105"><net_src comp="12" pin="0"/><net_sink comp="102" pin=0"/></net>

<net id="112"><net_src comp="102" pin="1"/><net_sink comp="106" pin=0"/></net>

<net id="116"><net_src comp="66" pin="2"/><net_sink comp="113" pin=0"/></net>

<net id="120"><net_src comp="72" pin="2"/><net_sink comp="117" pin=0"/></net>

<net id="125"><net_src comp="95" pin="4"/><net_sink comp="121" pin=0"/></net>

<net id="130"><net_src comp="95" pin="4"/><net_sink comp="126" pin=0"/></net>

<net id="131"><net_src comp="32" pin="0"/><net_sink comp="126" pin=1"/></net>

<net id="136"><net_src comp="106" pin="4"/><net_sink comp="132" pin=0"/></net>

<net id="141"><net_src comp="106" pin="4"/><net_sink comp="137" pin=0"/></net>

<net id="142"><net_src comp="32" pin="0"/><net_sink comp="137" pin=1"/></net>

<net id="147"><net_src comp="78" pin="2"/><net_sink comp="143" pin=0"/></net>

<net id="148"><net_src comp="56" pin="0"/><net_sink comp="143" pin=1"/></net>

<net id="154"><net_src comp="143" pin="2"/><net_sink comp="149" pin=0"/></net>

<net id="155"><net_src comp="58" pin="0"/><net_sink comp="149" pin=1"/></net>

<net id="156"><net_src comp="60" pin="0"/><net_sink comp="149" pin=2"/></net>

<net id="157"><net_src comp="149" pin="3"/><net_sink comp="84" pin=2"/></net>

<net id="161"><net_src comp="113" pin="1"/><net_sink comp="158" pin=0"/></net>

<net id="162"><net_src comp="158" pin="1"/><net_sink comp="121" pin=1"/></net>

<net id="166"><net_src comp="117" pin="1"/><net_sink comp="163" pin=0"/></net>

<net id="167"><net_src comp="163" pin="1"/><net_sink comp="132" pin=1"/></net>

<net id="171"><net_src comp="121" pin="2"/><net_sink comp="168" pin=0"/></net>

<net id="175"><net_src comp="126" pin="2"/><net_sink comp="172" pin=0"/></net>

<net id="176"><net_src comp="172" pin="1"/><net_sink comp="95" pin=2"/></net>

<net id="180"><net_src comp="132" pin="2"/><net_sink comp="177" pin=0"/></net>

<net id="184"><net_src comp="137" pin="2"/><net_sink comp="181" pin=0"/></net>

<net id="185"><net_src comp="181" pin="1"/><net_sink comp="106" pin=2"/></net>

</net_list>

</model> 
---------------- Datapath Model END ------------------

* FSMD analyzer results:
  - Output states:
	Port: dst_data_stream_V | {4 }
 - Input state : 
	Port: Threshold : src_data_stream_V | {4 }
	Port: Threshold : dst_rows_V | {1 }
	Port: Threshold : dst_cols_V | {1 }
  - Chain level:
	State 1
	State 2
		exitcond1_i : 1
		i_V : 1
		StgValue_19 : 2
	State 3
		exitcond_i : 1
		j_V : 1
		StgValue_28 : 2
	State 4
		empty : 1
		tmp_3 : 1
		StgValue_40 : 2
		empty_91 : 1
		empty_92 : 1
	State 5


============================================================
+ Verbose Summary: Datapath Resource usage 
============================================================

* Functional unit list:
|----------|----------------------------|---------|---------|
| Operation|       Functional Unit      |    FF   |   LUT   |
|----------|----------------------------|---------|---------|
|    add   |         i_V_fu_126         |    0    |    39   |
|          |         j_V_fu_137         |    0    |    39   |
|----------|----------------------------|---------|---------|
|          |     exitcond1_i_fu_121     |    0    |    20   |
|   icmp   |      exitcond_i_fu_132     |    0    |    20   |
|          |       tmp_3_i_fu_143       |    0    |    11   |
|----------|----------------------------|---------|---------|
|  select  |        tmp_3_fu_149        |    0    |    2    |
|----------|----------------------------|---------|---------|
|          | dst_rows_V_read_read_fu_66 |    0    |    0    |
|   read   | dst_cols_V_read_read_fu_72 |    0    |    0    |
|          |       tmp_read_fu_78       |    0    |    0    |
|----------|----------------------------|---------|---------|
|   write  |   StgValue_40_write_fu_84  |    0    |    0    |
|----------|----------------------------|---------|---------|
|   sext   |        rows_V_fu_113       |    0    |    0    |
|          |        cols_V_fu_117       |    0    |    0    |
|----------|----------------------------|---------|---------|
|   Total  |                            |    0    |   131   |
|----------|----------------------------|---------|---------|

Memories:
N/A

* Register list:
+-------------------+--------+
|                   |   FF   |
+-------------------+--------+
|   cols_V_reg_163  |   32   |
|exitcond1_i_reg_168|    1   |
| exitcond_i_reg_177|    1   |
|    i_V_reg_172    |   32   |
|    j_V_reg_181    |   32   |
|   rows_V_reg_158  |   32   |
|   t_V_2_reg_102   |   32   |
|     t_V_reg_91    |   32   |
+-------------------+--------+
|       Total       |   194  |
+-------------------+--------+

* Multiplexer (MUX) list: 
|--------|------|------|------|--------|
|  Comp  |  Pin | Size |  BW  | S x BW |
|--------|------|------|------|--------|
|  Total |      |      |      |    0   |
|--------|------|------|------|--------|



* Summary:
+-----------+--------+--------+
|           |   FF   |   LUT  |
+-----------+--------+--------+
|  Function |    0   |   131  |
|   Memory  |    -   |    -   |
|Multiplexer|    -   |    -   |
|  Register |   194  |    -   |
+-----------+--------+--------+
|   Total   |   194  |   131  |
+-----------+--------+--------+
