

================================================================
== Vivado HLS Report for 'CvtColor'
================================================================
* Date:           Sat Jun  4 16:23:41 2022

* Version:        2018.3 (Build 2405991 on Thu Dec 06 23:56:15 MST 2018)
* Project:        Sobel_SkLines
* Solution:       solution1
* Product family: zynquplus
* Target device:  xczu9eg-ffvb1156-2-i


================================================================
== Performance Estimates
================================================================
+ Timing (ns): 
    * Summary: 
    +--------+-------+----------+------------+
    |  Clock | Target| Estimated| Uncertainty|
    +--------+-------+----------+------------+
    |ap_clk  |  10.00|     6.410|        1.25|
    +--------+-------+----------+------------+

+ Latency (clock cycles): 
    * Summary: 
    +-----+---------+-----+---------+---------+
    |    Latency    |    Interval   | Pipeline|
    | min |   max   | min |   max   |   Type  |
    +-----+---------+-----+---------+---------+
    |    1|  1027201|    1|  1027201|   none  |
    +-----+---------+-----+---------+---------+

    + Detail: 
        * Instance: 
        N/A

        * Loop: 
        +---------------+-----+---------+----------+-----------+-----------+----------+----------+
        |               |    Latency    | Iteration|  Initiation Interval  |   Trip   |          |
        |   Loop Name   | min |   max   |  Latency |  achieved |   target  |   Count  | Pipelined|
        +---------------+-----+---------+----------+-----------+-----------+----------+----------+
        |- loop_height  |    0|  1027200| 3 ~ 1284 |          -|          -|  0 ~ 800 |    no    |
        | + loop_width  |    0|     1281|         3|          1|          1| 0 ~ 1280 |    yes   |
        +---------------+-----+---------+----------+-----------+-----------+----------+----------+



================================================================
== Utilization Estimates
================================================================
* Summary: 
+-----------------+---------+-------+--------+--------+-----+
|       Name      | BRAM_18K| DSP48E|   FF   |   LUT  | URAM|
+-----------------+---------+-------+--------+--------+-----+
|DSP              |        -|      3|       -|       -|    -|
|Expression       |        -|      -|       0|     155|    -|
|FIFO             |        -|      -|       -|       -|    -|
|Instance         |        -|      -|       -|       -|    -|
|Memory           |        -|      -|       -|       -|    -|
|Multiplexer      |        -|      -|       -|     135|    -|
|Register         |        -|      -|     205|       -|    -|
+-----------------+---------+-------+--------+--------+-----+
|Total            |        0|      3|     205|     290|    0|
+-----------------+---------+-------+--------+--------+-----+
|Available        |     1824|   2520|  548160|  274080|    0|
+-----------------+---------+-------+--------+--------+-----+
|Utilization (%)  |        0|   ~0  |   ~0   |   ~0   |    0|
+-----------------+---------+-------+--------+--------+-----+

+ Detail: 
    * Instance: 
    N/A

    * DSP48: 
    +--------------------------+----------------------+--------------+
    |         Instance         |        Module        |  Expression  |
    +--------------------------+----------------------+--------------+
    |TOP_fuct_mac_mulacud_U42  |TOP_fuct_mac_mulacud  | i0 * i1 + i2 |
    |TOP_fuct_mac_muladEe_U43  |TOP_fuct_mac_muladEe  | i0 + i1 * i2 |
    |TOP_fuct_mul_mul_bkb_U41  |TOP_fuct_mul_mul_bkb  |    i0 * i1   |
    +--------------------------+----------------------+--------------+

    * Memory: 
    N/A

    * FIFO: 
    N/A

    * Expression: 
    +----------------------------------+----------+-------+---+----+------------+------------+
    |           Variable Name          | Operation| DSP48E| FF| LUT| Bitwidth P0| Bitwidth P1|
    +----------------------------------+----------+-------+---+----+------------+------------+
    |i_fu_160_p2                       |     +    |      0|  0|  38|          31|           1|
    |j_fu_175_p2                       |     +    |      0|  0|  38|          31|           1|
    |p_Val2_7_fu_215_p2                |     +    |      0|  0|  15|           8|           8|
    |ap_block_state5_pp0_stage0_iter2  |    and   |      0|  0|   2|           1|           1|
    |tmp_23_i_fu_170_p2                |   icmp   |      0|  0|  20|          32|          32|
    |tmp_i_fu_155_p2                   |   icmp   |      0|  0|  20|          32|          32|
    |ap_block_pp0_stage0_01001         |    or    |      0|  0|   2|           1|           1|
    |ap_block_state1                   |    or    |      0|  0|   2|           1|           1|
    |ap_block_state4_pp0_stage0_iter1  |    or    |      0|  0|   2|           1|           1|
    |deleted_zeros_fu_242_p2           |    or    |      0|  0|   2|           1|           1|
    |p_dst_data_stream_V_din           |  select  |      0|  0|   8|           1|           8|
    |ap_enable_pp0                     |    xor   |      0|  0|   2|           1|           2|
    |ap_enable_reg_pp0_iter1           |    xor   |      0|  0|   2|           2|           1|
    |rev_fu_228_p2                     |    xor   |      0|  0|   2|           1|           2|
    +----------------------------------+----------+-------+---+----+------------+------------+
    |Total                             |          |      0|  0| 155|         144|          92|
    +----------------------------------+----------+-------+---+----+------------+------------+

    * Multiplexer: 
    +-----------------------------+----+-----------+-----+-----------+
    |             Name            | LUT| Input Size| Bits| Total Bits|
    +-----------------------------+----+-----------+-----+-----------+
    |ap_NS_fsm                    |  27|          5|    1|          5|
    |ap_done                      |   9|          2|    1|          2|
    |ap_enable_reg_pp0_iter1      |   9|          2|    1|          2|
    |ap_enable_reg_pp0_iter2      |   9|          2|    1|          2|
    |i_i_reg_129                  |   9|          2|   31|         62|
    |j_i_reg_140                  |   9|          2|   31|         62|
    |p_dst_data_stream_V_blk_n    |   9|          2|    1|          2|
    |p_src_cols_V_blk_n           |   9|          2|    1|          2|
    |p_src_data_stream_0_V_blk_n  |   9|          2|    1|          2|
    |p_src_data_stream_1_V_blk_n  |   9|          2|    1|          2|
    |p_src_data_stream_2_V_blk_n  |   9|          2|    1|          2|
    |p_src_rows_V_blk_n           |   9|          2|    1|          2|
    |real_start                   |   9|          2|    1|          2|
    +-----------------------------+----+-----------+-----+-----------+
    |Total                        | 135|         29|   73|        149|
    +-----------------------------+----+-----------+-----+-----------+

    * Register: 
    +--------------------------------+----+----+-----+-----------+
    |              Name              | FF | LUT| Bits| Const Bits|
    +--------------------------------+----+----+-----+-----------+
    |ap_CS_fsm                       |   4|   0|    4|          0|
    |ap_done_reg                     |   1|   0|    1|          0|
    |ap_enable_reg_pp0_iter0         |   1|   0|    1|          0|
    |ap_enable_reg_pp0_iter1         |   1|   0|    1|          0|
    |ap_enable_reg_pp0_iter2         |   1|   0|    1|          0|
    |cols_reg_282                    |  32|   0|   32|          0|
    |i_i_reg_129                     |  31|   0|   31|          0|
    |i_reg_296                       |  31|   0|   31|          0|
    |j_i_reg_140                     |  31|   0|   31|          0|
    |ret_V_reg_315                   |  29|   0|   29|          0|
    |rows_reg_287                    |  32|   0|   32|          0|
    |start_once_reg                  |   1|   0|    1|          0|
    |tmp_23_i_reg_301                |   1|   0|    1|          0|
    |tmp_23_i_reg_301_pp0_iter1_reg  |   1|   0|    1|          0|
    |tmp_70_reg_310                  |   8|   0|    8|          0|
    +--------------------------------+----+----+-----+-----------+
    |Total                           | 205|   0|  205|          0|
    +--------------------------------+----+----+-----+-----------+



================================================================
== Interface
================================================================
* Summary: 
+-------------------------------+-----+-----+------------+-----------------------+--------------+
|           RTL Ports           | Dir | Bits|  Protocol  |     Source Object     |    C Type    |
+-------------------------------+-----+-----+------------+-----------------------+--------------+
|ap_clk                         |  in |    1| ap_ctrl_hs |        CvtColor       | return value |
|ap_rst                         |  in |    1| ap_ctrl_hs |        CvtColor       | return value |
|ap_start                       |  in |    1| ap_ctrl_hs |        CvtColor       | return value |
|start_full_n                   |  in |    1| ap_ctrl_hs |        CvtColor       | return value |
|ap_done                        | out |    1| ap_ctrl_hs |        CvtColor       | return value |
|ap_continue                    |  in |    1| ap_ctrl_hs |        CvtColor       | return value |
|ap_idle                        | out |    1| ap_ctrl_hs |        CvtColor       | return value |
|ap_ready                       | out |    1| ap_ctrl_hs |        CvtColor       | return value |
|start_out                      | out |    1| ap_ctrl_hs |        CvtColor       | return value |
|start_write                    | out |    1| ap_ctrl_hs |        CvtColor       | return value |
|p_src_rows_V_dout              |  in |   32|   ap_fifo  |      p_src_rows_V     |    pointer   |
|p_src_rows_V_empty_n           |  in |    1|   ap_fifo  |      p_src_rows_V     |    pointer   |
|p_src_rows_V_read              | out |    1|   ap_fifo  |      p_src_rows_V     |    pointer   |
|p_src_cols_V_dout              |  in |   32|   ap_fifo  |      p_src_cols_V     |    pointer   |
|p_src_cols_V_empty_n           |  in |    1|   ap_fifo  |      p_src_cols_V     |    pointer   |
|p_src_cols_V_read              | out |    1|   ap_fifo  |      p_src_cols_V     |    pointer   |
|p_src_data_stream_0_V_dout     |  in |    8|   ap_fifo  | p_src_data_stream_0_V |    pointer   |
|p_src_data_stream_0_V_empty_n  |  in |    1|   ap_fifo  | p_src_data_stream_0_V |    pointer   |
|p_src_data_stream_0_V_read     | out |    1|   ap_fifo  | p_src_data_stream_0_V |    pointer   |
|p_src_data_stream_1_V_dout     |  in |    8|   ap_fifo  | p_src_data_stream_1_V |    pointer   |
|p_src_data_stream_1_V_empty_n  |  in |    1|   ap_fifo  | p_src_data_stream_1_V |    pointer   |
|p_src_data_stream_1_V_read     | out |    1|   ap_fifo  | p_src_data_stream_1_V |    pointer   |
|p_src_data_stream_2_V_dout     |  in |    8|   ap_fifo  | p_src_data_stream_2_V |    pointer   |
|p_src_data_stream_2_V_empty_n  |  in |    1|   ap_fifo  | p_src_data_stream_2_V |    pointer   |
|p_src_data_stream_2_V_read     | out |    1|   ap_fifo  | p_src_data_stream_2_V |    pointer   |
|p_dst_data_stream_V_din        | out |    8|   ap_fifo  |  p_dst_data_stream_V  |    pointer   |
|p_dst_data_stream_V_full_n     |  in |    1|   ap_fifo  |  p_dst_data_stream_V  |    pointer   |
|p_dst_data_stream_V_write      | out |    1|   ap_fifo  |  p_dst_data_stream_V  |    pointer   |
+-------------------------------+-----+-----+------------+-----------------------+--------------+

