

================================================================
== Vivado HLS Report for 'filtrel_kernelXS'
================================================================
* Date:           Sat Jun  4 16:23:47 2022

* Version:        2018.3 (Build 2405991 on Thu Dec 06 23:56:15 MST 2018)
* Project:        Sobel_SkLines
* Solution:       solution1
* Product family: zynquplus
* Target device:  xczu9eg-ffvb1156-2-i


================================================================
== Performance Estimates
================================================================
+ Timing (ns): 
    * Summary: 
    +--------+-------+----------+------------+
    |  Clock | Target| Estimated| Uncertainty|
    +--------+-------+----------+------------+
    |ap_clk  |  10.00|     3.075|        1.25|
    +--------+-------+----------+------------+

+ Latency (clock cycles): 
    * Summary: 
    +-----+-----+-----+-----+---------+
    |  Latency  |  Interval | Pipeline|
    | min | max | min | max |   Type  |
    +-----+-----+-----+-----+---------+
    |    ?|    ?|    ?|    ?|   none  |
    +-----+-----+-----+-----+---------+

    + Detail: 
        * Instance: 
        N/A

        * Loop: 
        +---------------------+-------+-------+----------+-----------+-----------+--------+----------+
        |                     |    Latency    | Iteration|  Initiation Interval  |  Trip  |          |
        |      Loop Name      |  min  |  max  |  Latency |  achieved |   target  |  Count | Pipelined|
        +---------------------+-------+-------+----------+-----------+-----------+--------+----------+
        |- Loop 1             |      ?|      ?|         ?|          -|          -|       6|    no    |
        | + Loop 1.1          |   8160|   8160|       272|          -|          -|      30|    no    |
        |  ++ Loop 1.1.1      |    270|    270|         1|          -|          -|     270|    no    |
        | + Loop 1.2          |      ?|      ?|         ?|          -|          -|       9|    no    |
        |  ++ Loop 1.2.1      |      ?|      ?|  4 ~ 64  |          -|          -|       ?|    no    |
        |   +++ Loop 1.2.1.1  |      2|     61|         2|          -|          -| 1 ~ 30 |    no    |
        | + Loop 1.3          |  16260|  16260|       542|          -|          -|      30|    no    |
        |  ++ Loop 1.3.1      |    540|    540|         2|          -|          -|     270|    no    |
        +---------------------+-------+-------+----------+-----------+-----------+--------+----------+



================================================================
== Utilization Estimates
================================================================
* Summary: 
+-----------------+---------+-------+--------+--------+-----+
|       Name      | BRAM_18K| DSP48E|   FF   |   LUT  | URAM|
+-----------------+---------+-------+--------+--------+-----+
|DSP              |        -|      1|       -|       -|    -|
|Expression       |        -|      -|       0|     471|    -|
|FIFO             |        -|      -|       -|       -|    -|
|Instance         |        -|      -|       -|       -|    -|
|Memory           |        4|      -|       2|       1|    -|
|Multiplexer      |        -|      -|       -|     287|    -|
|Register         |        -|      -|     304|       -|    -|
+-----------------+---------+-------+--------+--------+-----+
|Total            |        4|      1|     306|     759|    0|
+-----------------+---------+-------+--------+--------+-----+
|Available        |     1824|   2520|  548160|  274080|    0|
+-----------------+---------+-------+--------+--------+-----+
|Utilization (%)  |    ~0   |   ~0  |   ~0   |   ~0   |    0|
+-----------------+---------+-------+--------+--------+-----+

+ Detail: 
    * Instance: 
    N/A

    * DSP48: 
    +---------------------------+----------------------+-----------+
    |          Instance         |        Module        | Expression|
    +---------------------------+----------------------+-----------+
    |TOP_fuct_mul_mul_pcA_U116  |TOP_fuct_mul_mul_pcA  |  i0 * i1  |
    +---------------------------+----------------------+-----------+

    * Memory: 
    +--------------+----------------------+---------+---+----+------+-----+------+-------------+
    |    Memory    |        Module        | BRAM_18K| FF| LUT| Words| Bits| Banks| W*Bits*Banks|
    +--------------+----------------------+---------+---+----+------+-----+------+-------------+
    |line_buf1_U   |filtrel_kernelXS_ncg  |        4|  0|   0|  8100|    8|     1|        64800|
    |Line_Flag2_U  |filtrel_kernelXS_ocq  |        0|  2|   1|     9|    1|     1|            9|
    +--------------+----------------------+---------+---+----+------+-----+------+-------------+
    |Total         |                      |        4|  2|   1|  8109|    9|     2|        64809|
    +--------------+----------------------+---------+---+----+------+-----+------+-------------+

    * FIFO: 
    N/A

    * Expression: 
    +---------------------+----------+-------+---+----+------------+------------+
    |    Variable Name    | Operation| DSP48E| FF| LUT| Bitwidth P0| Bitwidth P1|
    +---------------------+----------+-------+---+----+------------+------------+
    |count_1_fu_352_p2    |     +    |      0|  0|  11|           3|           1|
    |i_1_fu_409_p2        |     +    |      0|  0|  12|           4|           1|
    |j_1_fu_468_p2        |     +    |      0|  0|  39|          32|           1|
    |k_1_fu_494_p2        |     +    |      0|  0|  15|           5|           1|
    |next_mul1_fu_573_p2  |     +    |      0|  0|  25|          18|          10|
    |next_mul_fu_358_p2   |     +    |      0|  0|  20|          13|           9|
    |p_sum1_fu_392_p2     |     +    |      0|  0|  20|          13|          13|
    |p_sum_fu_509_p2      |     +    |      0|  0|  21|          14|          14|
    |temp_2_fu_525_p2     |     +    |      0|  0|  39|          32|           1|
    |tmp_12_fu_500_p2     |     +    |      0|  0|  17|          10|          10|
    |xi_1_fu_382_p2       |     +    |      0|  0|  16|           9|           1|
    |xi_2_fu_567_p2       |     +    |      0|  0|  16|           9|           1|
    |yi_1_fu_370_p2       |     +    |      0|  0|  15|           5|           1|
    |yi_2_fu_555_p2       |     +    |      0|  0|  15|           5|           1|
    |tmp_3_fu_444_p2      |     -    |      0|  0|  17|          10|          10|
    |ap_block_state4      |    and   |      0|  0|   2|           1|           1|
    |ap_condition_268     |    and   |      0|  0|   2|           1|           1|
    |or_cond7_fu_462_p2   |    and   |      0|  0|   2|           1|           1|
    |or_cond_fu_544_p2    |    and   |      0|  0|   2|           1|           1|
    |exitcond3_fu_561_p2  |   icmp   |      0|  0|  13|           9|           9|
    |exitcond4_fu_364_p2  |   icmp   |      0|  0|  11|           5|           3|
    |exitcond6_fu_403_p2  |   icmp   |      0|  0|   9|           4|           4|
    |exitcond7_fu_376_p2  |   icmp   |      0|  0|  13|           9|           9|
    |exitcond8_fu_346_p2  |   icmp   |      0|  0|   9|           3|           3|
    |exitcond_fu_549_p2   |   icmp   |      0|  0|  11|           5|           3|
    |tmp_13_fu_519_p2     |   icmp   |      0|  0|  11|           8|           1|
    |tmp_14_fu_532_p2     |   icmp   |      0|  0|  20|          32|           5|
    |tmp_15_fu_538_p2     |   icmp   |      0|  0|  11|           5|           3|
    |tmp_5_fu_450_p2      |   icmp   |      0|  0|  20|          32|           5|
    |tmp_8_fu_488_p2      |   icmp   |      0|  0|  11|           5|           3|
    |tmp_s_fu_478_p2      |   icmp   |      0|  0|  20|          32|           5|
    |ap_block_state1      |    or    |      0|  0|   2|           1|           1|
    |ap_block_state11     |    or    |      0|  0|   2|           1|           1|
    |tmp_6_fu_456_p2      |    xor   |      0|  0|   2|           1|           2|
    +---------------------+----------+-------+---+----+------------+------------+
    |Total                |          |      0|  0| 471|         338|         136|
    +---------------------+----------+-------+---+----+------------+------------+

    * Multiplexer: 
    +------------------------------------+----+-----------+-----+-----------+
    |                Name                | LUT| Input Size| Bits| Total Bits|
    +------------------------------------+----+-----------+-----+-----------+
    |Line_Flag2_address0                 |  21|          4|    4|         16|
    |Line_Flag2_d0                       |  15|          3|    1|          3|
    |ap_NS_fsm                           |  53|         12|    1|         12|
    |ap_done                             |   9|          2|    1|          2|
    |ap_phi_mux_flag_be_phi_fu_304_p4    |   9|          2|    1|          2|
    |ap_phi_mux_temp_1_be_phi_fu_288_p6  |  15|          3|   32|         96|
    |count_reg_170                       |   9|          2|    3|          6|
    |dst_data_stream_V_blk_n             |   9|          2|    1|          2|
    |dst_data_stream_V_din               |  15|          3|    8|         24|
    |flag_reg_238                        |   9|          2|    1|          2|
    |i_reg_215                           |   9|          2|    4|          8|
    |j_reg_249                           |   9|          2|   32|         64|
    |k_reg_272                           |   9|          2|    5|         10|
    |line_buf1_address0                  |  15|          3|   13|         39|
    |phi_mul1_reg_335                    |   9|          2|   18|         36|
    |phi_mul_reg_192                     |   9|          2|   13|         26|
    |src_data_stream_V_blk_n             |   9|          2|    1|          2|
    |temp_1_reg_260                      |   9|          2|   32|         64|
    |temp_reg_226                        |   9|          2|   32|         64|
    |xi2_reg_324                         |   9|          2|    9|         18|
    |xi_reg_204                          |   9|          2|    9|         18|
    |yi1_reg_313                         |   9|          2|    5|         10|
    |yi_reg_181                          |   9|          2|    5|         10|
    +------------------------------------+----+-----------+-----+-----------+
    |Total                               | 287|         62|  231|        534|
    +------------------------------------+----+-----------+-----+-----------+

    * Register: 
    +-------------------------+----+----+-----+-----------+
    |           Name          | FF | LUT| Bits| Const Bits|
    +-------------------------+----+----+-----+-----------+
    |Line_Flag2_addr_reg_637  |   4|   0|    4|          0|
    |ap_CS_fsm                |  11|   0|   11|          0|
    |ap_done_reg              |   1|   0|    1|          0|
    |count_1_reg_603          |   3|   0|    3|          0|
    |count_reg_170            |   3|   0|    3|          0|
    |flag_be_reg_299          |   1|   0|    1|          0|
    |flag_reg_238             |   1|   0|    1|          0|
    |i_1_reg_632              |   4|   0|    4|          0|
    |i_reg_215                |   4|   0|    4|          0|
    |j_1_reg_650              |  32|   0|   32|          0|
    |j_reg_249                |  32|   0|   32|          0|
    |k_1_reg_669              |   5|   0|    5|          0|
    |k_reg_272                |   5|   0|    5|          0|
    |next_mul1_reg_704        |  18|   0|   18|          0|
    |next_mul_reg_608         |  13|   0|   13|          0|
    |phi_mul1_reg_335         |  18|   0|   18|          0|
    |phi_mul_reg_192          |  13|   0|   13|          0|
    |temp_1_reg_260           |  32|   0|   32|          0|
    |temp_reg_226             |  32|   0|   32|          0|
    |tmp_3_reg_642            |   9|   0|   10|          1|
    |tmp_7_reg_655            |  14|   0|   14|          0|
    |tmp_8_reg_665            |   1|   0|    1|          0|
    |tmp_s_reg_660            |   1|   0|    1|          0|
    |xi2_reg_324              |   9|   0|    9|          0|
    |xi_2_reg_699             |   9|   0|    9|          0|
    |xi_reg_204               |   9|   0|    9|          0|
    |yi1_reg_313              |   5|   0|    5|          0|
    |yi_1_reg_616             |   5|   0|    5|          0|
    |yi_2_reg_691             |   5|   0|    5|          0|
    |yi_reg_181               |   5|   0|    5|          0|
    +-------------------------+----+----+-----+-----------+
    |Total                    | 304|   0|  305|          1|
    +-------------------------+----+----+-----+-----------+



================================================================
== Interface
================================================================
* Summary: 
+---------------------------+-----+-----+------------+-------------------+--------------+
|         RTL Ports         | Dir | Bits|  Protocol  |   Source Object   |    C Type    |
+---------------------------+-----+-----+------------+-------------------+--------------+
|ap_clk                     |  in |    1| ap_ctrl_hs |  filtrel_kernelXS | return value |
|ap_rst                     |  in |    1| ap_ctrl_hs |  filtrel_kernelXS | return value |
|ap_start                   |  in |    1| ap_ctrl_hs |  filtrel_kernelXS | return value |
|ap_done                    | out |    1| ap_ctrl_hs |  filtrel_kernelXS | return value |
|ap_continue                |  in |    1| ap_ctrl_hs |  filtrel_kernelXS | return value |
|ap_idle                    | out |    1| ap_ctrl_hs |  filtrel_kernelXS | return value |
|ap_ready                   | out |    1| ap_ctrl_hs |  filtrel_kernelXS | return value |
|src_data_stream_V_dout     |  in |    8|   ap_fifo  | src_data_stream_V |    pointer   |
|src_data_stream_V_empty_n  |  in |    1|   ap_fifo  | src_data_stream_V |    pointer   |
|src_data_stream_V_read     | out |    1|   ap_fifo  | src_data_stream_V |    pointer   |
|dst_data_stream_V_din      | out |    8|   ap_fifo  | dst_data_stream_V |    pointer   |
|dst_data_stream_V_full_n   |  in |    1|   ap_fifo  | dst_data_stream_V |    pointer   |
|dst_data_stream_V_write    | out |    1|   ap_fifo  | dst_data_stream_V |    pointer   |
+---------------------------+-----+-----+------------+-------------------+--------------+

