

================================================================
== Vivado HLS Report for 'ListDelete'
================================================================
* Date:           Sat Jun  4 16:23:48 2022

* Version:        2018.3 (Build 2405991 on Thu Dec 06 23:56:15 MST 2018)
* Project:        Sobel_SkLines
* Solution:       solution1
* Product family: zynquplus
* Target device:  xczu9eg-ffvb1156-2-i


================================================================
== Performance Estimates
================================================================
+ Timing (ns): 
    * Summary: 
    +--------+-------+----------+------------+
    |  Clock | Target| Estimated| Uncertainty|
    +--------+-------+----------+------------+
    |ap_clk  |  10.00|     2.474|        1.25|
    +--------+-------+----------+------------+

+ Latency (clock cycles): 
    * Summary: 
    +-----+-----+-----+-----+---------+
    |  Latency  |  Interval | Pipeline|
    | min | max | min | max |   Type  |
    +-----+-----+-----+-----+---------+
    |    ?|    ?|    ?|    ?|   none  |
    +-----+-----+-----+-----+---------+

    + Detail: 
        * Instance: 
        N/A

        * Loop: 
        +----------+-----+-----+----------+-----------+-----------+------+----------+
        |          |  Latency  | Iteration|  Initiation Interval  | Trip |          |
        | Loop Name| min | max |  Latency |  achieved |   target  | Count| Pipelined|
        +----------+-----+-----+----------+-----------+-----------+------+----------+
        |- Loop 1  |    ?|    ?|         2|          -|          -|     ?|    no    |
        +----------+-----+-----+----------+-----------+-----------+------+----------+



================================================================
== Utilization Estimates
================================================================
* Summary: 
+-----------------+---------+-------+--------+--------+-----+
|       Name      | BRAM_18K| DSP48E|   FF   |   LUT  | URAM|
+-----------------+---------+-------+--------+--------+-----+
|DSP              |        -|      -|       -|       -|    -|
|Expression       |        -|      -|       0|     140|    -|
|FIFO             |        -|      -|       -|       -|    -|
|Instance         |        -|      -|       -|       -|    -|
|Memory           |        -|      -|       -|       -|    -|
|Multiplexer      |        -|      -|       -|      45|    -|
|Register         |        -|      -|      36|       -|    -|
+-----------------+---------+-------+--------+--------+-----+
|Total            |        0|      0|      36|     185|    0|
+-----------------+---------+-------+--------+--------+-----+
|Available        |     1824|   2520|  548160|  274080|    0|
+-----------------+---------+-------+--------+--------+-----+
|Utilization (%)  |        0|      0|   ~0   |   ~0   |    0|
+-----------------+---------+-------+--------+--------+-----+

+ Detail: 
    * Instance: 
    N/A

    * DSP48: 
    N/A

    * Memory: 
    N/A

    * FIFO: 
    N/A

    * Expression: 
    +------------------+----------+-------+---+----+------------+------------+
    |   Variable Name  | Operation| DSP48E| FF| LUT| Bitwidth P0| Bitwidth P1|
    +------------------+----------+-------+---+----+------------+------------+
    |j_7_fu_97_p2      |     +    |      0|  0|  39|          32|           1|
    |tmp_71_fu_86_p2   |     +    |      0|  0|  39|          32|           2|
    |tmp_69_fu_76_p2   |   icmp   |      0|  0|  20|          32|          32|
    |tmp_fu_58_p2      |   icmp   |      0|  0|  20|          32|           1|
    |tmp_s_fu_64_p2    |   icmp   |      0|  0|  20|          32|          32|
    |or_cond_fu_70_p2  |    or    |      0|  0|   2|           1|           1|
    +------------------+----------+-------+---+----+------------+------------+
    |Total             |          |      0|  0| 140|         161|          69|
    +------------------+----------+-------+---+----+------------+------------+

    * Multiplexer: 
    +---------------+----+-----------+-----+-----------+
    |      Name     | LUT| Input Size| Bits| Total Bits|
    +---------------+----+-----------+-----+-----------+
    |Data_address0  |  15|          3|   13|         39|
    |ap_NS_fsm      |  21|          4|    1|          4|
    |j_reg_48       |   9|          2|   32|         64|
    +---------------+----+-----------+-----+-----------+
    |Total          |  45|          9|   46|        107|
    +---------------+----+-----------+-----+-----------+

    * Register: 
    +-----------------+----+----+-----+-----------+
    |       Name      | FF | LUT| Bits| Const Bits|
    +-----------------+----+----+-----+-----------+
    |ap_CS_fsm        |   3|   0|    3|          0|
    |j_reg_48         |  32|   0|   32|          0|
    |or_cond_reg_113  |   1|   0|    1|          0|
    +-----------------+----+----+-----+-----------+
    |Total            |  36|   0|   36|          0|
    +-----------------+----+----+-----+-----------+



================================================================
== Interface
================================================================
* Summary: 
+---------------+-----+-----+------------+--------------+--------------+
|   RTL Ports   | Dir | Bits|  Protocol  | Source Object|    C Type    |
+---------------+-----+-----+------------+--------------+--------------+
|ap_clk         |  in |    1| ap_ctrl_hs |  ListDelete  | return value |
|ap_rst         |  in |    1| ap_ctrl_hs |  ListDelete  | return value |
|ap_start       |  in |    1| ap_ctrl_hs |  ListDelete  | return value |
|ap_done        | out |    1| ap_ctrl_hs |  ListDelete  | return value |
|ap_idle        | out |    1| ap_ctrl_hs |  ListDelete  | return value |
|ap_ready       | out |    1| ap_ctrl_hs |  ListDelete  | return value |
|Data_address0  | out |   13|  ap_memory |     Data     |     array    |
|Data_ce0       | out |    1|  ap_memory |     Data     |     array    |
|Data_we0       | out |    1|  ap_memory |     Data     |     array    |
|Data_d0        | out |   32|  ap_memory |     Data     |     array    |
|Data_q0        |  in |   32|  ap_memory |     Data     |     array    |
|i              |  in |   32|   ap_none  |       i      |    scalar    |
|length_r       |  in |   32|   ap_none  |   length_r   |    scalar    |
+---------------+-----+-----+------------+--------------+--------------+

