

================================================================
== Vivado HLS Report for 'Loop_memset_XsOvImSt'
================================================================
* Date:           Sat Jun  4 16:23:40 2022

* Version:        2018.3 (Build 2405991 on Thu Dec 06 23:56:15 MST 2018)
* Project:        Sobel_SkLines
* Solution:       solution1
* Product family: zynquplus
* Target device:  xczu9eg-ffvb1156-2-i


================================================================
== Performance Estimates
================================================================
+ Timing (ns): 
    * Summary: 
    +--------+-------+----------+------------+
    |  Clock | Target| Estimated| Uncertainty|
    +--------+-------+----------+------------+
    |ap_clk  |  10.00|     0.677|        1.25|
    +--------+-------+----------+------------+

+ Latency (clock cycles): 
    * Summary: 
    +-----+-----+-----+-----+---------+
    |  Latency  |  Interval | Pipeline|
    | min | max | min | max |   Type  |
    +-----+-----+-----+-----+---------+
    |    2|    2|    2|    2|   none  |
    +-----+-----+-----+-----+---------+

    + Detail: 
        * Instance: 
        N/A

        * Loop: 
        +------------------------+-----+-----+----------+-----------+-----------+------+----------+
        |                        |  Latency  | Iteration|  Initiation Interval  | Trip |          |
        |        Loop Name       | min | max |  Latency |  achieved |   target  | Count| Pipelined|
        +------------------------+-----+-----+----------+-----------+-----------+------+----------+
        |- memset_XsOvImStrtLoc  |    1|    1|         1|          -|          -|     2|    no    |
        +------------------------+-----+-----+----------+-----------+-----------+------+----------+



================================================================
== Utilization Estimates
================================================================
* Summary: 
+-----------------+---------+-------+--------+--------+-----+
|       Name      | BRAM_18K| DSP48E|   FF   |   LUT  | URAM|
+-----------------+---------+-------+--------+--------+-----+
|DSP              |        -|      -|       -|       -|    -|
|Expression       |        -|      -|       0|       4|    -|
|FIFO             |        -|      -|       -|       -|    -|
|Instance         |        -|      -|       -|       -|    -|
|Memory           |        -|      -|       -|       -|    -|
|Multiplexer      |        -|      -|       -|      33|    -|
|Register         |        -|      -|       4|       -|    -|
+-----------------+---------+-------+--------+--------+-----+
|Total            |        0|      0|       4|      37|    0|
+-----------------+---------+-------+--------+--------+-----+
|Available        |     1824|   2520|  548160|  274080|    0|
+-----------------+---------+-------+--------+--------+-----+
|Utilization (%)  |        0|      0|   ~0   |   ~0   |    0|
+-----------------+---------+-------+--------+--------+-----+

+ Detail: 
    * Instance: 
    N/A

    * DSP48: 
    N/A

    * Memory: 
    N/A

    * FIFO: 
    N/A

    * Expression: 
    +---------------------+----------+-------+---+----+------------+------------+
    |    Variable Name    | Operation| DSP48E| FF| LUT| Bitwidth P0| Bitwidth P1|
    +---------------------+----------+-------+---+----+------------+------------+
    |ap_block_state1      |    or    |      0|  0|   2|           1|           1|
    |indvarinc1_fu_46_p2  |    xor   |      0|  0|   2|           1|           2|
    +---------------------+----------+-------+---+----+------------+------------+
    |Total                |          |      0|  0|   4|           2|           3|
    +---------------------+----------+-------+---+----+------------+------------+

    * Multiplexer: 
    +----------------+----+-----------+-----+-----------+
    |      Name      | LUT| Input Size| Bits| Total Bits|
    +----------------+----+-----------+-----+-----------+
    |ap_NS_fsm       |  15|          3|    1|          3|
    |ap_done         |   9|          2|    1|          2|
    |invdar1_reg_30  |   9|          2|    1|          2|
    +----------------+----+-----------+-----+-----------+
    |Total           |  33|          7|    3|          7|
    +----------------+----+-----------+-----+-----------+

    * Register: 
    +----------------+---+----+-----+-----------+
    |      Name      | FF| LUT| Bits| Const Bits|
    +----------------+---+----+-----+-----------+
    |ap_CS_fsm       |  2|   0|    2|          0|
    |ap_done_reg     |  1|   0|    1|          0|
    |invdar1_reg_30  |  1|   0|    1|          0|
    +----------------+---+----+-----+-----------+
    |Total           |  4|   0|    4|          0|
    +----------------+---+----+-----+-----------+



================================================================
== Interface
================================================================
* Summary: 
+------------------------+-----+-----+------------+----------------------+--------------+
|        RTL Ports       | Dir | Bits|  Protocol  |     Source Object    |    C Type    |
+------------------------+-----+-----+------------+----------------------+--------------+
|ap_clk                  |  in |    1| ap_ctrl_hs | Loop_memset_XsOvImSt | return value |
|ap_rst                  |  in |    1| ap_ctrl_hs | Loop_memset_XsOvImSt | return value |
|ap_start                |  in |    1| ap_ctrl_hs | Loop_memset_XsOvImSt | return value |
|ap_done                 | out |    1| ap_ctrl_hs | Loop_memset_XsOvImSt | return value |
|ap_continue             |  in |    1| ap_ctrl_hs | Loop_memset_XsOvImSt | return value |
|ap_idle                 | out |    1| ap_ctrl_hs | Loop_memset_XsOvImSt | return value |
|ap_ready                | out |    1| ap_ctrl_hs | Loop_memset_XsOvImSt | return value |
|XsOvImStrtLoc_address0  | out |    1|  ap_memory |     XsOvImStrtLoc    |     array    |
|XsOvImStrtLoc_ce0       | out |    1|  ap_memory |     XsOvImStrtLoc    |     array    |
|XsOvImStrtLoc_we0       | out |    1|  ap_memory |     XsOvImStrtLoc    |     array    |
|XsOvImStrtLoc_d0        | out |    1|  ap_memory |     XsOvImStrtLoc    |     array    |
+------------------------+-----+-----+------------+----------------------+--------------+

