

================================================================
== Vivado HLS Report for 'SeekPoint'
================================================================
* Date:           Sat Jun  4 16:23:49 2022

* Version:        2018.3 (Build 2405991 on Thu Dec 06 23:56:15 MST 2018)
* Project:        Sobel_SkLines
* Solution:       solution1
* Product family: zynquplus
* Target device:  xczu9eg-ffvb1156-2-i


================================================================
== Performance Estimates
================================================================
+ Timing (ns): 
    * Summary: 
    +--------+-------+----------+------------+
    |  Clock | Target| Estimated| Uncertainty|
    +--------+-------+----------+------------+
    |ap_clk  |  10.00|     8.419|        1.25|
    +--------+-------+----------+------------+

+ Latency (clock cycles): 
    * Summary: 
    +-----+-----+-----+-----+---------+
    |  Latency  |  Interval | Pipeline|
    | min | max | min | max |   Type  |
    +-----+-----+-----+-----+---------+
    |    ?|    ?|    ?|    ?|   none  |
    +-----+-----+-----+-----+---------+

    + Detail: 
        * Instance: 
        +-----------------------+------------+-----+-----+-----+-----+---------+
        |                       |            |  Latency  |  Interval | Pipeline|
        |        Instance       |   Module   | min | max | min | max |   Type  |
        +-----------------------+------------+-----+-----+-----+-----+---------+
        |grp_ListInsert_fu_423  |ListInsert  |    ?|    ?|    ?|    ?|   none  |
        |grp_ListInsert_fu_431  |ListInsert  |    ?|    ?|    ?|    ?|   none  |
        |grp_ListDelete_fu_440  |ListDelete  |    ?|    ?|    ?|    ?|   none  |
        |grp_ListDelete_fu_448  |ListDelete  |    ?|    ?|    ?|    ?|   none  |
        +-----------------------+------------+-----+-----+-----+-----+---------+

        * Loop: 
        +-------------+-----+-----+----------+-----------+-----------+------+----------+
        |             |  Latency  | Iteration|  Initiation Interval  | Trip |          |
        |  Loop Name  | min | max |  Latency |  achieved |   target  | Count| Pipelined|
        +-------------+-----+-----+----------+-----------+-----------+------+----------+
        |- Loop 1     |    ?|    ?|         ?|          -|          -|   180|    no    |
        | + Loop 1.1  |    ?|    ?|         ?|          -|          -|   290|    no    |
        |- Loop 2     |    ?|    ?|         ?|          -|          -|  inf |    no    |
        | + Loop 2.1  |    ?|    ?|         ?|          -|          -|     2|    no    |
        | + Loop 2.2  |    ?|    ?|         ?|          -|          -|     ?|    no    |
        +-------------+-----+-----+----------+-----------+-----------+------+----------+



================================================================
== Utilization Estimates
================================================================
* Summary: 
+-----------------+---------+-------+--------+--------+-----+
|       Name      | BRAM_18K| DSP48E|   FF   |   LUT  | URAM|
+-----------------+---------+-------+--------+--------+-----+
|DSP              |        -|      -|       -|       -|    -|
|Expression       |        -|      -|       0|    1162|    -|
|FIFO             |        -|      -|       -|       -|    -|
|Instance         |        -|      5|    1538|    3309|    -|
|Memory           |       23|      -|     128|       2|    -|
|Multiplexer      |        -|      -|       -|     867|    -|
|Register         |        -|      -|    1357|       -|    -|
+-----------------+---------+-------+--------+--------+-----+
|Total            |       23|      5|    3023|    5340|    0|
+-----------------+---------+-------+--------+--------+-----+
|Available        |     1824|   2520|  548160|  274080|    0|
+-----------------+---------+-------+--------+--------+-----+
|Utilization (%)  |        1|   ~0  |   ~0   |       1|    0|
+-----------------+---------+-------+--------+--------+-----+

+ Detail: 
    * Instance: 
    +---------------------------+----------------------+---------+-------+-----+-----+
    |          Instance         |        Module        | BRAM_18K| DSP48E|  FF | LUT |
    +---------------------------+----------------------+---------+-------+-----+-----+
    |grp_ListDelete_fu_440      |ListDelete            |        0|      0|   36|  185|
    |grp_ListDelete_fu_448      |ListDelete            |        0|      0|   36|  185|
    |grp_ListInsert_fu_423      |ListInsert            |        0|      0|   92|  263|
    |grp_ListInsert_fu_431      |ListInsert            |        0|      0|   92|  263|
    |TOP_fuct_faddfsubudo_U133  |TOP_fuct_faddfsubudo  |        0|      2|  227|  214|
    |TOP_fuct_fcmp_32nyd2_U138  |TOP_fuct_fcmp_32nyd2  |        0|      0|   66|   72|
    |TOP_fuct_fdiv_32nwdI_U135  |TOP_fuct_fdiv_32nwdI  |        0|      0|  363|  802|
    |TOP_fuct_fmul_32nvdy_U134  |TOP_fuct_fmul_32nvdy  |        0|      3|  128|  135|
    |TOP_fuct_fsqrt_32zec_U139  |TOP_fuct_fsqrt_32zec  |        0|      0|  242|  508|
    |TOP_fuct_sitofp_3xdS_U136  |TOP_fuct_sitofp_3xdS  |        0|      0|  128|  341|
    |TOP_fuct_sitofp_3xdS_U137  |TOP_fuct_sitofp_3xdS  |        0|      0|  128|  341|
    +---------------------------+----------------------+---------+-------+-----+-----+
    |Total                      |                      |        0|      5| 1538| 3309|
    +---------------------------+----------------------+---------+-------+-----+-----+

    * DSP48: 
    N/A

    * Memory: 
    +----------------+----------------------+---------+----+----+------+-----+------+-------------+
    |     Memory     |        Module        | BRAM_18K| FF | LUT| Words| Bits| Banks| W*Bits*Banks|
    +----------------+----------------------+---------+----+----+------+-----+------+-------------+
    |CalaPoint_0_U   |SeekPoint_CalaPoisc4  |        0|  64|   1|     2|   32|     1|           64|
    |CalaPoint_1_U   |SeekPoint_CalaPoisc4  |        0|  64|   1|     2|   32|     1|           64|
    |SJLB_U          |SeekPoint_SJLB        |        1|   0|   0|   100|   32|     1|         3200|
    |WtPoitRowLoc_U  |SeekPoint_WtPoitRqcK  |       11|   0|   0|  5000|   32|     1|       160000|
    |WtPoitColLoc_U  |SeekPoint_WtPoitRqcK  |       11|   0|   0|  5000|   32|     1|       160000|
    +----------------+----------------------+---------+----+----+------+-----+------+-------------+
    |Total           |                      |       23| 128|   2| 10104|  160|     5|       323328|
    +----------------+----------------------+---------+----+----+------+-----+------+-------------+

    * FIFO: 
    N/A

    * Expression: 
    +----------------------------------+----------+-------+---+-----+------------+------------+
    |           Variable Name          | Operation| DSP48E| FF| LUT | Bitwidth P0| Bitwidth P1|
    +----------------------------------+----------+-------+---+-----+------------+------------+
    |RandSelet_2_fu_655_p2             |     +    |      0|  0|    9|           2|           1|
    |SrcPoitLeh_1_fu_604_p2            |     +    |      0|  0|   39|          32|           1|
    |WtPoitColLoc_lenth_2_fu_637_p2    |     +    |      0|  0|   39|          32|           3|
    |WtPoitColLoc_lenth_3_fu_830_p2    |     +    |      0|  0|   39|           2|          32|
    |WtPoitColLoc_lenth_5_fu_922_p2    |     +    |      0|  0|   39|          32|           2|
    |WtPoitRowLoc_lenth_1_fu_632_p2    |     +    |      0|  0|   39|          32|           3|
    |WtPoitRowLoc_lenth_2_fu_824_p2    |     +    |      0|  0|   39|           2|          32|
    |WtPoitRowLoc_lenth_5_fu_933_p2    |     +    |      0|  0|   39|          32|           2|
    |i_3_fu_549_p2                     |     +    |      0|  0|   15|           8|           1|
    |i_5_fu_939_p2                     |     +    |      0|  0|   39|          32|           2|
    |i_6_fu_958_p2                     |     +    |      0|  0|   39|          32|           1|
    |j_3_fu_575_p2                     |     +    |      0|  0|   16|           9|           1|
    |p_rec_fu_643_p2                   |     +    |      0|  0|   15|           6|           1|
    |sh_assign_fu_718_p2               |     +    |      0|  0|   16|           8|           9|
    |tmp_38_fu_592_p2                  |     +    |      0|  0|   39|          32|           1|
    |tmp_39_fu_598_p2                  |     +    |      0|  0|   39|          32|           1|
    |tmp_51_fu_946_p2                  |     +    |      0|  0|   39|          32|           1|
    |result_V_1_fu_804_p2              |     -    |      0|  0|   39|           1|          32|
    |tmp_25_fu_836_p2                  |     -    |      0|  0|   39|          32|          32|
    |tmp_29_fu_842_p2                  |     -    |      0|  0|   39|          32|          32|
    |tmp_i_i_i_fu_732_p2               |     -    |      0|  0|   15|           7|           8|
    |ap_block_state3                   |    and   |      0|  0|    2|           1|           1|
    |tmp_50_fu_916_p2                  |    and   |      0|  0|    2|           1|           1|
    |exitcond8_fu_569_p2               |   icmp   |      0|  0|   13|           9|           9|
    |exitcond9_fu_543_p2               |   icmp   |      0|  0|   11|           8|           8|
    |exitcond_fu_649_p2                |   icmp   |      0|  0|    9|           2|           3|
    |notlhs_fu_898_p2                  |   icmp   |      0|  0|   11|           8|           2|
    |notrhs_fu_904_p2                  |   icmp   |      0|  0|   20|          23|           1|
    |tmp_24_fu_581_p2                  |   icmp   |      0|  0|   11|           8|           1|
    |tmp_40_fu_848_p2                  |   icmp   |      0|  0|   20|          32|          32|
    |r_V_fu_762_p2                     |   lshr   |      0|  0|   66|          25|          25|
    |ap_block_state1                   |    or    |      0|  0|    2|           1|           1|
    |ap_block_state15_on_subcall_done  |    or    |      0|  0|    2|           1|           1|
    |ap_block_state4_on_subcall_done   |    or    |      0|  0|    2|           1|           1|
    |ap_block_state58_on_subcall_done  |    or    |      0|  0|    2|           1|           1|
    |tmp_48_fu_910_p2                  |    or    |      0|  0|    2|           1|           1|
    |p_Val2_6_fu_796_p3                |  select  |      0|  0|   32|           1|          32|
    |p_Val2_7_fu_810_p3                |  select  |      0|  0|   32|           1|          32|
    |ush_fu_742_p3                     |  select  |      0|  0|    9|           1|           9|
    |r_V_1_fu_768_p2                   |    shl   |      0|  0|  243|          79|          79|
    +----------------------------------+----------+-------+---+-----+------------+------------+
    |Total                             |          |      0|  0| 1162|         633|         438|
    +----------------------------------+----------+-------+---+-----+------------+------------+

    * Multiplexer: 
    +-------------------------------------+-----+-----------+-----+-----------+
    |                 Name                | LUT | Input Size| Bits| Total Bits|
    +-------------------------------------+-----+-----------+-----+-----------+
    |CalaPoint_0_address0                 |   15|          3|    1|          3|
    |CalaPoint_1_address0                 |   15|          3|    1|          3|
    |NumPoint_d0                          |   15|          3|   32|         96|
    |RandSelet_reg_368                    |    9|          2|    2|          4|
    |SrcPoitLeh_fu_130                    |    9|          2|   32|         64|
    |WtPoitColLoc_address0                |   27|          5|   13|         65|
    |WtPoitColLoc_ce0                     |   21|          4|    1|          4|
    |WtPoitColLoc_d0                      |   15|          3|   32|         96|
    |WtPoitColLoc_lenth_1_fu_154          |   15|          3|   32|         96|
    |WtPoitColLoc_lenth_4_reg_348         |    9|          2|   32|         64|
    |WtPoitColLoc_lenth_fu_126            |    9|          2|   32|         64|
    |WtPoitColLoc_we0                     |   15|          3|    1|          3|
    |WtPoitRowLoc_address0                |   27|          5|   13|         65|
    |WtPoitRowLoc_ce0                     |   21|          4|    1|          4|
    |WtPoitRowLoc_d0                      |   15|          3|   32|         96|
    |WtPoitRowLoc_lenth_4_reg_358         |    9|          2|   32|         64|
    |WtPoitRowLoc_lenth_fu_122            |    9|          2|   32|         64|
    |WtPoitRowLoc_we0                     |   15|          3|    1|          3|
    |ap_NS_fsm                            |  253|         59|    1|         59|
    |ap_phi_mux_i2_1_phi_fu_416_p4        |    9|          2|   32|         64|
    |ap_phi_mux_templong_1_phi_fu_405_p4  |    9|          2|   32|         64|
    |grp_ListDelete_fu_440_i              |   15|          3|   32|         96|
    |grp_ListDelete_fu_440_length_r       |   15|          3|   32|         96|
    |grp_ListDelete_fu_448_i              |   15|          3|   32|         96|
    |grp_ListDelete_fu_448_length_r       |   15|          3|   32|         96|
    |grp_fu_458_opcode                    |   15|          3|    2|          6|
    |grp_fu_458_p0                        |   27|          5|   32|        160|
    |grp_fu_458_p1                        |   27|          5|   32|        160|
    |grp_fu_465_p0                        |   21|          4|   32|        128|
    |grp_fu_465_p1                        |   21|          4|   32|        128|
    |grp_fu_469_p0                        |   15|          3|   32|         96|
    |grp_fu_469_p1                        |   15|          3|   32|         96|
    |grp_fu_473_p0                        |   38|          7|   32|        224|
    |i2_1_reg_413                         |    9|          2|   32|         64|
    |i2_reg_389                           |    9|          2|   32|         64|
    |i_reg_314                            |    9|          2|    8|         16|
    |j_reg_325                            |    9|          2|    9|         18|
    |p_02_rec_reg_337                     |    9|          2|    6|         12|
    |src_data_stream_V_blk_n              |    9|          2|    1|          2|
    |templong1_reg_379                    |    9|          2|   32|         64|
    |templong_1_reg_401                   |    9|          2|   32|         64|
    |templong_fu_150                      |   15|          3|   32|         96|
    +-------------------------------------+-----+-----------+-----+-----------+
    |Total                                |  867|        182|  925|       2827|
    +-------------------------------------+-----+-----------+-----+-----------+

    * Register: 
    +------------------------------------+----+----+-----+-----------+
    |                Name                | FF | LUT| Bits| Const Bits|
    +------------------------------------+----+----+-----+-----------+
    |B_addr_reg_1080                     |   6|   0|    6|          0|
    |CalaPoint_0_load_1_reg_1155         |  32|   0|   32|          0|
    |CalaPoint_1_load_1_reg_1165         |  32|   0|   32|          0|
    |K_addr_reg_1075                     |   6|   0|    6|          0|
    |K_load_reg_1193                     |  32|   0|   32|          0|
    |NumPoint_addr_reg_1085              |   6|   0|    6|          0|
    |RandSelet_2_reg_1108                |   2|   0|    2|          0|
    |RandSelet_reg_368                   |   2|   0|    2|          0|
    |SJLB_load_reg_1124                  |  32|   0|   32|          0|
    |SrcPoitLeh_fu_130                   |  32|   0|   32|          0|
    |SrcPoitLeh_load_reg_1056            |  32|   0|   32|          0|
    |WtPoitColLoc_lenth_1_2_reg_1254     |  32|   0|   32|          0|
    |WtPoitColLoc_lenth_1_fu_154         |  32|   0|   32|          0|
    |WtPoitColLoc_lenth_2_reg_1095       |  32|   0|   32|          0|
    |WtPoitColLoc_lenth_3_reg_1150       |  32|   0|   32|          0|
    |WtPoitColLoc_lenth_4_reg_348        |  32|   0|   32|          0|
    |WtPoitColLoc_lenth_fu_126           |  32|   0|   32|          0|
    |WtPoitColLoc_lenth_l_1_reg_1051     |  32|   0|   32|          0|
    |WtPoitColLoc_load_1_reg_1199        |  32|   0|   32|          0|
    |WtPoitRowLoc_lenth_1_reg_1090       |  32|   0|   32|          0|
    |WtPoitRowLoc_lenth_2_reg_1145       |  32|   0|   32|          0|
    |WtPoitRowLoc_lenth_4_reg_358        |  32|   0|   32|          0|
    |WtPoitRowLoc_lenth_fu_122           |  32|   0|   32|          0|
    |WtPoitRowLoc_lenth_l_1_reg_1046     |  32|   0|   32|          0|
    |WtPoitRowLoc_load_1_reg_1204        |  32|   0|   32|          0|
    |ap_CS_fsm                           |  58|   0|   58|          0|
    |ap_done_reg                         |   0|   0|    1|          1|
    |grp_ListDelete_fu_440_ap_start_reg  |   1|   0|    1|          0|
    |grp_ListDelete_fu_448_ap_start_reg  |   1|   0|    1|          0|
    |grp_ListInsert_fu_423_ap_start_reg  |   1|   0|    1|          0|
    |grp_ListInsert_fu_431_ap_start_reg  |   1|   0|    1|          0|
    |i2_1_reg_413                        |  32|   0|   32|          0|
    |i2_reg_389                          |  32|   0|   32|          0|
    |i_3_reg_988                         |   8|   0|    8|          0|
    |i_cast8_cast_reg_993                |   8|   0|    9|          1|
    |i_reg_314                           |   8|   0|    8|          0|
    |j_3_reg_1037                        |   9|   0|    9|          0|
    |j_reg_325                           |   9|   0|    9|          0|
    |p_02_rec_reg_337                    |   6|   0|    6|          0|
    |p_Val2_7_reg_1129                   |  32|   0|   32|          0|
    |p_rec_reg_1100                      |   6|   0|    6|          0|
    |reg_506                             |  32|   0|   32|          0|
    |reg_515                             |  32|   0|   32|          0|
    |reg_521                             |  32|   0|   32|          0|
    |templong1_reg_379                   |  32|   0|   32|          0|
    |templong_1_reg_401                  |  32|   0|   32|          0|
    |templong_2_reg_1062                 |  32|   0|   32|          0|
    |templong_fu_150                     |  32|   0|   32|          0|
    |tmp_19_reg_1229                     |  31|   0|   31|          0|
    |tmp_24_reg_1042                     |   1|   0|    1|          0|
    |tmp_25_reg_1160                     |  32|   0|   32|          0|
    |tmp_29_reg_1170                     |  32|   0|   32|          0|
    |tmp_30_reg_1175                     |  32|   0|   32|          0|
    |tmp_36_reg_1113                     |   2|   0|   64|         62|
    |tmp_43_reg_1209                     |  32|   0|   32|          0|
    |tmp_45_reg_1219                     |  32|   0|   32|          0|
    |tmp_50_reg_1244                     |   1|   0|    1|          0|
    |tmp_i_reg_1234                      |  32|   0|   32|          0|
    |x_assign_reg_1214                   |  32|   0|   32|          0|
    +------------------------------------+----+----+-----+-----------+
    |Total                               |1357|   0| 1421|         64|
    +------------------------------------+----+----+-----+-----------+



================================================================
== Interface
================================================================
* Summary: 
+---------------------------+-----+-----+------------+-------------------+--------------+
|         RTL Ports         | Dir | Bits|  Protocol  |   Source Object   |    C Type    |
+---------------------------+-----+-----+------------+-------------------+--------------+
|ap_clk                     |  in |    1| ap_ctrl_hs |     SeekPoint     | return value |
|ap_rst                     |  in |    1| ap_ctrl_hs |     SeekPoint     | return value |
|ap_start                   |  in |    1| ap_ctrl_hs |     SeekPoint     | return value |
|ap_done                    | out |    1| ap_ctrl_hs |     SeekPoint     | return value |
|ap_continue                |  in |    1| ap_ctrl_hs |     SeekPoint     | return value |
|ap_idle                    | out |    1| ap_ctrl_hs |     SeekPoint     | return value |
|ap_ready                   | out |    1| ap_ctrl_hs |     SeekPoint     | return value |
|src_data_stream_V_dout     |  in |    8|   ap_fifo  | src_data_stream_V |    pointer   |
|src_data_stream_V_empty_n  |  in |    1|   ap_fifo  | src_data_stream_V |    pointer   |
|src_data_stream_V_read     | out |    1|   ap_fifo  | src_data_stream_V |    pointer   |
|K_address0                 | out |    6|  ap_memory |         K         |     array    |
|K_ce0                      | out |    1|  ap_memory |         K         |     array    |
|K_we0                      | out |    1|  ap_memory |         K         |     array    |
|K_d0                       | out |   32|  ap_memory |         K         |     array    |
|K_q0                       |  in |   32|  ap_memory |         K         |     array    |
|B_address0                 | out |    6|  ap_memory |         B         |     array    |
|B_ce0                      | out |    1|  ap_memory |         B         |     array    |
|B_we0                      | out |    1|  ap_memory |         B         |     array    |
|B_d0                       | out |   32|  ap_memory |         B         |     array    |
|B_q0                       |  in |   32|  ap_memory |         B         |     array    |
|NumPoint_address0          | out |    6|  ap_memory |      NumPoint     |     array    |
|NumPoint_ce0               | out |    1|  ap_memory |      NumPoint     |     array    |
|NumPoint_we0               | out |    1|  ap_memory |      NumPoint     |     array    |
|NumPoint_d0                | out |   32|  ap_memory |      NumPoint     |     array    |
|NumPoint_q0                |  in |   32|  ap_memory |      NumPoint     |     array    |
+---------------------------+-----+-----+------------+-------------------+--------------+

