

================================================================
== Vivado HLS Report for 'Sobel'
================================================================
* Date:           Sat Jun  4 16:23:43 2022

* Version:        2018.3 (Build 2405991 on Thu Dec 06 23:56:15 MST 2018)
* Project:        Sobel_SkLines
* Solution:       solution1
* Product family: zynquplus
* Target device:  xczu9eg-ffvb1156-2-i


================================================================
== Performance Estimates
================================================================
+ Timing (ns): 
    * Summary: 
    +--------+-------+----------+------------+
    |  Clock | Target| Estimated| Uncertainty|
    +--------+-------+----------+------------+
    |ap_clk  |  10.00|     7.746|        1.25|
    +--------+-------+----------+------------+

+ Latency (clock cycles): 
    * Summary: 
    +-------+-------+-------+-------+---------+
    |    Latency    |    Interval   | Pipeline|
    |  min  |  max  |  min  |  max  |   Type  |
    +-------+-------+-------+-------+---------+
    |  53874|  53874|  53874|  53874|   none  |
    +-------+-------+-------+-------+---------+

    + Detail: 
        * Instance: 
        +--------------------+----------+-------+-------+-------+-------+---------+
        |                    |          |    Latency    |    Interval   | Pipeline|
        |      Instance      |  Module  |  min  |  max  |  min  |  max  |   Type  |
        +--------------------+----------+-------+-------+-------+-------+---------+
        |grp_Filter2D_fu_30  |Filter2D  |  53873|  53873|  53873|  53873|   none  |
        +--------------------+----------+-------+-------+-------+-------+---------+

        * Loop: 
        N/A



================================================================
== Utilization Estimates
================================================================
* Summary: 
+-----------------+---------+-------+--------+--------+-----+
|       Name      | BRAM_18K| DSP48E|   FF   |   LUT  | URAM|
+-----------------+---------+-------+--------+--------+-----+
|DSP              |        -|      -|       -|       -|    -|
|Expression       |        -|      -|       0|       2|    -|
|FIFO             |        -|      -|       -|       -|    -|
|Instance         |        3|      2|     236|    1071|    -|
|Memory           |        -|      -|       -|       -|    -|
|Multiplexer      |        -|      -|       -|      42|    -|
|Register         |        -|      -|       4|       -|    -|
+-----------------+---------+-------+--------+--------+-----+
|Total            |        3|      2|     240|    1115|    0|
+-----------------+---------+-------+--------+--------+-----+
|Available        |     1824|   2520|  548160|  274080|    0|
+-----------------+---------+-------+--------+--------+-----+
|Utilization (%)  |    ~0   |   ~0  |   ~0   |   ~0   |    0|
+-----------------+---------+-------+--------+--------+-----+

+ Detail: 
    * Instance: 
    +--------------------+----------+---------+-------+-----+------+
    |      Instance      |  Module  | BRAM_18K| DSP48E|  FF |  LUT |
    +--------------------+----------+---------+-------+-----+------+
    |grp_Filter2D_fu_30  |Filter2D  |        3|      2|  236|  1071|
    +--------------------+----------+---------+-------+-----+------+
    |Total               |          |        3|      2|  236|  1071|
    +--------------------+----------+---------+-------+-----+------+

    * DSP48: 
    N/A

    * Memory: 
    N/A

    * FIFO: 
    N/A

    * Expression: 
    +-----------------+----------+-------+---+----+------------+------------+
    |  Variable Name  | Operation| DSP48E| FF| LUT| Bitwidth P0| Bitwidth P1|
    +-----------------+----------+-------+---+----+------------+------------+
    |ap_block_state1  |    or    |      0|  0|   2|           1|           1|
    +-----------------+----------+-------+---+----+------------+------------+
    |Total            |          |      0|  0|   2|           1|           1|
    +-----------------+----------+-------+---+----+------------+------------+

    * Multiplexer: 
    +---------------------------+----+-----------+-----+-----------+
    |            Name           | LUT| Input Size| Bits| Total Bits|
    +---------------------------+----+-----------+-----+-----------+
    |ap_NS_fsm                  |  15|          3|    1|          3|
    |ap_done                    |   9|          2|    1|          2|
    |p_dst_data_stream_V_write  |   9|          2|    1|          2|
    |p_src_data_stream_V_read   |   9|          2|    1|          2|
    +---------------------------+----+-----------+-----+-----------+
    |Total                      |  42|          9|    4|          9|
    +---------------------------+----+-----------+-----+-----------+

    * Register: 
    +---------------------------------+---+----+-----+-----------+
    |               Name              | FF| LUT| Bits| Const Bits|
    +---------------------------------+---+----+-----+-----------+
    |ap_CS_fsm                        |  2|   0|    2|          0|
    |ap_done_reg                      |  1|   0|    1|          0|
    |grp_Filter2D_fu_30_ap_start_reg  |  1|   0|    1|          0|
    +---------------------------------+---+----+-----+-----------+
    |Total                            |  4|   0|    4|          0|
    +---------------------------------+---+----+-----+-----------+



================================================================
== Interface
================================================================
* Summary: 
+-----------------------------+-----+-----+------------+---------------------+--------------+
|          RTL Ports          | Dir | Bits|  Protocol  |    Source Object    |    C Type    |
+-----------------------------+-----+-----+------------+---------------------+--------------+
|ap_clk                       |  in |    1| ap_ctrl_hs |        Sobel        | return value |
|ap_rst                       |  in |    1| ap_ctrl_hs |        Sobel        | return value |
|ap_start                     |  in |    1| ap_ctrl_hs |        Sobel        | return value |
|ap_done                      | out |    1| ap_ctrl_hs |        Sobel        | return value |
|ap_continue                  |  in |    1| ap_ctrl_hs |        Sobel        | return value |
|ap_idle                      | out |    1| ap_ctrl_hs |        Sobel        | return value |
|ap_ready                     | out |    1| ap_ctrl_hs |        Sobel        | return value |
|p_src_data_stream_V_dout     |  in |    8|   ap_fifo  | p_src_data_stream_V |    pointer   |
|p_src_data_stream_V_empty_n  |  in |    1|   ap_fifo  | p_src_data_stream_V |    pointer   |
|p_src_data_stream_V_read     | out |    1|   ap_fifo  | p_src_data_stream_V |    pointer   |
|p_dst_data_stream_V_din      | out |    8|   ap_fifo  | p_dst_data_stream_V |    pointer   |
|p_dst_data_stream_V_full_n   |  in |    1|   ap_fifo  | p_dst_data_stream_V |    pointer   |
|p_dst_data_stream_V_write    | out |    1|   ap_fifo  | p_dst_data_stream_V |    pointer   |
+-----------------------------+-----+-----+------------+---------------------+--------------+

