

================================================================
== Vivado HLS Report for 'TOP_fuct'
================================================================
* Date:           Sat Jun  4 16:23:51 2022

* Version:        2018.3 (Build 2405991 on Thu Dec 06 23:56:15 MST 2018)
* Project:        Sobel_SkLines
* Solution:       solution1
* Product family: zynquplus
* Target device:  xczu9eg-ffvb1156-2-i


================================================================
== Performance Estimates
================================================================
+ Timing (ns): 
    * Summary: 
    +--------+-------+----------+------------+
    |  Clock | Target| Estimated| Uncertainty|
    +--------+-------+----------+------------+
    |ap_clk  |  10.00|     8.419|        1.25|
    +--------+-------+----------+------------+

+ Latency (clock cycles): 
    * Summary: 
    +-----+-----+-----+-----+----------+
    |  Latency  |  Interval | Pipeline |
    | min | max | min | max |   Type   |
    +-----+-----+-----+-----+----------+
    |    ?|    ?|    ?|    ?| dataflow |
    +-----+-----+-----+-----+----------+

    + Detail: 
        * Instance: 
        +-------------------------+----------------------+--------+---------+--------+---------+---------+
        |                         |                      |      Latency     |     Interval     | Pipeline|
        |         Instance        |        Module        |   min  |   max   |   min  |   max   |   Type  |
        +-------------------------+----------------------+--------+---------+--------+---------+---------+
        |SeekPoint_U0             |SeekPoint             |       ?|        ?|       ?|        ?|   none  |
        |Sobel_U0                 |Sobel                 |   53874|    53874|   53874|    53874|   none  |
        |Sobel_1_U0               |Sobel_1               |   53874|    53874|   53874|    53874|   none  |
        |filtrel_kernelXS_U0      |filtrel_kernelXS      |       ?|        ?|       ?|        ?|   none  |
        |filtrel_kernel_U0        |filtrel_kernel        |       ?|        ?|       ?|        ?|   none  |
        |AXIvideo2Mat_U0          |AXIvideo2Mat          |       3|  1028003|       3|  1028003|   none  |
        |CopImage220_U0           |CopImage220           |       ?|        ?|       ?|        ?|   none  |
        |CvtColor_U0              |CvtColor              |       1|  1027201|       1|  1027201|   none  |
        |Threshold222_U0          |Threshold222          |       1|  1026401|       1|  1026401|   none  |
        |Threshold_U0             |Threshold             |       1|  1026401|       1|  1026401|   none  |
        |Duplicate221_U0          |Duplicate221          |       1|  1026401|       1|  1026401|   none  |
        |Duplicate_U0             |Duplicate             |       1|  1026401|       1|  1026401|   none  |
        |Duplicate219_U0          |Duplicate219          |       1|  1026401|       1|  1026401|   none  |
        |OvlayImage223_U0         |OvlayImage223         |  104761|   104761|  104761|   104761|   none  |
        |OvlayImage225_U0         |OvlayImage225         |  104761|   104761|  104761|   104761|   none  |
        |CopImage224_U0           |CopImage224           |   52561|    52561|   52561|    52561|   none  |
        |Block_TOP_fuct_memin_U0  |Block_TOP_fuct_memin  |       0|        0|       0|        0|   none  |
        |Loop_memset_SobOvlyI_U0  |Loop_memset_SobOvlyI  |       2|        2|       2|        2|   none  |
        |Loop_memset_XsOvImSt_U0  |Loop_memset_XsOvImSt  |       2|        2|       2|        2|   none  |
        |TOP_fuct_entry3_U0       |TOP_fuct_entry3       |       0|        0|       0|        0|   none  |
        |TOP_fuct_entry226_U0     |TOP_fuct_entry226     |       0|        0|       0|        0|   none  |
        +-------------------------+----------------------+--------+---------+--------+---------+---------+

        * Loop: 
        N/A



================================================================
== Utilization Estimates
================================================================
* Summary: 
+-----------------+---------+-------+--------+--------+-----+
|       Name      | BRAM_18K| DSP48E|   FF   |   LUT  | URAM|
+-----------------+---------+-------+--------+--------+-----+
|DSP              |        -|      -|       -|       -|    -|
|Expression       |        -|      -|       0|       4|    -|
|FIFO             |        0|      -|     201|    1090|    -|
|Instance         |       35|     14|    6011|   12569|    -|
|Memory           |        3|      -|       4|       2|    -|
|Multiplexer      |        -|      -|       -|       -|    -|
|Register         |        -|      -|       -|       -|    -|
+-----------------+---------+-------+--------+--------+-----+
|Total            |       38|     14|    6216|   13665|    0|
+-----------------+---------+-------+--------+--------+-----+
|Available        |     1824|   2520|  548160|  274080|    0|
+-----------------+---------+-------+--------+--------+-----+
|Utilization (%)  |        2|   ~0  |       1|       4|    0|
+-----------------+---------+-------+--------+--------+-----+

+ Detail: 
    * Instance: 
    +---------------------------+-------------------------+---------+-------+------+------+
    |          Instance         |          Module         | BRAM_18K| DSP48E|  FF  |  LUT |
    +---------------------------+-------------------------+---------+-------+------+------+
    |AXIvideo2Mat_U0            |AXIvideo2Mat             |        0|      0|   447|   574|
    |Block_TOP_fuct_memin_U0    |Block_TOP_fuct_memin     |        0|      0|     3|   164|
    |CopImage220_U0             |CopImage220              |        0|      0|   162|   292|
    |CopImage224_U0             |CopImage224              |        0|      0|    30|   149|
    |CvtColor_U0                |CvtColor                 |        0|      3|   205|   290|
    |Duplicate_U0               |Duplicate                |        0|      0|   169|   251|
    |Duplicate219_U0            |Duplicate219             |        0|      0|   176|   242|
    |Duplicate221_U0            |Duplicate221             |        0|      0|   169|   251|
    |Loop_memset_SobOvlyI_U0    |Loop_memset_SobOvlyI     |        0|      0|     4|    37|
    |Loop_memset_XsOvImSt_U0    |Loop_memset_XsOvImSt     |        0|      0|     4|    37|
    |OvlayImage223_U0           |OvlayImage223            |        0|      0|    40|   237|
    |OvlayImage225_U0           |OvlayImage225            |        0|      0|    40|   237|
    |SeekPoint_U0               |SeekPoint                |       23|      5|  3023|  5340|
    |Sobel_U0                   |Sobel                    |        3|      2|   240|  1115|
    |Sobel_1_U0                 |Sobel_1                  |        3|      2|   240|  1115|
    |TOP_fuct_AXILiteS_s_axi_U  |TOP_fuct_AXILiteS_s_axi  |        0|      0|   106|   168|
    |TOP_fuct_entry226_U0       |TOP_fuct_entry226        |        0|      0|     3|    56|
    |TOP_fuct_entry3_U0         |TOP_fuct_entry3          |        0|      0|     3|    38|
    |Threshold_U0               |Threshold                |        0|      0|   168|   246|
    |Threshold222_U0            |Threshold222             |        0|      0|   169|   255|
    |filtrel_kernel_U0          |filtrel_kernel           |        2|      1|   304|   716|
    |filtrel_kernelXS_U0        |filtrel_kernelXS         |        4|      1|   306|   759|
    +---------------------------+-------------------------+---------+-------+------+------+
    |Total                      |                         |       35|     14|  6011| 12569|
    +---------------------------+-------------------------+---------+-------+------+------+

    * DSP48: 
    N/A

    * Memory: 
    +-------------------+----------------------+---------+---+----+------+-----+------+-------------+
    |       Memory      |        Module        | BRAM_18K| FF| LUT| Words| Bits| Banks| W*Bits*Banks|
    +-------------------+----------------------+---------+---+----+------+-----+------+-------------+
    |K_U                |TOP_fuct_K            |        1|  0|   0|    50|   32|     1|         1600|
    |B_U                |TOP_fuct_K            |        1|  0|   0|    50|   32|     1|         1600|
    |NumPoint_U         |TOP_fuct_K            |        1|  0|   0|    50|   32|     1|         1600|
    |SobOvlyIma_Strt_U  |TOP_fuct_SobOvlyIAem  |        0|  2|   1|     2|    1|     2|            4|
    |XsOvImStrtLoc_U    |TOP_fuct_SobOvlyIAem  |        0|  2|   1|     2|    1|     2|            4|
    +-------------------+----------------------+---------+---+----+------+-----+------+-------------+
    |Total              |                      |        3|  4|   2|   154|   98|     7|         4808|
    +-------------------+----------------------+---------+---+----+------+-----+------+-------------+

    * FIFO: 
    +--------------------------+---------+---+----+------+-----+---------+
    |           Name           | BRAM_18K| FF| LUT| Depth| Bits| Size:D*B|
    +--------------------------+---------+---+----+------+-----+---------+
    |ImgGry_Copfilt_data_s_U   |        0|  5|  20|     2|    8|       16|
    |ImgGry_DatCopXs_data_U    |        0|  5|  20|     2|    8|       16|
    |ImgGry_Datcop_a_data_U    |        0|  5|  20|     2|    8|       16|
    |ImgGry_Datcop_b_data_U    |        0|  5|  20|     2|    8|       16|
    |ImgGry_Datcop_cols_V_U    |        0|  5|  23|     6|   10|       60|
    |ImgGry_Datcop_data_s_U    |        0|  5|  20|     2|    8|       16|
    |ImgGry_Datcop_rows_V_U    |        0|  5|  22|     6|    9|       54|
    |ImgGry_Datsrc_a_data_U    |        0|  5|  20|     2|    8|       16|
    |ImgGry_Datsrc_cols_V_U    |        0|  5|  44|     4|   32|      128|
    |ImgGry_Datsrc_data_s_U    |        0|  5|  20|     2|    8|       16|
    |ImgGry_Datsrc_rows_V_U    |        0|  5|  44|     4|   32|      128|
    |ImgGry_Ovlaycz_a_dat_U    |        0|  5|  20|     2|    8|       16|
    |ImgGry_Ovlaycz_b_dat_U    |        0|  5|  20|     2|    8|       16|
    |ImgGry_Ovlaycz_cols_s_U   |        0|  6|  24|    11|   10|      110|
    |ImgGry_Ovlaycz_data_s_U   |        0|  5|  20|     2|    8|       16|
    |ImgGry_Ovlaycz_rows_s_U   |        0|  6|  23|    11|    9|       99|
    |ImgGry_OvlyFiltcz_da_U    |        0|  5|  20|     2|    8|       16|
    |ImgGry_OvlySumcz_dat_U    |        0|  5|  20|     2|    8|       16|
    |ImgGry_Sobcop_cz_dat_U    |        0|  5|  20|     2|    8|       16|
    |ImgGry_Sobcop_sp_dat_U    |        0|  5|  20|     2|    8|       16|
    |ImgGry_Threh_cz_cols_U    |        0|  6|  23|     8|   10|       80|
    |ImgGry_Threh_cz_data_U    |        0|  5|  20|     2|    8|       16|
    |ImgGry_Threh_cz_rows_U    |        0|  6|  22|     8|    9|       72|
    |ImgGry_Threh_sp_cols_U    |        0|  6|  23|     8|   10|       80|
    |ImgGry_Threh_sp_data_U    |        0|  5|  20|     2|    8|       16|
    |ImgGry_Threh_sp_rows_U    |        0|  6|  22|     8|    9|       72|
    |ImgRgb_Datsrc_cols_V_1_U  |        0|  5|  44|     2|   32|       64|
    |ImgRgb_Datsrc_cols_V_U    |        0|  5|  44|     2|   32|       64|
    |ImgRgb_Datsrc_data_s_1_U  |        0|  5|  20|     2|    8|       16|
    |ImgRgb_Datsrc_data_s_2_U  |        0|  5|  20|     2|    8|       16|
    |ImgRgb_Datsrc_data_s_U    |        0|  5|  20|     2|    8|       16|
    |ImgRgb_Datsrc_rows_V_1_U  |        0|  5|  44|     2|   32|       64|
    |ImgRgb_Datsrc_rows_V_U    |        0|  5|  44|     2|   32|       64|
    |cols_c2_U                 |        0|  5|  44|     2|   32|       64|
    |cols_c82_U                |        0|  5|  44|     5|   32|      160|
    |cols_c_U                  |        0|  5|  44|     2|   32|       64|
    |rows_c1_U                 |        0|  5|  44|     2|   32|       64|
    |rows_c81_U                |        0|  5|  44|     5|   32|      160|
    |rows_c_U                  |        0|  5|  44|     2|   32|       64|
    +--------------------------+---------+---+----+------+-----+---------+
    |Total                     |        0|201|1090|   138|  612|     2019|
    +--------------------------+---------+---+----+------+-----+---------+

    * Expression: 
    +--------------------------------------+----------+-------+---+----+------------+------------+
    |             Variable Name            | Operation| DSP48E| FF| LUT| Bitwidth P0| Bitwidth P1|
    +--------------------------------------+----------+-------+---+----+------------+------------+
    |Block_TOP_fuct_memin_U0_start_full_n  |    and   |      0|  0|   2|           1|           1|
    |Duplicate221_U0_start_full_n          |    and   |      0|  0|   2|           1|           1|
    +--------------------------------------+----------+-------+---+----+------------+------------+
    |Total                                 |          |      0|  0|   4|           2|           2|
    +--------------------------------------+----------+-------+---+----+------------+------------+

    * Multiplexer: 
    N/A

    * Register: 
    N/A



================================================================
== Interface
================================================================
* Summary: 
+------------------------+-----+-----+--------------+------------------------+--------------+
|        RTL Ports       | Dir | Bits|   Protocol   |      Source Object     |    C Type    |
+------------------------+-----+-----+--------------+------------------------+--------------+
|s_axi_AXILiteS_AWVALID  |  in |    1|     s_axi    |        AXILiteS        |    scalar    |
|s_axi_AXILiteS_AWREADY  | out |    1|     s_axi    |        AXILiteS        |    scalar    |
|s_axi_AXILiteS_AWADDR   |  in |    5|     s_axi    |        AXILiteS        |    scalar    |
|s_axi_AXILiteS_WVALID   |  in |    1|     s_axi    |        AXILiteS        |    scalar    |
|s_axi_AXILiteS_WREADY   | out |    1|     s_axi    |        AXILiteS        |    scalar    |
|s_axi_AXILiteS_WDATA    |  in |   32|     s_axi    |        AXILiteS        |    scalar    |
|s_axi_AXILiteS_WSTRB    |  in |    4|     s_axi    |        AXILiteS        |    scalar    |
|s_axi_AXILiteS_ARVALID  |  in |    1|     s_axi    |        AXILiteS        |    scalar    |
|s_axi_AXILiteS_ARREADY  | out |    1|     s_axi    |        AXILiteS        |    scalar    |
|s_axi_AXILiteS_ARADDR   |  in |    5|     s_axi    |        AXILiteS        |    scalar    |
|s_axi_AXILiteS_RVALID   | out |    1|     s_axi    |        AXILiteS        |    scalar    |
|s_axi_AXILiteS_RREADY   |  in |    1|     s_axi    |        AXILiteS        |    scalar    |
|s_axi_AXILiteS_RDATA    | out |   32|     s_axi    |        AXILiteS        |    scalar    |
|s_axi_AXILiteS_RRESP    | out |    2|     s_axi    |        AXILiteS        |    scalar    |
|s_axi_AXILiteS_BVALID   | out |    1|     s_axi    |        AXILiteS        |    scalar    |
|s_axi_AXILiteS_BREADY   |  in |    1|     s_axi    |        AXILiteS        |    scalar    |
|s_axi_AXILiteS_BRESP    | out |    2|     s_axi    |        AXILiteS        |    scalar    |
|ap_clk                  |  in |    1| ap_ctrl_none |        TOP_fuct        | return value |
|ap_rst_n                |  in |    1| ap_ctrl_none |        TOP_fuct        | return value |
|INPUT_STREAM_TDATA      |  in |   32|     axis     |  INPUT_STREAM_V_data_V |    pointer   |
|INPUT_STREAM_TKEEP      |  in |    4|     axis     |  INPUT_STREAM_V_keep_V |    pointer   |
|INPUT_STREAM_TSTRB      |  in |    4|     axis     |  INPUT_STREAM_V_strb_V |    pointer   |
|INPUT_STREAM_TUSER      |  in |    1|     axis     |  INPUT_STREAM_V_user_V |    pointer   |
|INPUT_STREAM_TLAST      |  in |    1|     axis     |  INPUT_STREAM_V_last_V |    pointer   |
|INPUT_STREAM_TID        |  in |    1|     axis     |   INPUT_STREAM_V_id_V  |    pointer   |
|INPUT_STREAM_TDEST      |  in |    1|     axis     |  INPUT_STREAM_V_dest_V |    pointer   |
|INPUT_STREAM_TVALID     |  in |    1|     axis     |  INPUT_STREAM_V_dest_V |    pointer   |
|INPUT_STREAM_TREADY     | out |    1|     axis     |  INPUT_STREAM_V_dest_V |    pointer   |
|OUTPUT_STREAM_TDATA     |  in |   32|     axis     | OUTPUT_STREAM_V_data_V |    pointer   |
|OUTPUT_STREAM_TKEEP     |  in |    4|     axis     | OUTPUT_STREAM_V_keep_V |    pointer   |
|OUTPUT_STREAM_TSTRB     |  in |    4|     axis     | OUTPUT_STREAM_V_strb_V |    pointer   |
|OUTPUT_STREAM_TUSER     |  in |    1|     axis     | OUTPUT_STREAM_V_user_V |    pointer   |
|OUTPUT_STREAM_TLAST     |  in |    1|     axis     | OUTPUT_STREAM_V_last_V |    pointer   |
|OUTPUT_STREAM_TID       |  in |    1|     axis     |  OUTPUT_STREAM_V_id_V  |    pointer   |
|OUTPUT_STREAM_TDEST     |  in |    1|     axis     | OUTPUT_STREAM_V_dest_V |    pointer   |
+------------------------+-----+-----+--------------+------------------------+--------------+

